Log file open, 07/27/22 19:31:12
LogWindows: Failed to load 'aqProf.dll' (GetLastError=126)
LogWindows: File 'aqProf.dll' does not exist
LogWindows: Failed to load 'VtuneApi.dll' (GetLastError=126)
LogWindows: File 'VtuneApi.dll' does not exist
LogWindows: Failed to load 'VtuneApi32e.dll' (GetLastError=126)
LogWindows: File 'VtuneApi32e.dll' does not exist
LogConsoleResponse: Display: Failed to find resolution value strings in scalability ini. Falling back to default.
LogConsoleResponse: Display: Failed to find resolution value strings in scalability ini. Falling back to default.
LogInit: Display: Running engine for game: DisOrder
LogPlatformFile: Not using cached read wrapper
LogTaskGraph: Started task graph with 5 named threads and 20 total threads with 3 sets of task threads.
LogStats: Stats thread started at 0.341345
LogICUInternationalization: ICU TimeZone Detection - Raw Offset: +10:00, Platform Override: ''
LogInit: Display: Loading text-based GConfig....
LogPluginManager: Mounting plugin FMODStudio
LogPluginManager: Mounting plugin MeshPainting
LogPluginManager: Mounting plugin XGEController
LogPluginManager: Mounting plugin Paper2D
LogPluginManager: Mounting plugin AISupport
LogPluginManager: Mounting plugin LightPropagationVolume
LogPluginManager: Mounting plugin EnvironmentQueryEditor
LogPluginManager: Mounting plugin LiveLink
LogPluginManager: Mounting plugin CameraShakePreviewer
LogPluginManager: Mounting plugin GameplayCameras
LogPluginManager: Mounting plugin OodleNetwork
LogPluginManager: Mounting plugin AnimationSharing
LogPluginManager: Mounting plugin OodleData
LogPluginManager: Mounting plugin CLionSourceCodeAccess
LogPluginManager: Mounting plugin CodeLiteSourceCodeAccess
LogPluginManager: Mounting plugin GitSourceControl
LogPluginManager: Mounting plugin KDevelopSourceCodeAccess
LogPluginManager: Mounting plugin NullSourceCodeAccess
LogPluginManager: Mounting plugin PerforceSourceControl
LogPluginManager: Mounting plugin PixWinPlugin
LogPluginManager: Mounting plugin PlasticSourceControl
LogPluginManager: Mounting plugin PropertyAccessNode
LogPluginManager: Mounting plugin PluginUtils
LogPluginManager: Mounting plugin RiderSourceCodeAccess
LogPluginManager: Mounting plugin SubversionSourceControl
LogPluginManager: Mounting plugin TextureFormatOodle
LogPluginManager: Mounting plugin UObjectPlugin
LogPluginManager: Mounting plugin VisualStudioSourceCodeAccess
LogPluginManager: Mounting plugin XCodeSourceCodeAccess
LogPluginManager: Mounting plugin AssetManagerEditor
LogPluginManager: Mounting plugin CryptoKeys
LogPluginManager: Mounting plugin CurveEditorTools
LogPluginManager: Mounting plugin VisualStudioCodeSourceCodeAccess
LogPluginManager: Mounting plugin DataValidation
LogPluginManager: Mounting plugin FacialAnimation
LogPluginManager: Mounting plugin GeometryMode
LogPluginManager: Mounting plugin MacGraphicsSwitching
LogPluginManager: Mounting plugin MaterialAnalyzer
LogPluginManager: Mounting plugin MobileLauncherProfileWizard
LogPluginManager: Mounting plugin GameplayTagsEditor
LogPluginManager: Mounting plugin PluginBrowser
LogPluginManager: Mounting plugin SpeedTreeImporter
LogPluginManager: Mounting plugin DatasmithContent
LogPluginManager: Mounting plugin VariantManagerContent
LogPluginManager: Mounting plugin AlembicImporter
LogPluginManager: Mounting plugin BackChannel
LogPluginManager: Mounting plugin AutomationUtils
LogPluginManager: Mounting plugin ChaosCloth
LogPluginManager: Mounting plugin ChaosClothEditor
LogPluginManager: Mounting plugin ChaosEditor
LogPluginManager: Mounting plugin ChaosNiagara
LogPluginManager: Mounting plugin ChaosSolverPlugin
LogPluginManager: Mounting plugin CharacterAI
LogPluginManager: Mounting plugin GeometryCollectionPlugin
LogPluginManager: Mounting plugin GeometryCache
LogPluginManager: Mounting plugin GeometryProcessing
LogPluginManager: Mounting plugin MotoSynth
LogPluginManager: Mounting plugin OpenImageDenoise
LogPluginManager: Mounting plugin PlanarCut
LogPluginManager: Mounting plugin PlatformCrypto
LogPluginManager: Mounting plugin ProxyLODPlugin
LogPluginManager: Mounting plugin PythonScriptPlugin
LogPluginManager: Mounting plugin SkeletalReduction
LogPluginManager: Mounting plugin Niagara
LogPluginManager: Mounting plugin LuminPlatformFeatures
LogPluginManager: Mounting plugin MagicLeap
LogPluginManager: Mounting plugin MagicLeapMedia
LogPluginManager: Mounting plugin MagicLeapLightEstimation
LogPluginManager: Mounting plugin MagicLeapPassableWorld
LogPluginManager: Mounting plugin MLSDK
LogPluginManager: Mounting plugin AndroidMedia
LogPluginManager: Mounting plugin AvfMedia
LogPluginManager: Mounting plugin ImgMedia
LogPluginManager: Mounting plugin MediaPlayerEditor
LogPluginManager: Mounting plugin MediaCompositing
LogPluginManager: Mounting plugin WebMMedia
LogPluginManager: Mounting plugin TcpMessaging
LogPluginManager: Mounting plugin UdpMessaging
LogPluginManager: Mounting plugin WmfMedia
LogPluginManager: Mounting plugin ActorSequence
LogPluginManager: Mounting plugin LevelSequenceEditor
LogPluginManager: Mounting plugin MatineeToLevelSequence
LogPluginManager: Mounting plugin TemplateSequence
LogPluginManager: Mounting plugin OnlineSubsystem
LogPluginManager: Mounting plugin OnlineSubsystemNull
LogPluginManager: Mounting plugin OnlineSubsystemUtils
LogPluginManager: Mounting plugin LauncherChunkInstaller
LogPluginManager: Mounting plugin ScreenshotTools
LogPluginManager: Mounting plugin Takes
LogPluginManager: Mounting plugin AndroidDeviceProfileSelector
LogPluginManager: Mounting plugin AndroidMoviePlayer
LogPluginManager: Mounting plugin ActorLayerUtilities
LogPluginManager: Mounting plugin AndroidPermission
LogPluginManager: Mounting plugin AppleImageUtils
LogPluginManager: Mounting plugin AppleMoviePlayer
LogPluginManager: Mounting plugin ArchVisCharacter
LogPluginManager: Mounting plugin AssetTags
LogPluginManager: Mounting plugin AudioCapture
LogPluginManager: Mounting plugin AudioSynesthesia
LogPluginManager: Mounting plugin CableComponent
LogPluginManager: Mounting plugin ChunkDownloader
LogPluginManager: Mounting plugin CustomMeshComponent
LogPluginManager: Mounting plugin EditableMesh
LogPluginManager: Mounting plugin ExampleDeviceProfileSelector
LogPluginManager: Mounting plugin GooglePAD
LogPluginManager: Mounting plugin GoogleCloudMessaging
LogPluginManager: Mounting plugin IOSDeviceProfileSelector
LogPluginManager: Mounting plugin LinuxDeviceProfileSelector
LogPluginManager: Mounting plugin LocationServicesBPLibrary
LogPluginManager: Mounting plugin MobilePatchingUtils
LogPluginManager: Mounting plugin OpenXR
LogPluginManager: Mounting plugin OpenXREyeTracker
LogPluginManager: Mounting plugin OpenXRHandTracking
LogPluginManager: Mounting plugin PhysXVehicles
LogPluginManager: Mounting plugin PostSplashScreen
LogPluginManager: Mounting plugin ProceduralMeshComponent
LogPluginManager: Mounting plugin PropertyAccessEditor
LogPluginManager: Mounting plugin RuntimePhysXCooking
LogPluginManager: Mounting plugin SignificanceManager
LogPluginManager: Mounting plugin SoundFields
LogPluginManager: Mounting plugin Synthesis
LogPluginManager: Mounting plugin WebMMoviePlayer
LogPluginManager: Mounting plugin WindowsMoviePlayer
LogPluginManager: Mounting plugin ContentBrowserClassDataSource
LogPluginManager: Mounting plugin ContentBrowserFileDataSource
LogPluginManager: Mounting plugin ContentBrowserAssetDataSource
LogPluginManager: Mounting plugin OnlineSubsystemGooglePlay
LogPluginManager: Mounting plugin OnlineSubsystemIOS
LogPluginManager: Mounting plugin OculusVR
LogPluginManager: Mounting plugin SteamVR
PixWinPlugin: PIX capture plugin failed to initialize! Check that the process is launched from PIX.
LogInit: Using libcurl 7.55.1-DEV
LogInit:  - built for x86_64-pc-win32
LogInit:  - supports SSL with OpenSSL/1.1.1
LogInit:  - supports HTTP deflate (compression) using libz 1.2.8
LogInit:  - other features:
LogInit:      CURL_VERSION_SSL
LogInit:      CURL_VERSION_LIBZ
LogInit:      CURL_VERSION_IPV6
LogInit:      CURL_VERSION_ASYNCHDNS
LogInit:      CURL_VERSION_LARGEFILE
LogInit:      CURL_VERSION_IDN
LogInit:  CurlRequestOptions (configurable via config and command line):
LogInit:  - bVerifyPeer = true  - Libcurl will verify peer certificate
LogInit:  - bUseHttpProxy = false  - Libcurl will NOT use HTTP proxy
LogInit:  - bDontReuseConnections = false  - Libcurl will reuse connections
LogInit:  - MaxHostConnections = 16  - Libcurl will limit the number of connections to a host
LogInit:  - LocalHostAddr = Default
LogInit:  - BufferSize = 65536
LogOnline: OSS: Creating online subsystem instance for: NULL
LogInit: WinSock: version 1.1 (2.2), MaxSocks=32767, MaxUdp=65467
LogOnline: OSS: TryLoadSubsystemAndSetDefault: Loaded subsystem for module [NULL]
LogOculusPluginWrapper: OculusPlugin initialized successfully
LogHMD: Failed initializing OVRPlugin 1.59.0
LogInit: Build: ++UE4+Release-4.27-CL-18319896
LogInit: Engine Version: 4.27.2-18319896+++UE4+Release-4.27
LogInit: Compatible Engine Version: 4.27.0-17155196+++UE4+Release-4.27
LogInit: Net CL: 17155196
LogInit: OS: Windows 10 (Release 2009) (), CPU: Intel(R) Core(TM) i5-9500 CPU @ 3.00GHz, GPU: NVIDIA GeForce RTX 2070 SUPER
LogInit: Compiled (64-bit): Nov 30 2021 07:12:08
LogInit: Compiled with Visual C++: 19.24.28315.00
LogInit: Build Configuration: Development
LogInit: Branch Name: ++UE4+Release-4.27
LogInit: Command Line: 
LogInit: Base Directory: E:/Epic Games/UE_4.27/Engine/Binaries/Win64/
LogInit: Allocator: TBB
LogInit: Installed Engine Build: 1
LogDevObjectVersion: Number of dev versions registered: 29
LogDevObjectVersion:   Dev-Blueprints (B0D832E4-1F89-4F0D-ACCF-7EB736FD4AA2): 10
LogDevObjectVersion:   Dev-Build (E1C64328-A22C-4D53-A36C-8E866417BD8C): 0
LogDevObjectVersion:   Dev-Core (375EC13C-06E4-48FB-B500-84F0262A717E): 4
LogDevObjectVersion:   Dev-Editor (E4B068ED-F494-42E9-A231-DA0B2E46BB41): 40
LogDevObjectVersion:   Dev-Framework (CFFC743F-43B0-4480-9391-14DF171D2073): 37
LogDevObjectVersion:   Dev-Mobile (B02B49B5-BB20-44E9-A304-32B752E40360): 3
LogDevObjectVersion:   Dev-Networking (A4E4105C-59A1-49B5-A7C5-40C4547EDFEE): 0
LogDevObjectVersion:   Dev-Online (39C831C9-5AE6-47DC-9A44-9C173E1C8E7C): 0
LogDevObjectVersion:   Dev-Physics (78F01B33-EBEA-4F98-B9B4-84EACCB95AA2): 14
LogDevObjectVersion:   Dev-Platform (6631380F-2D4D-43E0-8009-CF276956A95A): 0
LogDevObjectVersion:   Dev-Rendering (12F88B9F-8875-4AFC-A67C-D90C383ABD29): 45
LogDevObjectVersion:   Dev-Sequencer (7B5AE74C-D270-4C10-A958-57980B212A5A): 13
LogDevObjectVersion:   Dev-VR (D7296918-1DD6-4BDD-9DE2-64A83CC13884): 3
LogDevObjectVersion:   Dev-LoadTimes (C2A15278-BFE7-4AFE-6C17-90FF531DF755): 1
LogDevObjectVersion:   Private-Geometry (6EACA3D4-40EC-4CC1-B786-8BED09428FC5): 3
LogDevObjectVersion:   Dev-AnimPhys (29E575DD-E0A3-4627-9D10-D276232CDCEA): 17
LogDevObjectVersion:   Dev-Anim (AF43A65D-7FD3-4947-9873-3E8ED9C1BB05): 15
LogDevObjectVersion:   Dev-ReflectionCapture (6B266CEC-1EC7-4B8F-A30B-E4D90942FC07): 1
LogDevObjectVersion:   Dev-Automation (0DF73D61-A23F-47EA-B727-89E90C41499A): 1
LogDevObjectVersion:   FortniteMain (601D1886-AC64-4F84-AA16-D3DE0DEAC7D6): 47
LogDevObjectVersion:   FortniteRelease (E7086368-6B23-4C58-8439-1B7016265E91): 1
LogDevObjectVersion:   Dev-Enterprise (9DFFBCD6-494F-0158-E221-12823C92A888): 10
LogDevObjectVersion:   Dev-Niagara (F2AED0AC-9AFE-416F-8664-AA7FFA26D6FC): 1
LogDevObjectVersion:   Dev-Destruction (174F1F0B-B4C6-45A5-B13F-2EE8D0FB917D): 10
LogDevObjectVersion:   Dev-Physics-Ext (35F94A83-E258-406C-A318-09F59610247C): 41
LogDevObjectVersion:   Dev-PhysicsMaterial-Chaos (B68FC16E-8B1B-42E2-B453-215C058844FE): 1
LogDevObjectVersion:   Dev-CineCamera (B2E18506-4273-CFC2-A54E-F4BB758BBA07): 1
LogDevObjectVersion:   Dev-VirtualProduction (64F58936-FD1B-42BA-BA96-7289D5D0FA4E): 1
LogDevObjectVersion:   Dev-MediaFramework (6F0ED827-A609-4895-9C91-998D90180EA4): 2
LogInit: Presizing for max 25165824 objects, including 0 objects not considered by GC, pre-allocating 0 bytes for permanent pool.
LogConfig: Applying CVar settings from Section [/Script/Engine.StreamingSettings] File [E:/Unreal Projects/Project--Dis-Order/DisOrder 4.27 - 3/Saved/Config/Windows/Engine.ini]
LogConfig: Setting CVar [[s.MinBulkDataSizeForAsyncLoading:131072]]
LogConfig: Setting CVar [[s.AsyncLoadingThreadEnabled:0]]
LogConfig: Setting CVar [[s.EventDrivenLoaderEnabled:1]]
LogConfig: Setting CVar [[s.WarnIfTimeLimitExceeded:0]]
LogConfig: Setting CVar [[s.TimeLimitExceededMultiplier:1.5]]
LogConfig: Setting CVar [[s.TimeLimitExceededMinTime:0.005]]
LogConfig: Setting CVar [[s.UseBackgroundLevelStreaming:1]]
LogConfig: Setting CVar [[s.PriorityAsyncLoadingExtraTime:15.0]]
LogConfig: Setting CVar [[s.LevelStreamingActorsUpdateTimeLimit:5.0]]
LogConfig: Setting CVar [[s.PriorityLevelStreamingActorsUpdateExtraTime:5.0]]
LogConfig: Setting CVar [[s.LevelStreamingComponentsRegistrationGranularity:10]]
LogConfig: Setting CVar [[s.UnregisterComponentsTimeLimit:1.0]]
LogConfig: Setting CVar [[s.LevelStreamingComponentsUnregistrationGranularity:5]]
LogConfig: Setting CVar [[s.FlushStreamingOnExit:1]]
LogInit: Object subsystem initialized
LogConfig: Setting CVar [[con.DebugEarlyDefault:1]]
LogConfig: Setting CVar [[r.setres:1280x720]]
[2022.07.27-09.31.13:388][  0]LogConfig: Setting CVar [[r.VSync:0]]
[2022.07.27-09.31.13:389][  0]LogConfig: Setting CVar [[r.RHICmdBypass:0]]
[2022.07.27-09.31.13:389][  0]LogConfig: Applying CVar settings from Section [/Script/Engine.RendererSettings] File [E:/Unreal Projects/Project--Dis-Order/DisOrder 4.27 - 3/Saved/Config/Windows/Engine.ini]
[2022.07.27-09.31.13:389][  0]LogConfig: Setting CVar [[r.GPUCrashDebugging:0]]
[2022.07.27-09.31.13:389][  0]LogConfig: Setting CVar [[r.DefaultFeature.AutoExposure:0]]
[2022.07.27-09.31.13:389][  0]LogConfig: Applying CVar settings from Section [/Script/Engine.RendererOverrideSettings] File [E:/Unreal Projects/Project--Dis-Order/DisOrder 4.27 - 3/Saved/Config/Windows/Engine.ini]
[2022.07.27-09.31.13:389][  0]LogConfig: Applying CVar settings from Section [/Script/Engine.StreamingSettings] File [E:/Unreal Projects/Project--Dis-Order/DisOrder 4.27 - 3/Saved/Config/Windows/Engine.ini]
[2022.07.27-09.31.13:389][  0]LogConfig: Setting CVar [[s.MinBulkDataSizeForAsyncLoading:131072]]
[2022.07.27-09.31.13:389][  0]LogConfig: Setting CVar [[s.AsyncLoadingThreadEnabled:0]]
[2022.07.27-09.31.13:389][  0]LogConfig: Setting CVar [[s.EventDrivenLoaderEnabled:1]]
[2022.07.27-09.31.13:389][  0]LogConfig: Setting CVar [[s.WarnIfTimeLimitExceeded:0]]
[2022.07.27-09.31.13:389][  0]LogConfig: Setting CVar [[s.TimeLimitExceededMultiplier:1.5]]
[2022.07.27-09.31.13:389][  0]LogConfig: Setting CVar [[s.TimeLimitExceededMinTime:0.005]]
[2022.07.27-09.31.13:389][  0]LogConfig: Setting CVar [[s.UseBackgroundLevelStreaming:1]]
[2022.07.27-09.31.13:389][  0]LogConfig: Setting CVar [[s.PriorityAsyncLoadingExtraTime:15.0]]
[2022.07.27-09.31.13:389][  0]LogConfig: Setting CVar [[s.LevelStreamingActorsUpdateTimeLimit:5.0]]
[2022.07.27-09.31.13:389][  0]LogConfig: Setting CVar [[s.PriorityLevelStreamingActorsUpdateExtraTime:5.0]]
[2022.07.27-09.31.13:389][  0]LogConfig: Setting CVar [[s.LevelStreamingComponentsRegistrationGranularity:10]]
[2022.07.27-09.31.13:389][  0]LogConfig: Setting CVar [[s.UnregisterComponentsTimeLimit:1.0]]
[2022.07.27-09.31.13:389][  0]LogConfig: Setting CVar [[s.LevelStreamingComponentsUnregistrationGranularity:5]]
[2022.07.27-09.31.13:389][  0]LogConfig: Setting CVar [[s.FlushStreamingOnExit:1]]
[2022.07.27-09.31.13:389][  0]LogConfig: Applying CVar settings from Section [/Script/Engine.GarbageCollectionSettings] File [E:/Unreal Projects/Project--Dis-Order/DisOrder 4.27 - 3/Saved/Config/Windows/Engine.ini]
[2022.07.27-09.31.13:389][  0]LogConfig: Setting CVar [[gc.MaxObjectsNotConsideredByGC:1]]
[2022.07.27-09.31.13:389][  0]LogConfig: Setting CVar [[gc.SizeOfPermanentObjectPool:0]]
[2022.07.27-09.31.13:389][  0]LogConfig: Setting CVar [[gc.FlushStreamingOnGC:0]]
[2022.07.27-09.31.13:389][  0]LogConfig: Setting CVar [[gc.NumRetriesBeforeForcingGC:10]]
[2022.07.27-09.31.13:389][  0]LogConfig: Setting CVar [[gc.AllowParallelGC:1]]
[2022.07.27-09.31.13:389][  0]LogConfig: Setting CVar [[gc.TimeBetweenPurgingPendingKillObjects:61.1]]
[2022.07.27-09.31.13:389][  0]LogConfig: Setting CVar [[gc.MaxObjectsInEditor:25165824]]
[2022.07.27-09.31.13:389][  0]LogConfig: Setting CVar [[gc.IncrementalBeginDestroyEnabled:1]]
[2022.07.27-09.31.13:389][  0]LogConfig: Setting CVar [[gc.CreateGCClusters:1]]
[2022.07.27-09.31.13:389][  0]LogConfig: Setting CVar [[gc.MinGCClusterSize:5]]
[2022.07.27-09.31.13:389][  0]LogConfig: Setting CVar [[gc.ActorClusteringEnabled:0]]
[2022.07.27-09.31.13:389][  0]LogConfig: Setting CVar [[gc.BlueprintClusteringEnabled:0]]
[2022.07.27-09.31.13:389][  0]LogConfig: Setting CVar [[gc.UseDisregardForGCOnDedicatedServers:0]]
[2022.07.27-09.31.13:389][  0]LogConfig: Setting CVar [[gc.MultithreadedDestructionEnabled:1]]
[2022.07.27-09.31.13:389][  0]LogConfig: Applying CVar settings from Section [/Script/Engine.NetworkSettings] File [E:/Unreal Projects/Project--Dis-Order/DisOrder 4.27 - 3/Saved/Config/Windows/Engine.ini]
[2022.07.27-09.31.13:389][  0]LogConfig: Applying CVar settings from Section [/Script/UnrealEd.CookerSettings] File [E:/Unreal Projects/Project--Dis-Order/DisOrder 4.27 - 3/Saved/Config/Windows/Engine.ini]
[2022.07.27-09.31.13:424][  0]LogConfig: Applying CVar settings from Section [ViewDistanceQuality@3] File [E:/Unreal Projects/Project--Dis-Order/DisOrder 4.27 - 3/Saved/Config/Windows/Scalability.ini]
[2022.07.27-09.31.13:424][  0]LogConfig: Setting CVar [[r.SkeletalMeshLODBias:0]]
[2022.07.27-09.31.13:424][  0]LogConfig: Setting CVar [[r.ViewDistanceScale:1.0]]
[2022.07.27-09.31.13:424][  0]LogConfig: Applying CVar settings from Section [AntiAliasingQuality@3] File [E:/Unreal Projects/Project--Dis-Order/DisOrder 4.27 - 3/Saved/Config/Windows/Scalability.ini]
[2022.07.27-09.31.13:424][  0]LogConfig: Setting CVar [[r.PostProcessAAQuality:4]]
[2022.07.27-09.31.13:424][  0]LogConfig: Applying CVar settings from Section [ShadowQuality@3] File [E:/Unreal Projects/Project--Dis-Order/DisOrder 4.27 - 3/Saved/Config/Windows/Scalability.ini]
[2022.07.27-09.31.13:424][  0]LogConfig: Setting CVar [[r.LightFunctionQuality:1]]
[2022.07.27-09.31.13:424][  0]LogConfig: Setting CVar [[r.ShadowQuality:5]]
[2022.07.27-09.31.13:424][  0]LogConfig: Setting CVar [[r.Shadow.CSM.MaxCascades:10]]
[2022.07.27-09.31.13:424][  0]LogConfig: Setting CVar [[r.Shadow.MaxResolution:2048]]
[2022.07.27-09.31.13:424][  0]LogConfig: Setting CVar [[r.Shadow.MaxCSMResolution:2048]]
[2022.07.27-09.31.13:424][  0]LogConfig: Setting CVar [[r.Shadow.RadiusThreshold:0.01]]
[2022.07.27-09.31.13:424][  0]LogConfig: Setting CVar [[r.Shadow.DistanceScale:1.0]]
[2022.07.27-09.31.13:424][  0]LogConfig: Setting CVar [[r.Shadow.CSM.TransitionScale:1.0]]
[2022.07.27-09.31.13:424][  0]LogConfig: Setting CVar [[r.Shadow.PreShadowResolutionFactor:1.0]]
[2022.07.27-09.31.13:424][  0]LogConfig: Setting CVar [[r.DistanceFieldShadowing:1]]
[2022.07.27-09.31.13:424][  0]LogConfig: Setting CVar [[r.DistanceFieldAO:1]]
[2022.07.27-09.31.13:424][  0]LogConfig: Setting CVar [[r.AOQuality:2]]
[2022.07.27-09.31.13:424][  0]LogConfig: Setting CVar [[r.VolumetricFog:1]]
[2022.07.27-09.31.13:424][  0]LogConfig: Setting CVar [[r.VolumetricFog.GridPixelSize:8]]
[2022.07.27-09.31.13:424][  0]LogConfig: Setting CVar [[r.VolumetricFog.GridSizeZ:128]]
[2022.07.27-09.31.13:424][  0]LogConfig: Setting CVar [[r.VolumetricFog.HistoryMissSupersampleCount:4]]
[2022.07.27-09.31.13:424][  0]LogConfig: Setting CVar [[r.LightMaxDrawDistanceScale:1]]
[2022.07.27-09.31.13:424][  0]LogConfig: Setting CVar [[r.CapsuleShadows:1]]
[2022.07.27-09.31.13:424][  0]LogConfig: Applying CVar settings from Section [PostProcessQuality@3] File [E:/Unreal Projects/Project--Dis-Order/DisOrder 4.27 - 3/Saved/Config/Windows/Scalability.ini]
[2022.07.27-09.31.13:424][  0]LogConfig: Setting CVar [[r.MotionBlurQuality:4]]
[2022.07.27-09.31.13:424][  0]LogConfig: Setting CVar [[r.AmbientOcclusionMipLevelFactor:0.4]]
[2022.07.27-09.31.13:424][  0]LogConfig: Setting CVar [[r.AmbientOcclusionMaxQuality:100]]
[2022.07.27-09.31.13:424][  0]LogConfig: Setting CVar [[r.AmbientOcclusionLevels:-1]]
[2022.07.27-09.31.13:424][  0]LogConfig: Setting CVar [[r.AmbientOcclusionRadiusScale:1.0]]
[2022.07.27-09.31.13:424][  0]LogConfig: Setting CVar [[r.DepthOfFieldQuality:2]]
[2022.07.27-09.31.13:424][  0]LogConfig: Setting CVar [[r.RenderTargetPoolMin:400]]
[2022.07.27-09.31.13:424][  0]LogConfig: Setting CVar [[r.LensFlareQuality:2]]
[2022.07.27-09.31.13:424][  0]LogConfig: Setting CVar [[r.SceneColorFringeQuality:1]]
[2022.07.27-09.31.13:424][  0]LogConfig: Setting CVar [[r.EyeAdaptationQuality:2]]
[2022.07.27-09.31.13:424][  0]LogConfig: Setting CVar [[r.BloomQuality:5]]
[2022.07.27-09.31.13:424][  0]LogConfig: Setting CVar [[r.FastBlurThreshold:100]]
[2022.07.27-09.31.13:424][  0]LogConfig: Setting CVar [[r.Upscale.Quality:3]]
[2022.07.27-09.31.13:424][  0]LogConfig: Setting CVar [[r.Tonemapper.GrainQuantization:1]]
[2022.07.27-09.31.13:424][  0]LogConfig: Setting CVar [[r.LightShaftQuality:1]]
[2022.07.27-09.31.13:424][  0]LogConfig: Setting CVar [[r.Filter.SizeScale:1]]
[2022.07.27-09.31.13:424][  0]LogConfig: Setting CVar [[r.Tonemapper.Quality:5]]
[2022.07.27-09.31.13:424][  0]LogConfig: Setting CVar [[r.DOF.Gather.AccumulatorQuality:1        ; higher gathering accumulator quality]]
[2022.07.27-09.31.13:424][  0]LogConfig: Setting CVar [[r.DOF.Gather.PostfilterMethod:1          ; Median3x3 postfilering method]]
[2022.07.27-09.31.13:424][  0]LogConfig: Setting CVar [[r.DOF.Gather.EnableBokehSettings:0       ; no bokeh simulation when gathering]]
[2022.07.27-09.31.13:424][  0]LogConfig: Setting CVar [[r.DOF.Gather.RingCount:4                 ; medium number of samples when gathering]]
[2022.07.27-09.31.13:424][  0]LogConfig: Setting CVar [[r.DOF.Scatter.ForegroundCompositing:1    ; additive foreground scattering]]
[2022.07.27-09.31.13:424][  0]LogConfig: Setting CVar [[r.DOF.Scatter.BackgroundCompositing:2    ; additive background scattering]]
[2022.07.27-09.31.13:424][  0]LogConfig: Setting CVar [[r.DOF.Scatter.EnableBokehSettings:1      ; bokeh simulation when scattering]]
[2022.07.27-09.31.13:424][  0]LogConfig: Setting CVar [[r.DOF.Scatter.MaxSpriteRatio:0.1         ; only a maximum of 10% of scattered bokeh]]
[2022.07.27-09.31.13:425][  0]LogConfig: Setting CVar [[r.DOF.Recombine.Quality:1                ; cheap slight out of focus]]
[2022.07.27-09.31.13:425][  0]LogConfig: Setting CVar [[r.DOF.Recombine.EnableBokehSettings:0    ; no bokeh simulation on slight out of focus]]
[2022.07.27-09.31.13:425][  0]LogConfig: Setting CVar [[r.DOF.TemporalAAQuality:1                ; more stable temporal accumulation]]
[2022.07.27-09.31.13:425][  0]LogConfig: Setting CVar [[r.DOF.Kernel.MaxForegroundRadius:0.025]]
[2022.07.27-09.31.13:425][  0]LogConfig: Setting CVar [[r.DOF.Kernel.MaxBackgroundRadius:0.025]]
[2022.07.27-09.31.13:425][  0]LogConfig: Applying CVar settings from Section [TextureQuality@3] File [E:/Unreal Projects/Project--Dis-Order/DisOrder 4.27 - 3/Saved/Config/Windows/Scalability.ini]
[2022.07.27-09.31.13:425][  0]LogConfig: Setting CVar [[r.Streaming.MipBias:0]]
[2022.07.27-09.31.13:425][  0]LogConfig: Setting CVar [[r.Streaming.AmortizeCPUToGPUCopy:0]]
[2022.07.27-09.31.13:425][  0]LogConfig: Setting CVar [[r.Streaming.MaxNumTexturesToStreamPerFrame:0]]
[2022.07.27-09.31.13:425][  0]LogConfig: Setting CVar [[r.Streaming.Boost:1]]
[2022.07.27-09.31.13:425][  0]LogConfig: Setting CVar [[r.MaxAnisotropy:8]]
[2022.07.27-09.31.13:425][  0]LogConfig: Setting CVar [[r.VT.MaxAnisotropy:8]]
[2022.07.27-09.31.13:425][  0]LogConfig: Setting CVar [[r.Streaming.LimitPoolSizeToVRAM:0]]
[2022.07.27-09.31.13:425][  0]LogConfig: Setting CVar [[r.Streaming.PoolSize:1000]]
[2022.07.27-09.31.13:425][  0]LogConfig: Setting CVar [[r.Streaming.MaxEffectiveScreenSize:0]]
[2022.07.27-09.31.13:425][  0]LogConfig: Applying CVar settings from Section [EffectsQuality@3] File [E:/Unreal Projects/Project--Dis-Order/DisOrder 4.27 - 3/Saved/Config/Windows/Scalability.ini]
[2022.07.27-09.31.13:425][  0]LogConfig: Setting CVar [[r.TranslucencyLightingVolumeDim:64]]
[2022.07.27-09.31.13:425][  0]LogConfig: Setting CVar [[r.RefractionQuality:2]]
[2022.07.27-09.31.13:425][  0]LogConfig: Setting CVar [[r.SSR.Quality:3]]
[2022.07.27-09.31.13:425][  0]LogConfig: Setting CVar [[r.SSR.HalfResSceneColor:0]]
[2022.07.27-09.31.13:425][  0]LogConfig: Setting CVar [[r.SceneColorFormat:4]]
[2022.07.27-09.31.13:425][  0]LogConfig: Setting CVar [[r.DetailMode:2]]
[2022.07.27-09.31.13:425][  0]LogConfig: Setting CVar [[r.TranslucencyVolumeBlur:1]]
[2022.07.27-09.31.13:425][  0]LogConfig: Setting CVar [[r.MaterialQualityLevel:1 ; High quality]]
[2022.07.27-09.31.13:425][  0]LogConfig: Setting CVar [[r.AnisotropicMaterials:1]]
[2022.07.27-09.31.13:425][  0]LogConfig: Setting CVar [[r.SSS.Scale:1]]
[2022.07.27-09.31.13:425][  0]LogConfig: Setting CVar [[r.SSS.SampleSet:2]]
[2022.07.27-09.31.13:425][  0]LogConfig: Setting CVar [[r.SSS.Quality:1]]
[2022.07.27-09.31.13:425][  0]LogConfig: Setting CVar [[r.SSS.HalfRes:0]]
[2022.07.27-09.31.13:425][  0]LogConfig: Setting CVar [[r.SSGI.Quality:3]]
[2022.07.27-09.31.13:425][  0]LogConfig: Setting CVar [[r.EmitterSpawnRateScale:1.0]]
[2022.07.27-09.31.13:425][  0]LogConfig: Setting CVar [[r.ParticleLightQuality:2]]
[2022.07.27-09.31.13:425][  0]LogConfig: Setting CVar [[r.SkyAtmosphere.AerialPerspectiveLUT.FastApplyOnOpaque:1 ; Always have FastSkyLUT 1 in this case to avoid wrong sky]]
[2022.07.27-09.31.13:425][  0]LogConfig: Setting CVar [[r.SkyAtmosphere.AerialPerspectiveLUT.SampleCountMaxPerSlice:4]]
[2022.07.27-09.31.13:425][  0]LogConfig: Setting CVar [[r.SkyAtmosphere.AerialPerspectiveLUT.DepthResolution:16.0]]
[2022.07.27-09.31.13:425][  0]LogConfig: Setting CVar [[r.SkyAtmosphere.FastSkyLUT:1]]
[2022.07.27-09.31.13:425][  0]LogConfig: Setting CVar [[r.SkyAtmosphere.FastSkyLUT.SampleCountMin:4.0]]
[2022.07.27-09.31.13:425][  0]LogConfig: Setting CVar [[r.SkyAtmosphere.FastSkyLUT.SampleCountMax:128.0]]
[2022.07.27-09.31.13:425][  0]LogConfig: Setting CVar [[r.SkyAtmosphere.SampleCountMin:4.0]]
[2022.07.27-09.31.13:425][  0]LogConfig: Setting CVar [[r.SkyAtmosphere.SampleCountMax:128.0]]
[2022.07.27-09.31.13:425][  0]LogConfig: Setting CVar [[r.SkyAtmosphere.TransmittanceLUT.UseSmallFormat:0]]
[2022.07.27-09.31.13:425][  0]LogConfig: Setting CVar [[r.SkyAtmosphere.TransmittanceLUT.SampleCount:10.0]]
[2022.07.27-09.31.13:425][  0]LogConfig: Setting CVar [[r.SkyAtmosphere.MultiScatteringLUT.SampleCount:15.0]]
[2022.07.27-09.31.13:425][  0]LogConfig: Setting CVar [[r.SkyLight.RealTimeReflectionCapture:1]]
[2022.07.27-09.31.13:425][  0]LogConfig: Applying CVar settings from Section [FoliageQuality@3] File [E:/Unreal Projects/Project--Dis-Order/DisOrder 4.27 - 3/Saved/Config/Windows/Scalability.ini]
[2022.07.27-09.31.13:425][  0]LogConfig: Setting CVar [[foliage.DensityScale:1.0]]
[2022.07.27-09.31.13:425][  0]LogConfig: Setting CVar [[grass.DensityScale:1.0]]
[2022.07.27-09.31.13:425][  0]LogConfig: Applying CVar settings from Section [ShadingQuality@3] File [E:/Unreal Projects/Project--Dis-Order/DisOrder 4.27 - 3/Saved/Config/Windows/Scalability.ini]
[2022.07.27-09.31.13:425][  0]LogConfig: Setting CVar [[r.HairStrands.SkyLighting.IntegrationType:2]]
[2022.07.27-09.31.13:425][  0]LogConfig: Setting CVar [[r.HairStrands.SkyAO.SampleCount:4]]
[2022.07.27-09.31.13:425][  0]LogConfig: Setting CVar [[r.HairStrands.Visibility.MSAA.SamplePerPixel:4]]
[2022.07.27-09.31.13:425][  0]LogInit: Selected Device Profile: [Windows]
[2022.07.27-09.31.13:425][  0]LogInit: Applying CVar settings loaded from the selected device profile: [Windows]
[2022.07.27-09.31.13:425][  0]LogHAL: Display: Platform has ~ 16 GB [17119584256 / 17179869184 / 16], which maps to Larger [LargestMinGB=32, LargerMinGB=12, DefaultMinGB=8, SmallerMinGB=6, SmallestMinGB=0)
[2022.07.27-09.31.13:425][  0]LogInit: Going up to parent DeviceProfile []
[2022.07.27-09.31.13:425][  0]LogConfig: Applying CVar settings from Section [ViewDistanceQuality@3] File [E:/Unreal Projects/Project--Dis-Order/DisOrder 4.27 - 3/Saved/Config/Windows/Scalability.ini]
[2022.07.27-09.31.13:425][  0]LogConfig: Setting CVar [[r.SkeletalMeshLODBias:0]]
[2022.07.27-09.31.13:425][  0]LogConfig: Setting CVar [[r.ViewDistanceScale:1.0]]
[2022.07.27-09.31.13:425][  0]LogConfig: Applying CVar settings from Section [AntiAliasingQuality@3] File [E:/Unreal Projects/Project--Dis-Order/DisOrder 4.27 - 3/Saved/Config/Windows/Scalability.ini]
[2022.07.27-09.31.13:425][  0]LogConfig: Setting CVar [[r.PostProcessAAQuality:4]]
[2022.07.27-09.31.13:425][  0]LogConfig: Applying CVar settings from Section [ShadowQuality@3] File [E:/Unreal Projects/Project--Dis-Order/DisOrder 4.27 - 3/Saved/Config/Windows/Scalability.ini]
[2022.07.27-09.31.13:425][  0]LogConfig: Setting CVar [[r.LightFunctionQuality:1]]
[2022.07.27-09.31.13:425][  0]LogConfig: Setting CVar [[r.ShadowQuality:5]]
[2022.07.27-09.31.13:425][  0]LogConfig: Setting CVar [[r.Shadow.CSM.MaxCascades:10]]
[2022.07.27-09.31.13:425][  0]LogConfig: Setting CVar [[r.Shadow.MaxResolution:2048]]
[2022.07.27-09.31.13:425][  0]LogConfig: Setting CVar [[r.Shadow.MaxCSMResolution:2048]]
[2022.07.27-09.31.13:425][  0]LogConfig: Setting CVar [[r.Shadow.RadiusThreshold:0.01]]
[2022.07.27-09.31.13:425][  0]LogConfig: Setting CVar [[r.Shadow.DistanceScale:1.0]]
[2022.07.27-09.31.13:425][  0]LogConfig: Setting CVar [[r.Shadow.CSM.TransitionScale:1.0]]
[2022.07.27-09.31.13:425][  0]LogConfig: Setting CVar [[r.Shadow.PreShadowResolutionFactor:1.0]]
[2022.07.27-09.31.13:425][  0]LogConfig: Setting CVar [[r.DistanceFieldShadowing:1]]
[2022.07.27-09.31.13:425][  0]LogConfig: Setting CVar [[r.DistanceFieldAO:1]]
[2022.07.27-09.31.13:425][  0]LogConfig: Setting CVar [[r.AOQuality:2]]
[2022.07.27-09.31.13:425][  0]LogConfig: Setting CVar [[r.VolumetricFog:1]]
[2022.07.27-09.31.13:426][  0]LogConfig: Setting CVar [[r.VolumetricFog.GridPixelSize:8]]
[2022.07.27-09.31.13:426][  0]LogConfig: Setting CVar [[r.VolumetricFog.GridSizeZ:128]]
[2022.07.27-09.31.13:426][  0]LogConfig: Setting CVar [[r.VolumetricFog.HistoryMissSupersampleCount:4]]
[2022.07.27-09.31.13:426][  0]LogConfig: Setting CVar [[r.LightMaxDrawDistanceScale:1]]
[2022.07.27-09.31.13:426][  0]LogConfig: Setting CVar [[r.CapsuleShadows:1]]
[2022.07.27-09.31.13:426][  0]LogConfig: Applying CVar settings from Section [PostProcessQuality@3] File [E:/Unreal Projects/Project--Dis-Order/DisOrder 4.27 - 3/Saved/Config/Windows/Scalability.ini]
[2022.07.27-09.31.13:426][  0]LogConfig: Setting CVar [[r.MotionBlurQuality:4]]
[2022.07.27-09.31.13:426][  0]LogConfig: Setting CVar [[r.AmbientOcclusionMipLevelFactor:0.4]]
[2022.07.27-09.31.13:426][  0]LogConfig: Setting CVar [[r.AmbientOcclusionMaxQuality:100]]
[2022.07.27-09.31.13:426][  0]LogConfig: Setting CVar [[r.AmbientOcclusionLevels:-1]]
[2022.07.27-09.31.13:426][  0]LogConfig: Setting CVar [[r.AmbientOcclusionRadiusScale:1.0]]
[2022.07.27-09.31.13:426][  0]LogConfig: Setting CVar [[r.DepthOfFieldQuality:2]]
[2022.07.27-09.31.13:426][  0]LogConfig: Setting CVar [[r.RenderTargetPoolMin:400]]
[2022.07.27-09.31.13:426][  0]LogConfig: Setting CVar [[r.LensFlareQuality:2]]
[2022.07.27-09.31.13:426][  0]LogConfig: Setting CVar [[r.SceneColorFringeQuality:1]]
[2022.07.27-09.31.13:426][  0]LogConfig: Setting CVar [[r.EyeAdaptationQuality:2]]
[2022.07.27-09.31.13:426][  0]LogConfig: Setting CVar [[r.BloomQuality:5]]
[2022.07.27-09.31.13:426][  0]LogConfig: Setting CVar [[r.FastBlurThreshold:100]]
[2022.07.27-09.31.13:426][  0]LogConfig: Setting CVar [[r.Upscale.Quality:3]]
[2022.07.27-09.31.13:426][  0]LogConfig: Setting CVar [[r.Tonemapper.GrainQuantization:1]]
[2022.07.27-09.31.13:426][  0]LogConfig: Setting CVar [[r.LightShaftQuality:1]]
[2022.07.27-09.31.13:426][  0]LogConfig: Setting CVar [[r.Filter.SizeScale:1]]
[2022.07.27-09.31.13:426][  0]LogConfig: Setting CVar [[r.Tonemapper.Quality:5]]
[2022.07.27-09.31.13:426][  0]LogConfig: Setting CVar [[r.DOF.Gather.AccumulatorQuality:1        ; higher gathering accumulator quality]]
[2022.07.27-09.31.13:426][  0]LogConfig: Setting CVar [[r.DOF.Gather.PostfilterMethod:1          ; Median3x3 postfilering method]]
[2022.07.27-09.31.13:426][  0]LogConfig: Setting CVar [[r.DOF.Gather.EnableBokehSettings:0       ; no bokeh simulation when gathering]]
[2022.07.27-09.31.13:426][  0]LogConfig: Setting CVar [[r.DOF.Gather.RingCount:4                 ; medium number of samples when gathering]]
[2022.07.27-09.31.13:426][  0]LogConfig: Setting CVar [[r.DOF.Scatter.ForegroundCompositing:1    ; additive foreground scattering]]
[2022.07.27-09.31.13:426][  0]LogConfig: Setting CVar [[r.DOF.Scatter.BackgroundCompositing:2    ; additive background scattering]]
[2022.07.27-09.31.13:426][  0]LogConfig: Setting CVar [[r.DOF.Scatter.EnableBokehSettings:1      ; bokeh simulation when scattering]]
[2022.07.27-09.31.13:426][  0]LogConfig: Setting CVar [[r.DOF.Scatter.MaxSpriteRatio:0.1         ; only a maximum of 10% of scattered bokeh]]
[2022.07.27-09.31.13:426][  0]LogConfig: Setting CVar [[r.DOF.Recombine.Quality:1                ; cheap slight out of focus]]
[2022.07.27-09.31.13:426][  0]LogConfig: Setting CVar [[r.DOF.Recombine.EnableBokehSettings:0    ; no bokeh simulation on slight out of focus]]
[2022.07.27-09.31.13:426][  0]LogConfig: Setting CVar [[r.DOF.TemporalAAQuality:1                ; more stable temporal accumulation]]
[2022.07.27-09.31.13:426][  0]LogConfig: Setting CVar [[r.DOF.Kernel.MaxForegroundRadius:0.025]]
[2022.07.27-09.31.13:426][  0]LogConfig: Setting CVar [[r.DOF.Kernel.MaxBackgroundRadius:0.025]]
[2022.07.27-09.31.13:426][  0]LogConfig: Applying CVar settings from Section [TextureQuality@3] File [E:/Unreal Projects/Project--Dis-Order/DisOrder 4.27 - 3/Saved/Config/Windows/Scalability.ini]
[2022.07.27-09.31.13:426][  0]LogConfig: Setting CVar [[r.Streaming.MipBias:0]]
[2022.07.27-09.31.13:426][  0]LogConfig: Setting CVar [[r.Streaming.AmortizeCPUToGPUCopy:0]]
[2022.07.27-09.31.13:426][  0]LogConfig: Setting CVar [[r.Streaming.MaxNumTexturesToStreamPerFrame:0]]
[2022.07.27-09.31.13:426][  0]LogConfig: Setting CVar [[r.Streaming.Boost:1]]
[2022.07.27-09.31.13:426][  0]LogConfig: Setting CVar [[r.MaxAnisotropy:8]]
[2022.07.27-09.31.13:426][  0]LogConfig: Setting CVar [[r.VT.MaxAnisotropy:8]]
[2022.07.27-09.31.13:426][  0]LogConfig: Setting CVar [[r.Streaming.LimitPoolSizeToVRAM:0]]
[2022.07.27-09.31.13:426][  0]LogConfig: Setting CVar [[r.Streaming.PoolSize:1000]]
[2022.07.27-09.31.13:426][  0]LogConfig: Setting CVar [[r.Streaming.MaxEffectiveScreenSize:0]]
[2022.07.27-09.31.13:426][  0]LogConfig: Applying CVar settings from Section [EffectsQuality@3] File [E:/Unreal Projects/Project--Dis-Order/DisOrder 4.27 - 3/Saved/Config/Windows/Scalability.ini]
[2022.07.27-09.31.13:426][  0]LogConfig: Setting CVar [[r.TranslucencyLightingVolumeDim:64]]
[2022.07.27-09.31.13:426][  0]LogConfig: Setting CVar [[r.RefractionQuality:2]]
[2022.07.27-09.31.13:426][  0]LogConfig: Setting CVar [[r.SSR.Quality:3]]
[2022.07.27-09.31.13:426][  0]LogConfig: Setting CVar [[r.SSR.HalfResSceneColor:0]]
[2022.07.27-09.31.13:426][  0]LogConfig: Setting CVar [[r.SceneColorFormat:4]]
[2022.07.27-09.31.13:426][  0]LogConfig: Setting CVar [[r.DetailMode:2]]
[2022.07.27-09.31.13:426][  0]LogConfig: Setting CVar [[r.TranslucencyVolumeBlur:1]]
[2022.07.27-09.31.13:426][  0]LogConfig: Setting CVar [[r.MaterialQualityLevel:1 ; High quality]]
[2022.07.27-09.31.13:426][  0]LogConfig: Setting CVar [[r.AnisotropicMaterials:1]]
[2022.07.27-09.31.13:426][  0]LogConfig: Setting CVar [[r.SSS.Scale:1]]
[2022.07.27-09.31.13:426][  0]LogConfig: Setting CVar [[r.SSS.SampleSet:2]]
[2022.07.27-09.31.13:426][  0]LogConfig: Setting CVar [[r.SSS.Quality:1]]
[2022.07.27-09.31.13:426][  0]LogConfig: Setting CVar [[r.SSS.HalfRes:0]]
[2022.07.27-09.31.13:426][  0]LogConfig: Setting CVar [[r.SSGI.Quality:3]]
[2022.07.27-09.31.13:426][  0]LogConfig: Setting CVar [[r.EmitterSpawnRateScale:1.0]]
[2022.07.27-09.31.13:426][  0]LogConfig: Setting CVar [[r.ParticleLightQuality:2]]
[2022.07.27-09.31.13:426][  0]LogConfig: Setting CVar [[r.SkyAtmosphere.AerialPerspectiveLUT.FastApplyOnOpaque:1 ; Always have FastSkyLUT 1 in this case to avoid wrong sky]]
[2022.07.27-09.31.13:426][  0]LogConfig: Setting CVar [[r.SkyAtmosphere.AerialPerspectiveLUT.SampleCountMaxPerSlice:4]]
[2022.07.27-09.31.13:426][  0]LogConfig: Setting CVar [[r.SkyAtmosphere.AerialPerspectiveLUT.DepthResolution:16.0]]
[2022.07.27-09.31.13:426][  0]LogConfig: Setting CVar [[r.SkyAtmosphere.FastSkyLUT:1]]
[2022.07.27-09.31.13:426][  0]LogConfig: Setting CVar [[r.SkyAtmosphere.FastSkyLUT.SampleCountMin:4.0]]
[2022.07.27-09.31.13:426][  0]LogConfig: Setting CVar [[r.SkyAtmosphere.FastSkyLUT.SampleCountMax:128.0]]
[2022.07.27-09.31.13:426][  0]LogConfig: Setting CVar [[r.SkyAtmosphere.SampleCountMin:4.0]]
[2022.07.27-09.31.13:426][  0]LogConfig: Setting CVar [[r.SkyAtmosphere.SampleCountMax:128.0]]
[2022.07.27-09.31.13:426][  0]LogConfig: Setting CVar [[r.SkyAtmosphere.TransmittanceLUT.UseSmallFormat:0]]
[2022.07.27-09.31.13:426][  0]LogConfig: Setting CVar [[r.SkyAtmosphere.TransmittanceLUT.SampleCount:10.0]]
[2022.07.27-09.31.13:426][  0]LogConfig: Setting CVar [[r.SkyAtmosphere.MultiScatteringLUT.SampleCount:15.0]]
[2022.07.27-09.31.13:426][  0]LogConfig: Setting CVar [[r.SkyLight.RealTimeReflectionCapture:1]]
[2022.07.27-09.31.13:426][  0]LogConfig: Applying CVar settings from Section [FoliageQuality@3] File [E:/Unreal Projects/Project--Dis-Order/DisOrder 4.27 - 3/Saved/Config/Windows/Scalability.ini]
[2022.07.27-09.31.13:426][  0]LogConfig: Setting CVar [[foliage.DensityScale:1.0]]
[2022.07.27-09.31.13:426][  0]LogConfig: Setting CVar [[grass.DensityScale:1.0]]
[2022.07.27-09.31.13:426][  0]LogConfig: Applying CVar settings from Section [ShadingQuality@3] File [E:/Unreal Projects/Project--Dis-Order/DisOrder 4.27 - 3/Saved/Config/Windows/Scalability.ini]
[2022.07.27-09.31.13:426][  0]LogConfig: Setting CVar [[r.HairStrands.SkyLighting.IntegrationType:2]]
[2022.07.27-09.31.13:426][  0]LogConfig: Setting CVar [[r.HairStrands.SkyAO.SampleCount:4]]
[2022.07.27-09.31.13:426][  0]LogConfig: Setting CVar [[r.HairStrands.Visibility.MSAA.SamplePerPixel:4]]
[2022.07.27-09.31.13:426][  0]LogConfig: Applying CVar settings from Section [Startup] File [../../../Engine/Config/ConsoleVariables.ini]
[2022.07.27-09.31.13:427][  0]LogConfig: Setting CVar [[net.UseAdaptiveNetUpdateFrequency:0]]
[2022.07.27-09.31.13:427][  0]LogConfig: Setting CVar [[p.chaos.AllowCreatePhysxBodies:1]]
[2022.07.27-09.31.13:427][  0]LogConfig: Setting CVar [[fx.SkipVectorVMBackendOptimizations:1]]
[2022.07.27-09.31.13:427][  0]LogConfig: Applying CVar settings from Section [ConsoleVariables] File [E:/Unreal Projects/Project--Dis-Order/DisOrder 4.27 - 3/Saved/Config/Windows/Engine.ini]
[2022.07.27-09.31.13:427][  0]LogConfig: Applying CVar settings from Section [ConsoleVariables] File [E:/Unreal Projects/Project--Dis-Order/DisOrder 4.27 - 3/Saved/Config/Windows/Editor.ini]
[2022.07.27-09.31.13:427][  0]LogInit: Computer: DESKTOP-8NR2FO5
[2022.07.27-09.31.13:427][  0]LogInit: User: monst
[2022.07.27-09.31.13:427][  0]LogInit: CPU Page size=4096, Cores=6
[2022.07.27-09.31.13:427][  0]LogInit: High frequency timer resolution =10.000000 MHz
[2022.07.27-09.31.13:427][  0]LogMemory: Memory total: Physical=15.9GB (16GB approx)
[2022.07.27-09.31.13:427][  0]LogMemory: Platform Memory Stats for Windows
[2022.07.27-09.31.13:427][  0]LogMemory: Process Physical Memory: 142.36 MB used, 143.97 MB peak
[2022.07.27-09.31.13:427][  0]LogMemory: Process Virtual Memory: 126.16 MB used, 126.16 MB peak
[2022.07.27-09.31.13:427][  0]LogMemory: Physical Memory: 8986.42 MB used,  7340.09 MB free, 16326.51 MB total
[2022.07.27-09.31.13:427][  0]LogMemory: Virtual Memory: 134207264.00 MB used,  10461.45 MB free, 134217728.00 MB total
[2022.07.27-09.31.13:433][  0]LogWindows: WindowsPlatformFeatures enabled
[2022.07.27-09.31.13:486][  0]LogInit: Physics initialised using underlying interface: PhysX
[2022.07.27-09.31.13:488][  0]LogInit: Using OS detected language (en-GB).
[2022.07.27-09.31.13:488][  0]LogInit: Using OS detected locale (en-AU).
[2022.07.27-09.31.13:490][  0]LogTextLocalizationManager: No specific localization for 'en-GB' exists, so the 'en' localization will be used.
[2022.07.27-09.31.13:810][  0]LogInit: Setting process to per monitor DPI aware
[2022.07.27-09.31.13:835][  0]LogWindowsTextInputMethodSystem: Display: IME system deactivated.
[2022.07.27-09.31.13:937][  0]LogSlate: New Slate User Created.  User Index 0, Is Virtual User: 0
[2022.07.27-09.31.13:937][  0]LogSlate: Slate User Registered.  User Index 0, Is Virtual User: 0
[2022.07.27-09.31.14:180][  0]LogD3D11RHI: Loaded GFSDK_Aftermath_Lib.x64.dll
[2022.07.27-09.31.14:228][  0]LogHMD: Failed to initialize OpenVR with code 126
[2022.07.27-09.31.14:228][  0]LogD3D11RHI: D3D11 min allowed feature level: 11_0
[2022.07.27-09.31.14:228][  0]LogD3D11RHI: D3D11 max allowed feature level: 11_0
[2022.07.27-09.31.14:228][  0]LogD3D11RHI: D3D11 adapters:
[2022.07.27-09.31.14:330][  0]LogD3D11RHI:    0. 'NVIDIA GeForce RTX 2070 SUPER' (Feature Level 11_0)
[2022.07.27-09.31.14:330][  0]LogD3D11RHI:       8011/0/8163 MB DedicatedVideo/DedicatedSystem/SharedSystem, Outputs:2, VendorId:0x10de
[2022.07.27-09.31.14:333][  0]LogD3D11RHI:    1. 'Microsoft Basic Render Driver' (Feature Level 11_0)
[2022.07.27-09.31.14:333][  0]LogD3D11RHI:       0/0/8163 MB DedicatedVideo/DedicatedSystem/SharedSystem, Outputs:0, VendorId:0x1414
[2022.07.27-09.31.14:333][  0]LogD3D11RHI: Chosen D3D11 Adapter:
[2022.07.27-09.31.14:333][  0]LogD3D11RHI:     Description : NVIDIA GeForce RTX 2070 SUPER
[2022.07.27-09.31.14:333][  0]LogD3D11RHI:     VendorId    : 10de
[2022.07.27-09.31.14:333][  0]LogD3D11RHI:     DeviceId    : 1e84
[2022.07.27-09.31.14:333][  0]LogD3D11RHI:     SubSysId    : 87271043
[2022.07.27-09.31.14:333][  0]LogD3D11RHI:     Revision    : 00a1
[2022.07.27-09.31.14:333][  0]LogD3D11RHI:     DedicatedVideoMemory : 8400142336 bytes
[2022.07.27-09.31.14:333][  0]LogD3D11RHI:     DedicatedSystemMemory : 0 bytes
[2022.07.27-09.31.14:333][  0]LogD3D11RHI:     SharedSystemMemory : 8559792128 bytes
[2022.07.27-09.31.14:333][  0]LogD3D11RHI:     AdapterLuid : 0 60833
[2022.07.27-09.31.14:339][  0]LogD3D11RHI: Creating new Direct3DDevice
[2022.07.27-09.31.14:339][  0]LogD3D11RHI:     GPU DeviceId: 0x1e84 (for the marketing name, search the web for "GPU Device Id")
[2022.07.27-09.31.14:339][  0]LogWindows: EnumDisplayDevices:
[2022.07.27-09.31.14:339][  0]LogWindows:    0. 'NVIDIA GeForce RTX 2070 SUPER' (P:1 D:1)
[2022.07.27-09.31.14:340][  0]LogWindows:    1. 'NVIDIA GeForce RTX 2070 SUPER' (P:0 D:1)
[2022.07.27-09.31.14:340][  0]LogWindows:    2. 'NVIDIA GeForce RTX 2070 SUPER' (P:0 D:0)
[2022.07.27-09.31.14:340][  0]LogWindows:    3. 'NVIDIA GeForce RTX 2070 SUPER' (P:0 D:0)
[2022.07.27-09.31.14:340][  0]LogWindows: DebugString: FoundDriverCount:4 
[2022.07.27-09.31.14:340][  0]LogD3D11RHI:     Adapter Name: NVIDIA GeForce RTX 2070 SUPER
[2022.07.27-09.31.14:340][  0]LogD3D11RHI:   Driver Version: 516.59 (internal:31.0.15.1659, unified:516.59)
[2022.07.27-09.31.14:340][  0]LogD3D11RHI:      Driver Date: 6-23-2022
[2022.07.27-09.31.14:340][  0]LogRHI: Texture pool is 5607 MB (70% of 8011 MB)
[2022.07.27-09.31.14:340][  0]LogD3D11RHI: Creating D3DDevice using adapter:
[2022.07.27-09.31.14:340][  0]LogD3D11RHI:     Description : NVIDIA GeForce RTX 2070 SUPER
[2022.07.27-09.31.14:340][  0]LogD3D11RHI:     VendorId    : 10de
[2022.07.27-09.31.14:340][  0]LogD3D11RHI:     DeviceId    : 1e84
[2022.07.27-09.31.14:340][  0]LogD3D11RHI:     SubSysId    : 87271043
[2022.07.27-09.31.14:340][  0]LogD3D11RHI:     Revision    : 00a1
[2022.07.27-09.31.14:340][  0]LogD3D11RHI:     DedicatedVideoMemory : 8400142336 bytes
[2022.07.27-09.31.14:340][  0]LogD3D11RHI:     DedicatedSystemMemory : 0 bytes
[2022.07.27-09.31.14:341][  0]LogD3D11RHI:     SharedSystemMemory : 8559792128 bytes
[2022.07.27-09.31.14:341][  0]LogD3D11RHI:     AdapterLuid : 0 60833
[2022.07.27-09.31.14:406][  0]LogD3D11RHI: RHI has support for 64 bit atomics
[2022.07.27-09.31.14:406][  0]LogD3D11RHI: Async texture creation enabled
[2022.07.27-09.31.14:406][  0]LogD3D11RHI: Array index from any shader is supported
[2022.07.27-09.31.14:407][  0]LogD3D11RHI: HDR output is supported on display 0 (NvId: 0x80061082).
[2022.07.27-09.31.14:420][  0]LogD3D11RHI: GPU Timing Frequency: 1000.000000 (Debug: 2 1)
[2022.07.27-09.31.14:454][  0]LogRHI: GeForceNow SDK initialized: 1
[2022.07.27-09.31.14:812][  0]LogTargetPlatformManager: Display: Loaded TargetPlatform 'AllDesktop'
[2022.07.27-09.31.14:834][  0]LogTargetPlatformManager: Display: Loaded TargetPlatform 'Android'
[2022.07.27-09.31.14:834][  0]LogTargetPlatformManager: Display: Loaded TargetPlatform 'Android_ASTC'
[2022.07.27-09.31.14:834][  0]LogTargetPlatformManager: Display: Loaded TargetPlatform 'Android_DXT'
[2022.07.27-09.31.14:834][  0]LogTargetPlatformManager: Display: Loaded TargetPlatform 'Android_ETC2'
[2022.07.27-09.31.14:834][  0]LogTargetPlatformManager: Display: Loaded TargetPlatform 'AndroidClient'
[2022.07.27-09.31.14:834][  0]LogTargetPlatformManager: Display: Loaded TargetPlatform 'Android_ASTCClient'
[2022.07.27-09.31.14:834][  0]LogTargetPlatformManager: Display: Loaded TargetPlatform 'Android_DXTClient'
[2022.07.27-09.31.14:834][  0]LogTargetPlatformManager: Display: Loaded TargetPlatform 'Android_ETC2Client'
[2022.07.27-09.31.14:834][  0]LogTargetPlatformManager: Display: Loaded TargetPlatform 'Android_Multi'
[2022.07.27-09.31.14:834][  0]LogTargetPlatformManager: Display: Loaded TargetPlatform 'Android_MultiClient'
[2022.07.27-09.31.14:853][  0]LogTargetPlatformManager: Display: Loaded TargetPlatform 'IOSClient'
[2022.07.27-09.31.14:853][  0]LogTargetPlatformManager: Display: Loaded TargetPlatform 'IOS'
[2022.07.27-09.31.14:864][  0]LogTargetPlatformManager: Display: Loaded TargetPlatform 'Linux'
[2022.07.27-09.31.14:868][  0]LogTargetPlatformManager: Display: Loaded TargetPlatform 'LinuxNoEditor'
[2022.07.27-09.31.14:873][  0]LogTargetPlatformManager: Display: Loaded TargetPlatform 'LinuxClient'
[2022.07.27-09.31.14:878][  0]LogTargetPlatformManager: Display: Loaded TargetPlatform 'LinuxServer'
[2022.07.27-09.31.14:888][  0]LogTargetPlatformManager: Display: Loaded TargetPlatform 'LinuxAArch64NoEditor'
[2022.07.27-09.31.14:892][  0]LogTargetPlatformManager: Display: Loaded TargetPlatform 'LinuxAArch64Client'
[2022.07.27-09.31.14:897][  0]LogTargetPlatformManager: Display: Loaded TargetPlatform 'LinuxAArch64Server'
[2022.07.27-09.31.14:922][  0]LogTargetPlatformManager: Display: Loaded TargetPlatform 'Lumin'
[2022.07.27-09.31.14:922][  0]LogTargetPlatformManager: Display: Loaded TargetPlatform 'LuminClient'
[2022.07.27-09.31.14:931][  0]LogTargetPlatformManager: Display: Loaded TargetPlatform 'MacNoEditor'
[2022.07.27-09.31.14:936][  0]LogTargetPlatformManager: Display: Loaded TargetPlatform 'Mac'
[2022.07.27-09.31.14:941][  0]LogTargetPlatformManager: Display: Loaded TargetPlatform 'MacClient'
[2022.07.27-09.31.14:946][  0]LogTargetPlatformManager: Display: Loaded TargetPlatform 'MacServer'
[2022.07.27-09.31.14:958][  0]LogTargetPlatformManager: Display: Loaded TargetPlatform 'TVOSClient'
[2022.07.27-09.31.14:958][  0]LogTargetPlatformManager: Display: Loaded TargetPlatform 'TVOS'
[2022.07.27-09.31.14:967][  0]LogTargetPlatformManager: Display: Loaded TargetPlatform 'WindowsNoEditor'
[2022.07.27-09.31.14:973][  0]LogTargetPlatformManager: Display: Loaded TargetPlatform 'Windows'
[2022.07.27-09.31.14:978][  0]LogTargetPlatformManager: Display: Loaded TargetPlatform 'WindowsClient'
[2022.07.27-09.31.14:983][  0]LogTargetPlatformManager: Display: Loaded TargetPlatform 'WindowsServer'
[2022.07.27-09.31.14:983][  0]LogTargetPlatformManager: Display: Building Assets For Windows
[2022.07.27-09.31.14:992][  0]LogAudioDebug: Display: Lib vorbis DLL was dynamically loaded.
[2022.07.27-09.31.15:029][  0]LogTextureFormatOodle: Display: Oodle Texture 2.9.0 init RDO Off
[2022.07.27-09.31.15:068][  0]LogRendererCore: Ray tracing is disabled. Reason: r.RayTracing=0.
[2022.07.27-09.31.15:068][  0]LogShaderCompilers: Guid format shader working directory is -22 characters bigger than the processId version (../../../../../Unreal Projects/Project--Dis-Order/DisOrder 4.27 - 3/Intermediate/Shaders/WorkingDirectory/28388/).
[2022.07.27-09.31.15:068][  0]LogShaderCompilers: Cleaned the shader compiler working directory 'C:/Users/monst/AppData/Local/Temp/UnrealShaderWorkingDir/19E9BC614C6F07DCB826BBA3C367D31E/'.
[2022.07.27-09.31.15:068][  0]LogXGEController: Cannot use XGE Controller as Incredibuild is not installed on this machine.
[2022.07.27-09.31.15:068][  0]LogShaderCompilers: Cannot use XGE Shader Compiler as Incredibuild is not installed on this machine.
[2022.07.27-09.31.15:068][  0]LogShaderCompilers: Display: Using Local Shader Compiler.
[2022.07.27-09.31.15:838][  0]LogDerivedDataCache: Display: Max Cache Size: 512 MB
[2022.07.27-09.31.15:912][  0]LogDerivedDataCache: Loaded boot cache 0.07s 106MB C:/Users/monst/AppData/Local/UnrealEngine/4.27/DerivedDataCache/Boot.ddc.
[2022.07.27-09.31.15:912][  0]LogDerivedDataCache: Display: Loaded Boot cache: C:/Users/monst/AppData/Local/UnrealEngine/4.27/DerivedDataCache/Boot.ddc
[2022.07.27-09.31.15:912][  0]LogDerivedDataCache: FDerivedDataBackendGraph:  Pak pak cache file ../../../../../Unreal Projects/Project--Dis-Order/DisOrder 4.27 - 3/DerivedDataCache/DDC.ddp not found, will not use a pak cache.
[2022.07.27-09.31.15:912][  0]LogDerivedDataCache: Unable to find inner node Pak for hierarchical cache Hierarchy.
[2022.07.27-09.31.15:912][  0]LogDerivedDataCache: FDerivedDataBackendGraph:  CompressedPak pak cache file ../../../../../Unreal Projects/Project--Dis-Order/DisOrder 4.27 - 3/DerivedDataCache/Compressed.ddp not found, will not use a pak cache.
[2022.07.27-09.31.15:912][  0]LogDerivedDataCache: Unable to find inner node CompressedPak for hierarchical cache Hierarchy.
[2022.07.27-09.31.15:928][  0]LogDerivedDataCache: Display: Pak cache opened for reading ../../../Engine/DerivedDataCache/Compressed.ddp.
[2022.07.27-09.31.15:928][  0]LogDerivedDataCache: FDerivedDataBackendGraph:  EnterprisePak pak cache file ../../../Enterprise/DerivedDataCache/Compressed.ddp not found, will not use a pak cache.
[2022.07.27-09.31.15:928][  0]LogDerivedDataCache: Unable to find inner node EnterprisePak for hierarchical cache Hierarchy.
[2022.07.27-09.31.15:946][  0]LogDerivedDataCache: Speed tests for C:/Users/monst/AppData/Local/UnrealEngine/Common/DerivedDataCache took 0.02 seconds
[2022.07.27-09.31.15:946][  0]LogDerivedDataCache: Display: Performance to C:/Users/monst/AppData/Local/UnrealEngine/Common/DerivedDataCache: Latency=0.04ms. RandomReadSpeed=769.93MBs, RandomWriteSpeed=57.57MBs. Assigned SpeedClass 'Local'
[2022.07.27-09.31.15:947][  0]LogDerivedDataCache: Using Local data cache path C:/Users/monst/AppData/Local/UnrealEngine/Common/DerivedDataCache: Writable
[2022.07.27-09.31.15:947][  0]LogDerivedDataCache: Shared data cache path not found in *engine.ini, will not use an Shared cache.
[2022.07.27-09.31.15:947][  0]LogDerivedDataCache: Unable to find inner node Shared for hierarchical cache Hierarchy.
[2022.07.27-09.31.15:990][  0]LogSlate: Using FreeType 2.10.0
[2022.07.27-09.31.15:991][  0]LogSlate: SlateFontServices - WITH_FREETYPE: 1, WITH_HARFBUZZ: 1
[2022.07.27-09.31.16:018][  0]LogAssetRegistry: FAssetRegistry took 0.0027 seconds to start up
[2022.07.27-09.31.16:248][  0]LogInit: Selected Device Profile: [Windows]
[2022.07.27-09.31.16:248][  0]LogInit: Active device profile: [000001D024088B00][000001D019B59A40 49] Windows
[2022.07.27-09.31.16:248][  0]LogInit: Profiles: [000001D024088B00][000001D019B59A40 49] Windows, [000001D02402A200][000001D0222A3BC0 49] WindowsNoEditor, [000001D024089900][000001D0222A61C0 49] WindowsServer, [000001D02402AF00][000001D0222AA340 49] WindowsClient, [000001D02408BC00][000001D0222AE4C0 49] IOS, [000001D024028F00][000001D0222B2640 49] iPadAir, [000001D02408BE00][000001D0222B67C0 49] iPadAir2, [000001D023FC8E00][000001D0246AEA80 49] IPadPro, [000001D023FC8F00][000001D0222BAAC0 49] iPadAir3, [000001D02402BC00][000001D0246B2C40 49] iPadAir4, [000001D023FCB800][000001D019B5CD80 49] iPadMini2, [000001D02402B000][000001D0246B6EC0 49] iPadMini3, [000001D023FCBA00][000001D0246BB000 49] iPadMini4, [000001D02402B900][000001D0246BF140 49] iPadMini5, [000001D023FE4600][000001D0246CB400 49] iPhone6, [000001D023FE4700][000001D0246C7440 49] iPodTouch6, [000001D02408A800][000001D024881700 49] iPhone7, [000001D02408A600][000001D02487D740 49] iPodTouch7, [000001D023FE4100][000001D0248858C0 49] iPhone5S, [000001D023FC8700][000001D024889A40 49] iPhone6Plus, [000001D023FE6500][000001D02488DBC0 49] iPhone6S, [000001D023FC9300][000001D0248901C0 49] iPhone6SPlus, [000001D023FE7B00][000001D024894340 49] iPhone7Plus, [000001D023FCB700][000001D0248984C0 49] iPhoneSE, [000001D02408AB00][000001D02489C640 49] iPhone8, [000001D023FC8600][000001D0248A07C0 49] iPhone8Plus, [000001D02408A100][000001D0248A4940 49] iPhoneX, [000001D023FCA900][000001D0248A8AC0 49] iPhoneXS, [000001D02408B700][000001D0248ACC40 49] iPhoneXSMax, [000001D023FCAF00][000001D0248B0DC0 49] iPhoneXR, [000001D02408BB00][000001D0248B4F40 49] iPhone11, [000001D023FC9E00][000001D0246C3080 49] iPhone11Pro, [000001D024088700][000001D0248B91C0 49] iPhone11ProMax, [000001D023FCA000][000001D0248BD300 49] iPhoneSE2, [000001D02408BA00][000001D0248CF480 49] iPhone12Mini, [000001D023FCA100][000001D0248D3600 49] iPhone12, [000001D024088600][000001D0248D7780 49] iPhone12Pro, [000001D023FCB400][000001D0248DB900 49] iPhone12ProMax, [000001D024088800][000001D0248DFA80 49] iPadPro105, [000001D023FC9900][000001D0248E3C00 49] iPadPro129, [000001D02408BF00][000001D0248E6200 49] iPadPro97, [000001D023FCBC00][000001D0248EA380 49] iPadPro2_129, [000001D02408B900][000001D0248EE500 49] iPad5, [000001D023FC8300][000001D0248F2680 49] iPad6, [000001D024089B00][000001D0248F6800 49] iPad7, [000001D023FCB600][000001D0248FA980 49] iPad8, [000001D024089600][000001D0248FEB00 49] iPadPro11, [000001D023FCAD00][000001D024902C80 49] iPadPro2_11, [000001D024089A00][000001D024906E00 49] iPadPro3_129, [000001D023FCAE00][000001D02490AF80 49] iPadPro4_129, [000001D024088500][000001D02490F100 49] AppleTV, [000001D023FCB000][000001D0248CB240 49] AppleTV4K, [000001D024089C00][000001D024913380 49] TVOS, [000001D023FC8800][000001D0249174C0 49] Mac, [000001D02408A500][000001D02491F640 49] MacClient, [000001D023FCAC00][000001D0249237C0 49] MacNoEditor, [000001D02408B500][000001D024927940 49] MacServer, [000001D023FC8A00][000001D02492BAC0 49] Linux, [000001D024088400][000001D02492E0C0 49] LinuxAArch64, [000001D023FC9A00][000001D024932240 49] LinuxNoEditor, [000001D024089D00][000001D0249363C0 49] LinuxAArch64NoEditor, [000001D023FCA700][000001D02493A540 49] LinuxClient, [000001D024089400][000001D02493E6C0 49] LinuxAArch64Client, [000001D023FCA800][000001D024942840 49] LinuxServer, [000001D02408AF00][000001D0249469C0 49] LinuxAArch64Server, [000001D023FC9700][000001D02494AB40 49] Android, [000001D02408BD00][000001D02494ECC0 49] Android_Low, [000001D023FC8B00][000001D024952E40 49] Android_Mid, [000001D02408A200][000001D024956FC0 49] Android_High, [000001D023FC8C00][000001D02495B140 49] Android_Default, [000001D024089300][000001D02495F2C0 49] Android_Adreno4xx, [000001D02402A400][000001D02491B400 49] Android_Adreno5xx_Low, [000001D023FE5C00][000001D024963540 49] Android_Adreno5xx, [000001D02402A700][000001D024967680 49] Android_Adreno6xx, [000001D023FE6000][000001D02496B7C0 49] Android_Adreno6xx_Vulkan, [000001D024028400][000001D024973940 49] Android_Mali_T6xx, [000001D023FE4F00][000001D024977AC0 49] Android_Mali_T7xx, [000001D024029D00][000001D02497A0C0 49] Android_Mali_T8xx, [000001D023FE5F00][000001D02497E240 49] Android_Mali_G71, [000001D02402A900][000001D0249823C0 49] Android_Mali_G72, [000001D023FE7300][000001D024986540 49] Android_Mali_G72_Vulkan, [000001D02402BF00][000001D02498A6C0 49] Android_Mali_G76, [000001D023FE6200][000001D02498E840 49] Android_Mali_G76_Vulkan, [000001D024029F00][000001D0249929C0 49] Android_Mali_G77, [000001D023FE4900][000001D024996B40 49] Android_Mali_G77_Vulkan, [000001D024029200][000001D02499ACC0 49] Android_Mali_G78, [000001D023FE5300][000001D02499EE40 49] Android_Mali_G78_Vulkan, [000001D02402B500][000001D0249A2FC0 49] Android_Mali_G710, [000001D023FE7E00][000001D0249A7140 49] Android_Mali_G710_Vulkan, [000001D024028700][000001D0249AB2C0 49] Android_Vulkan_SM5, [000001D023FE7F00][000001D0249AF440 49] Android_PowerVR_G6xxx, [000001D02402A000][000001D02496F580 49] Android_PowerVR_GT7xxx, [000001D023FE6B00][000001D0249B36C0 49] Android_PowerVR_GE8xxx, [000001D02402B800][000001D0249B7800 49] Android_PowerVR_GM9xxx, [000001D023FE6800][000001D0249BB940 49] Android_PowerVR_GM9xxx_Vulkan, [000001D024029600][000001D0249C3AC0 49] Android_TegraK1, [000001D023FE5700][000001D0249C60C0 49] Android_Unknown_Vulkan, [000001D02402AD00][000001D0249CA240 49] Lumin, [000001D023FE7D00][000001D0249CE3C0 49] Lumin_Desktop, [000001D024028E00][000001D0249D2540 49] HoloLens, 
[2022.07.27-09.31.16:389][  0]LogMeshReduction: Using QuadricMeshReduction for automatic static mesh reduction
[2022.07.27-09.31.16:389][  0]LogMeshReduction: Using SimplygonMeshReduction for automatic skeletal mesh reduction
[2022.07.27-09.31.16:389][  0]LogMeshReduction: Using ProxyLODMeshReduction for automatic mesh merging
[2022.07.27-09.31.16:389][  0]LogMeshReduction: No distributed automatic mesh merging module available
[2022.07.27-09.31.16:389][  0]LogMeshMerging: No distributed automatic mesh merging module available
[2022.07.27-09.31.16:490][  0]LogNetVersion: DisOrder 1.0.0, NetCL: 17155196, EngineNetVer: 17, GameNetVer: 0 (Checksum: 1041810708)
[2022.07.27-09.31.17:196][  0]LogTexture: Default maximum texture size for cubemaps generated from long-lat sources has been changed from 512 to unlimited. In order to preserve old behaiour for '/Engine/MapTemplates/Sky/DaylightAmbientCubemap.DaylightAmbientCubemap', its maximum texture size has been explicitly set to 512.
[2022.07.27-09.31.17:259][  0]LogHMD: PokeAHoleMaterial loaded successfully
[2022.07.27-09.31.17:264][  0]LogUObjectArray: 17178 objects as part of root set at end of initial load.
[2022.07.27-09.31.17:264][  0]LogUObjectAllocator: 4302048 out of 0 bytes used by permanent object pool.
[2022.07.27-09.31.17:264][  0]LogUObjectArray: CloseDisregardForGC: 0/0 objects in disregard for GC pool
[2022.07.27-09.31.17:387][  0]LogFMOD: FFMODStudioModule startup
[2022.07.27-09.31.17:387][  0]LogFMOD: Lib path = '../../../Engine/Plugins/FMODStudio/Binaries'
[2022.07.27-09.31.17:387][  0]LogFMOD: FFMODStudioModule::LoadDll: Loading ../../../Engine/Plugins/FMODStudio/Binaries/Win64/fmodL.dll
[2022.07.27-09.31.17:389][  0]LogFMOD: FFMODStudioModule::LoadDll: Loading ../../../Engine/Plugins/FMODStudio/Binaries/Win64/fmodstudioL.dll
[2022.07.27-09.31.17:391][  0]LogFMOD: Error: Failed to load bank lookup
[2022.07.27-09.31.17:391][  0]LogFMOD: Error: Failed to load asset lookup
[2022.07.27-09.31.17:409][  0]LogFMOD: Default sample rate = 48000
[2022.07.27-09.31.17:409][  0]LogFMOD: System sample rate = 48000
[2022.07.27-09.31.17:409][  0]LogFMOD: Matching system sample rate 48000
[2022.07.27-09.31.17:440][  0]LogFMOD: Default sample rate = 48000
[2022.07.27-09.31.17:440][  0]LogFMOD: System sample rate = 48000
[2022.07.27-09.31.17:440][  0]LogFMOD: Matching system sample rate 48000
[2022.07.27-09.31.17:643][  0]LogPython: Using Python 3.7.7
[2022.07.27-09.31.18:177][  0]LogNiagaraDebuggerClient: Niagara Debugger Client Initialized | Session: C77C34714401AC45A07CDD92F90D057F | Instance: 44A9E48A4B7BCCF3FFA53298A1242812 (DESKTOP-8NR2FO5-28388).
[2022.07.27-09.31.18:332][  0]LogTcpMessaging: Initializing TcpMessaging bridge
[2022.07.27-09.31.18:337][  0]LogUdpMessaging: Initializing bridge on interface 0.0.0.0:0 to multicast group 230.0.0.1:6666.
[2022.07.27-09.31.18:514][  0]SourceControl: Source control is disabled
[2022.07.27-09.31.18:514][  0]SourceControl: Source control is disabled
[2022.07.27-09.31.18:517][  0]SourceControl: Source control is disabled
[2022.07.27-09.31.18:521][  0]SourceControl: Source control is disabled
[2022.07.27-09.31.18:532][  0]SourceControl: Source control is disabled
[2022.07.27-09.31.18:539][  0]LogUProjectInfo: Found projects:
[2022.07.27-09.31.18:754][  0]LogOpenImageDenoise: OIDN starting up
[2022.07.27-09.31.18:813][  0]LogAndroidPermission: UAndroidPermissionCallbackProxy::GetInstance
[2022.07.27-09.31.18:839][  0]LogAudioCaptureCore: Display: No Audio Capture implementations found. Audio input will be silent.
[2022.07.27-09.31.18:839][  0]LogAudioCaptureCore: Display: No Audio Capture implementations found. Audio input will be silent.
[2022.07.27-09.31.19:034][  0]LogCollectionManager: Loaded 0 collections in 0.000718 seconds
[2022.07.27-09.31.19:059][  0]LogFileCache: Scanning file cache for directory 'E:/Unreal Projects/Project--Dis-Order/DisOrder 4.27 - 3/Saved/Collections/' took 0.00s
[2022.07.27-09.31.19:059][  0]LogFileCache: Scanning file cache for directory 'E:/Unreal Projects/Project--Dis-Order/DisOrder 4.27 - 3/Content/Developers/monst/Collections/' took 0.00s
[2022.07.27-09.31.19:059][  0]LogFileCache: Scanning file cache for directory 'E:/Unreal Projects/Project--Dis-Order/DisOrder 4.27 - 3/Content/Collections/' took 0.00s
[2022.07.27-09.31.19:059][  0]LogOcInput: OculusInput pre-init called
[2022.07.27-09.31.19:365][  0]LogClass: Warning: ObjectProperty FFMODLocalizedBankTable::Banks is not initialized properly. Module:FMODStudio File:Private/FMODBankLookup.h
[2022.07.27-09.31.19:365][  0]LogClass: Display: BoolProperty FFMODProjectLocale::bDefault is not initialized properly. Module:FMODStudio File:Classes/FMODSettings.h
[2022.07.27-09.31.19:366][  0]LogClass: Display: 2 Uninitialized script struct members found including 1 object properties
[2022.07.27-09.31.19:367][  0]LogAutomationTest: Warning: ObjectProperty FFMODLocalizedBankTable::Banks is not initialized properly. Module:FMODStudio File:Private/FMODBankLookup.h
[2022.07.27-09.31.19:368][  0]LogEngine: Initializing Engine...
[2022.07.27-09.31.19:603][  0]LogHMD: Failed to initialize OpenVR with code 108
[2022.07.27-09.31.19:852][  0]LogHMD: Optional extension XR_VARJO_quad_views is not available
[2022.07.27-09.31.19:853][  0]LogHMD: Warning: Required extension XR_EXT_eye_gaze_interaction is not available
[2022.07.27-09.31.19:853][  0]LogHMD: Could not enable all required OpenXR extensions for OpenXREyeTracker on current system. This plugin will be loaded but ignored, but will be enabled on a target platform that supports the required extension.
[2022.07.27-09.31.19:857][  0]LogHMD: Failed to get an OpenXR system, result is XR_ERROR_FORM_FACTOR_UNAVAILABLE. Please check that your runtime supports VR headsets.
[2022.07.27-09.31.19:857][  0]LogMagicLeap: Warning: VR disabled because ZI is not enabled.  To enable, in the editor, Edit -> Project Settings -> Plugins -> Magic Leap Plugin -> Enable Zero Iteration
[2022.07.27-09.31.19:886][  0]LogStats: UGameplayTagsManager::InitializeManager -  0.000 s
[2022.07.27-09.31.20:105][  0]LogInit: Initializing FReadOnlyCVARCache
[2022.07.27-09.31.20:115][  0]LogAIModule: Creating AISystem for world Untitled
[2022.07.27-09.31.20:115][  0]LogAudio: Display: Initializing Audio Device Manager...
[2022.07.27-09.31.20:121][  0]LogAudio: Display: Loading Default Audio Settings Objects...
[2022.07.27-09.31.20:121][  0]LogAudio: Display: No default SoundConcurrencyObject specified (or failed to load).
[2022.07.27-09.31.20:122][  0]LogAudio: Display: Audio Device Manager Initialized
[2022.07.27-09.31.20:122][  0]LogAudio: Display: Creating Audio Device:                 Id: 1, Scope: Shared, Realtime: True
[2022.07.27-09.31.20:122][  0]LogAudioMixer: Display: Audio Mixer Platform Settings:
[2022.07.27-09.31.20:122][  0]LogAudioMixer: Display: 	Sample Rate:						  48000
[2022.07.27-09.31.20:122][  0]LogAudioMixer: Display: 	Callback Buffer Frame Size Requested: 1024
[2022.07.27-09.31.20:122][  0]LogAudioMixer: Display: 	Callback Buffer Frame Size To Use:	  1024
[2022.07.27-09.31.20:122][  0]LogAudioMixer: Display: 	Number of buffers to queue:			  2
[2022.07.27-09.31.20:122][  0]LogAudioMixer: Display: 	Max Channels (voices):				  32
[2022.07.27-09.31.20:122][  0]LogAudioMixer: Display: 	Number of Async Source Workers:		  0
[2022.07.27-09.31.20:122][  0]LogAudio: Display: AudioDevice MaxSources: 32
[2022.07.27-09.31.20:122][  0]LogAudio: Display: Audio Spatialization Plugin: None (built-in).
[2022.07.27-09.31.20:122][  0]LogAudio: Display: Audio Reverb Plugin: None (built-in).
[2022.07.27-09.31.20:122][  0]LogAudio: Display: Audio Occlusion Plugin: None (built-in).
[2022.07.27-09.31.20:123][  0]LogAudioMixer: Display: Initializing audio mixer.
[2022.07.27-09.31.20:139][  0]LogAudioMixer: Display: 0: FrontLeft
[2022.07.27-09.31.20:139][  0]LogAudioMixer: Display: 1: FrontRight
[2022.07.27-09.31.20:180][  0]LogAudioMixer: Display: Using Audio Device Speakers (Realtek(R) Audio)
[2022.07.27-09.31.20:183][  0]LogAudioMixer: Display: Initializing Sound Submixes...
[2022.07.27-09.31.20:196][  0]LogAudioMixer: Display: Creating Master Submix 'MasterSubmixDefault'
[2022.07.27-09.31.20:196][  0]LogAudioMixer: Display: Creating Master Submix 'MasterReverbSubmixDefault'
[2022.07.27-09.31.20:197][  0]LogAudioMixer: Display: Creating Master Submix 'MasterEQSubmixDefault'
[2022.07.27-09.31.20:197][  0]LogAudioMixer: FMixerPlatformXAudio2::StartAudioStream() called
[2022.07.27-09.31.20:197][  0]LogAudioMixer: Display: Output buffers initialized: Frames=1024, Channels=2, Samples=2048
[2022.07.27-09.31.20:199][  0]LogAudioMixer: Display: Starting AudioMixerPlatformInterface::RunInternal()
[2022.07.27-09.31.20:199][  0]LogAudioMixer: Display: FMixerPlatformXAudio2::SubmitBuffer() called for the first time
[2022.07.27-09.31.20:199][  0]LogInit: FAudioDevice initialized.
[2022.07.27-09.31.20:199][  0]LogAudio: Display: Audio Device (ID: 1) registered with world 'Untitled'.
[2022.07.27-09.31.20:199][  0]LogNetVersion: Set ProjectVersion to 1.0.0.0. Version Checksum will be recalculated on next use.
[2022.07.27-09.31.20:275][  0]LogDerivedDataCache: Saved boot cache 0.08s 114MB C:/Users/monst/AppData/Local/UnrealEngine/4.27/DerivedDataCache/Boot.ddc.
[2022.07.27-09.31.20:279][  0]LogInit: Texture streaming: Enabled
[2022.07.27-09.31.20:293][  0]LogAnalytics: Display: [UEEditor.Rocket.Release] APIServer = https://datarouter.ol.epicgames.com/. AppVersion = 4.27.2-18319896+++UE4+Release-4.27
[2022.07.27-09.31.20:298][  0]LogEngineSessionManager: EngineSessionManager initialized
[2022.07.27-09.31.20:299][  0]LogEditorSessionSummary: Verbose: Initializing EditorSessionSummaryWriter for editor session tracking
[2022.07.27-09.31.20:308][  0]LogEditorSessionSummary: EditorSessionSummaryWriter initialized
[2022.07.27-09.31.21:224][  0]LogInit: Transaction tracking system initialized
[2022.07.27-09.31.21:250][  0]BlueprintLog: New page: Editor Load
[2022.07.27-09.31.21:322][  0]LocalizationService: Localization service is disabled
[2022.07.27-09.31.21:353][  0]TimingProfiler: Initialize
[2022.07.27-09.31.21:353][  0]TimingProfiler: OnSessionChanged
[2022.07.27-09.31.21:353][  0]LoadingProfiler: Initialize
[2022.07.27-09.31.21:353][  0]LoadingProfiler: OnSessionChanged
[2022.07.27-09.31.21:353][  0]NetworkingProfiler: Initialize
[2022.07.27-09.31.21:353][  0]NetworkingProfiler: OnSessionChanged
[2022.07.27-09.31.21:353][  0]MemoryProfiler: Initialize
[2022.07.27-09.31.21:353][  0]MemoryProfiler: OnSessionChanged
[2022.07.27-09.31.23:034][  0]LogCook: Display: CookSettings for Memory: MemoryMaxUsedVirtual 0MiB, MemoryMaxUsedPhysical 16384MiB, MemoryMinFreeVirtual 0MiB, MemoryMinFreePhysical 1024MiB
[2022.07.27-09.31.23:034][  0]LogCook: Display: Mobile HDR setting 1
[2022.07.27-09.31.23:078][  0]LogFileCache: Scanning file cache for directory 'E:/Unreal Projects/Project--Dis-Order/DisOrder 4.27 - 3/Content/' took 0.02s
[2022.07.27-09.31.23:078][  0]LogFMOD: FFMODStudioEditorModule startup
[2022.07.27-09.31.23:572][  0]LogInit: Display: Engine is initialized. Leaving FEngineLoop::Init()
[2022.07.27-09.31.23:579][  0]SourceControl: Source control is disabled
[2022.07.27-09.31.23:579][  0]LogUnrealEdMisc: Loading editor; pre map load, took 13.301
[2022.07.27-09.31.23:580][  0]Cmd: MAP LOAD FILE="../../../../../Unreal Projects/Project--Dis-Order/DisOrder 4.27 - 3/Content/TopDownBP/Maps/TopDownExampleMap.umap" TEMPLATE=0 SHOWPROGRESS=1 FEATURELEVEL=3
[2022.07.27-09.31.23:741][  0]LightingResults: New page: Lighting Build
[2022.07.27-09.31.23:743][  0]LogWorld: UWorld::CleanupWorld for Untitled, bSessionEnded=true, bCleanupResources=true
[2022.07.27-09.31.23:743][  0]LogSlate: InvalidateAllWidgets triggered.  All widgets were invalidated
[2022.07.27-09.31.23:743][  0]MapCheck: New page: Map Check
[2022.07.27-09.31.23:743][  0]LightingResults: New page: Lighting Build
[2022.07.27-09.31.23:748][  0]LogAudio: Display: Audio Device unregistered from world 'None'.
[2022.07.27-09.31.23:751][  0]LogUObjectHash: Compacting FUObjectHashTables data took   0.69ms
[2022.07.27-09.31.29:333][  0]LogAudio: Display: Audio Device (ID: 1) registered with world 'TopDownExampleMap'.
[2022.07.27-09.31.29:334][  0]LogAIModule: Creating AISystem for world TopDownExampleMap
[2022.07.27-09.31.29:959][  0]LogEditorServer: Finished looking for orphan Actors (0.000 secs)
[2022.07.27-09.31.29:987][  0]LogNavigationDataBuild: Display:    Building NavData:  Name Default class /Script/NavigationSystem.RecastNavMesh agent radius 35.0.
[2022.07.27-09.31.30:102][  0]LogUObjectHash: Compacting FUObjectHashTables data took   0.78ms
[2022.07.27-09.31.30:102][  0]Cmd: MAP CHECKDEP NOCLEARLOG
[2022.07.27-09.31.30:102][  0]MapCheck: Map check complete: 0 Error(s), 0 Warning(s), took 0.091ms to complete.
[2022.07.27-09.31.30:102][  0]LogFileHelpers: Loading map 'TopDownExampleMap' took 6.523
[2022.07.27-09.31.30:104][  0]LogUnrealEdMisc: Total Editor Startup Time, took 19.826
[2022.07.27-09.31.31:626][  0]LogSlate: Updating window title bar state: overlay mode, drag disabled, window buttons hidden, title bar hidden
[2022.07.27-09.31.31:634][  0]LogSlate: Updating window title bar state: overlay mode, drag disabled, window buttons hidden, title bar hidden
[2022.07.27-09.31.31:640][  0]LogSlate: Updating window title bar state: overlay mode, drag disabled, window buttons hidden, title bar hidden
[2022.07.27-09.31.31:646][  0]LogSlate: Updating window title bar state: overlay mode, drag disabled, window buttons hidden, title bar hidden
[2022.07.27-09.31.32:307][  0]LogNativeClassHierarchy: Verbose: Native class hierarchy populated in 0.0088 seconds. Added 3840 classes and 935 folders.
[2022.07.27-09.31.32:460][  0]LogNativeClassHierarchy: Verbose: Native class hierarchy updated for 'WidgetCarousel' in 0.0002 seconds. Added 0 classes and 0 folders.
[2022.07.27-09.31.32:648][  0]LogPakFile: PakFile PrimaryIndexSize=187
[2022.07.27-09.31.32:648][  0]LogPakFile: PakFile PathHashIndexSize=101
[2022.07.27-09.31.32:648][  0]LogPakFile: PakFile FullDirectoryIndexSize=148
[2022.07.27-09.31.32:723][  0]LogShaderLibrary: Display: ShaderCodeLibraryPakFileMountedCallback: PakFile 'E:/Epic Games/UE_4.27/FeaturePacks/FP_FirstPerson.upack' (chunk index -1, root 'root:/') mounted
[2022.07.27-09.31.32:723][  0]LogShaderLibrary: Display: ShaderCodeLibraryPakFileMountedCallback: pending pak file info (ChunkID:-1 Root:root:/ File:E:/Epic Games/UE_4.27/FeaturePacks/FP_FirstPerson.upack)
[2022.07.27-09.31.32:734][  0]LogPakFile: OnPakFileMounted2Time == 0.085688
[2022.07.27-09.31.32:759][  0]LogPakFile: PakFile PrimaryIndexSize=189
[2022.07.27-09.31.32:759][  0]LogPakFile: PakFile PathHashIndexSize=101
[2022.07.27-09.31.32:759][  0]LogPakFile: PakFile FullDirectoryIndexSize=152
[2022.07.27-09.31.32:759][  0]LogShaderLibrary: Display: ShaderCodeLibraryPakFileMountedCallback: PakFile 'E:/Epic Games/UE_4.27/FeaturePacks/FP_FirstPersonBP.upack' (chunk index -1, root 'root:/') mounted
[2022.07.27-09.31.32:759][  0]LogShaderLibrary: Display: ShaderCodeLibraryPakFileMountedCallback: pending pak file info (ChunkID:-1 Root:root:/ File:E:/Epic Games/UE_4.27/FeaturePacks/FP_FirstPersonBP.upack)
[2022.07.27-09.31.32:759][  0]LogPakFile: OnPakFileMounted2Time == 0.000044
[2022.07.27-09.31.32:762][  0]LogPakFile: PakFile PrimaryIndexSize=191
[2022.07.27-09.31.32:762][  0]LogPakFile: PakFile PathHashIndexSize=101
[2022.07.27-09.31.32:762][  0]LogPakFile: PakFile FullDirectoryIndexSize=160
[2022.07.27-09.31.32:762][  0]LogShaderLibrary: Display: ShaderCodeLibraryPakFileMountedCallback: PakFile 'E:/Epic Games/UE_4.27/FeaturePacks/MobileStarterContent.upack' (chunk index -1, root 'root:/') mounted
[2022.07.27-09.31.32:762][  0]LogShaderLibrary: Display: ShaderCodeLibraryPakFileMountedCallback: pending pak file info (ChunkID:-1 Root:root:/ File:E:/Epic Games/UE_4.27/FeaturePacks/MobileStarterContent.upack)
[2022.07.27-09.31.32:762][  0]LogPakFile: OnPakFileMounted2Time == 0.000034
[2022.07.27-09.31.32:766][  0]LogPakFile: PakFile PrimaryIndexSize=185
[2022.07.27-09.31.32:766][  0]LogPakFile: PakFile PathHashIndexSize=101
[2022.07.27-09.31.32:766][  0]LogPakFile: PakFile FullDirectoryIndexSize=148
[2022.07.27-09.31.32:766][  0]LogShaderLibrary: Display: ShaderCodeLibraryPakFileMountedCallback: PakFile 'E:/Epic Games/UE_4.27/FeaturePacks/StarterContent.upack' (chunk index -1, root 'root:/') mounted
[2022.07.27-09.31.32:766][  0]LogShaderLibrary: Display: ShaderCodeLibraryPakFileMountedCallback: pending pak file info (ChunkID:-1 Root:root:/ File:E:/Epic Games/UE_4.27/FeaturePacks/StarterContent.upack)
[2022.07.27-09.31.32:766][  0]LogPakFile: OnPakFileMounted2Time == 0.000037
[2022.07.27-09.31.32:769][  0]LogPakFile: PakFile PrimaryIndexSize=190
[2022.07.27-09.31.32:769][  0]LogPakFile: PakFile PathHashIndexSize=101
[2022.07.27-09.31.32:769][  0]LogPakFile: PakFile FullDirectoryIndexSize=154
[2022.07.27-09.31.32:770][  0]LogShaderLibrary: Display: ShaderCodeLibraryPakFileMountedCallback: PakFile 'E:/Epic Games/UE_4.27/FeaturePacks/TP_2DSideScroller.upack' (chunk index -1, root 'root:/') mounted
[2022.07.27-09.31.32:770][  0]LogShaderLibrary: Display: ShaderCodeLibraryPakFileMountedCallback: pending pak file info (ChunkID:-1 Root:root:/ File:E:/Epic Games/UE_4.27/FeaturePacks/TP_2DSideScroller.upack)
[2022.07.27-09.31.32:770][  0]LogPakFile: OnPakFileMounted2Time == 0.000038
[2022.07.27-09.31.32:773][  0]LogPakFile: PakFile PrimaryIndexSize=192
[2022.07.27-09.31.32:773][  0]LogPakFile: PakFile PathHashIndexSize=101
[2022.07.27-09.31.32:773][  0]LogPakFile: PakFile FullDirectoryIndexSize=158
[2022.07.27-09.31.32:773][  0]LogShaderLibrary: Display: ShaderCodeLibraryPakFileMountedCallback: PakFile 'E:/Epic Games/UE_4.27/FeaturePacks/TP_2DSideScrollerBP.upack' (chunk index -1, root 'root:/') mounted
[2022.07.27-09.31.32:773][  0]LogShaderLibrary: Display: ShaderCodeLibraryPakFileMountedCallback: pending pak file info (ChunkID:-1 Root:root:/ File:E:/Epic Games/UE_4.27/FeaturePacks/TP_2DSideScrollerBP.upack)
[2022.07.27-09.31.32:773][  0]LogPakFile: OnPakFileMounted2Time == 0.000036
[2022.07.27-09.31.32:774][  0]LogPakFile: PakFile PrimaryIndexSize=182
[2022.07.27-09.31.32:774][  0]LogPakFile: PakFile PathHashIndexSize=101
[2022.07.27-09.31.32:774][  0]LogPakFile: PakFile FullDirectoryIndexSize=138
[2022.07.27-09.31.32:774][  0]LogShaderLibrary: Display: ShaderCodeLibraryPakFileMountedCallback: PakFile 'E:/Epic Games/UE_4.27/FeaturePacks/TP_Flying.upack' (chunk index -1, root 'root:/') mounted
[2022.07.27-09.31.32:775][  0]LogShaderLibrary: Display: ShaderCodeLibraryPakFileMountedCallback: pending pak file info (ChunkID:-1 Root:root:/ File:E:/Epic Games/UE_4.27/FeaturePacks/TP_Flying.upack)
[2022.07.27-09.31.32:775][  0]LogPakFile: OnPakFileMounted2Time == 0.000037
[2022.07.27-09.31.32:777][  0]LogPakFile: PakFile PrimaryIndexSize=184
[2022.07.27-09.31.32:777][  0]LogPakFile: PakFile PathHashIndexSize=101
[2022.07.27-09.31.32:777][  0]LogPakFile: PakFile FullDirectoryIndexSize=142
[2022.07.27-09.31.32:777][  0]LogShaderLibrary: Display: ShaderCodeLibraryPakFileMountedCallback: PakFile 'E:/Epic Games/UE_4.27/FeaturePacks/TP_FlyingBP.upack' (chunk index -1, root 'root:/') mounted
[2022.07.27-09.31.32:777][  0]LogShaderLibrary: Display: ShaderCodeLibraryPakFileMountedCallback: pending pak file info (ChunkID:-1 Root:root:/ File:E:/Epic Games/UE_4.27/FeaturePacks/TP_FlyingBP.upack)
[2022.07.27-09.31.32:777][  0]LogPakFile: OnPakFileMounted2Time == 0.000036
[2022.07.27-09.31.32:780][  0]LogPakFile: PakFile PrimaryIndexSize=188
[2022.07.27-09.31.32:780][  0]LogPakFile: PakFile PathHashIndexSize=101
[2022.07.27-09.31.32:780][  0]LogPakFile: PakFile FullDirectoryIndexSize=150
[2022.07.27-09.31.32:780][  0]LogShaderLibrary: Display: ShaderCodeLibraryPakFileMountedCallback: PakFile 'E:/Epic Games/UE_4.27/FeaturePacks/TP_HandheldARBP.upack' (chunk index -1, root 'root:/') mounted
[2022.07.27-09.31.32:780][  0]LogShaderLibrary: Display: ShaderCodeLibraryPakFileMountedCallback: pending pak file info (ChunkID:-1 Root:root:/ File:E:/Epic Games/UE_4.27/FeaturePacks/TP_HandheldARBP.upack)
[2022.07.27-09.31.32:780][  0]LogPakFile: OnPakFileMounted2Time == 0.000035
[2022.07.27-09.31.32:796][  0]LogPakFile: PakFile PrimaryIndexSize=182
[2022.07.27-09.31.32:796][  0]LogPakFile: PakFile PathHashIndexSize=101
[2022.07.27-09.31.32:796][  0]LogPakFile: PakFile FullDirectoryIndexSize=138
[2022.07.27-09.31.32:796][  0]LogShaderLibrary: Display: ShaderCodeLibraryPakFileMountedCallback: PakFile 'E:/Epic Games/UE_4.27/FeaturePacks/TP_Puzzle.upack' (chunk index -1, root 'root:/') mounted
[2022.07.27-09.31.32:796][  0]LogShaderLibrary: Display: ShaderCodeLibraryPakFileMountedCallback: pending pak file info (ChunkID:-1 Root:root:/ File:E:/Epic Games/UE_4.27/FeaturePacks/TP_Puzzle.upack)
[2022.07.27-09.31.32:796][  0]LogPakFile: OnPakFileMounted2Time == 0.000039
[2022.07.27-09.31.32:799][  0]LogPakFile: PakFile PrimaryIndexSize=184
[2022.07.27-09.31.32:799][  0]LogPakFile: PakFile PathHashIndexSize=101
[2022.07.27-09.31.32:799][  0]LogPakFile: PakFile FullDirectoryIndexSize=142
[2022.07.27-09.31.32:799][  0]LogShaderLibrary: Display: ShaderCodeLibraryPakFileMountedCallback: PakFile 'E:/Epic Games/UE_4.27/FeaturePacks/TP_PuzzleBP.upack' (chunk index -1, root 'root:/') mounted
[2022.07.27-09.31.32:799][  0]LogShaderLibrary: Display: ShaderCodeLibraryPakFileMountedCallback: pending pak file info (ChunkID:-1 Root:root:/ File:E:/Epic Games/UE_4.27/FeaturePacks/TP_PuzzleBP.upack)
[2022.07.27-09.31.32:799][  0]LogPakFile: OnPakFileMounted2Time == 0.000035
[2022.07.27-09.31.32:805][  0]LogPakFile: PakFile PrimaryIndexSize=183
[2022.07.27-09.31.32:805][  0]LogPakFile: PakFile PathHashIndexSize=101
[2022.07.27-09.31.32:805][  0]LogPakFile: PakFile FullDirectoryIndexSize=140
[2022.07.27-09.31.32:805][  0]LogShaderLibrary: Display: ShaderCodeLibraryPakFileMountedCallback: PakFile 'E:/Epic Games/UE_4.27/FeaturePacks/TP_Rolling.upack' (chunk index -1, root 'root:/') mounted
[2022.07.27-09.31.32:805][  0]LogShaderLibrary: Display: ShaderCodeLibraryPakFileMountedCallback: pending pak file info (ChunkID:-1 Root:root:/ File:E:/Epic Games/UE_4.27/FeaturePacks/TP_Rolling.upack)
[2022.07.27-09.31.32:805][  0]LogPakFile: OnPakFileMounted2Time == 0.000038
[2022.07.27-09.31.32:807][  0]LogPakFile: PakFile PrimaryIndexSize=185
[2022.07.27-09.31.32:807][  0]LogPakFile: PakFile PathHashIndexSize=101
[2022.07.27-09.31.32:807][  0]LogPakFile: PakFile FullDirectoryIndexSize=144
[2022.07.27-09.31.32:807][  0]LogShaderLibrary: Display: ShaderCodeLibraryPakFileMountedCallback: PakFile 'E:/Epic Games/UE_4.27/FeaturePacks/TP_RollingBP.upack' (chunk index -1, root 'root:/') mounted
[2022.07.27-09.31.32:807][  0]LogShaderLibrary: Display: ShaderCodeLibraryPakFileMountedCallback: pending pak file info (ChunkID:-1 Root:root:/ File:E:/Epic Games/UE_4.27/FeaturePacks/TP_RollingBP.upack)
[2022.07.27-09.31.32:807][  0]LogPakFile: OnPakFileMounted2Time == 0.000062
[2022.07.27-09.31.32:842][  0]LogPakFile: PakFile PrimaryIndexSize=188
[2022.07.27-09.31.32:842][  0]LogPakFile: PakFile PathHashIndexSize=101
[2022.07.27-09.31.32:842][  0]LogPakFile: PakFile FullDirectoryIndexSize=150
[2022.07.27-09.31.32:842][  0]LogShaderLibrary: Display: ShaderCodeLibraryPakFileMountedCallback: PakFile 'E:/Epic Games/UE_4.27/FeaturePacks/TP_SideScroller.upack' (chunk index -1, root 'root:/') mounted
[2022.07.27-09.31.32:842][  0]LogShaderLibrary: Display: ShaderCodeLibraryPakFileMountedCallback: pending pak file info (ChunkID:-1 Root:root:/ File:E:/Epic Games/UE_4.27/FeaturePacks/TP_SideScroller.upack)
[2022.07.27-09.31.32:842][  0]LogPakFile: OnPakFileMounted2Time == 0.000038
[2022.07.27-09.31.32:852][  0]LogPakFile: PakFile PrimaryIndexSize=190
[2022.07.27-09.31.32:852][  0]LogPakFile: PakFile PathHashIndexSize=101
[2022.07.27-09.31.32:852][  0]LogPakFile: PakFile FullDirectoryIndexSize=154
[2022.07.27-09.31.32:852][  0]LogShaderLibrary: Display: ShaderCodeLibraryPakFileMountedCallback: PakFile 'E:/Epic Games/UE_4.27/FeaturePacks/TP_SideScrollerBP.upack' (chunk index -1, root 'root:/') mounted
[2022.07.27-09.31.32:852][  0]LogShaderLibrary: Display: ShaderCodeLibraryPakFileMountedCallback: pending pak file info (ChunkID:-1 Root:root:/ File:E:/Epic Games/UE_4.27/FeaturePacks/TP_SideScrollerBP.upack)
[2022.07.27-09.31.32:852][  0]LogPakFile: OnPakFileMounted2Time == 0.000037
[2022.07.27-09.31.32:855][  0]LogPakFile: PakFile PrimaryIndexSize=187
[2022.07.27-09.31.32:855][  0]LogPakFile: PakFile PathHashIndexSize=101
[2022.07.27-09.31.32:855][  0]LogPakFile: PakFile FullDirectoryIndexSize=148
[2022.07.27-09.31.32:855][  0]LogShaderLibrary: Display: ShaderCodeLibraryPakFileMountedCallback: PakFile 'E:/Epic Games/UE_4.27/FeaturePacks/TP_ThirdPerson.upack' (chunk index -1, root 'root:/') mounted
[2022.07.27-09.31.32:855][  0]LogShaderLibrary: Display: ShaderCodeLibraryPakFileMountedCallback: pending pak file info (ChunkID:-1 Root:root:/ File:E:/Epic Games/UE_4.27/FeaturePacks/TP_ThirdPerson.upack)
[2022.07.27-09.31.32:855][  0]LogPakFile: OnPakFileMounted2Time == 0.000034
[2022.07.27-09.31.32:858][  0]LogPakFile: PakFile PrimaryIndexSize=189
[2022.07.27-09.31.32:858][  0]LogPakFile: PakFile PathHashIndexSize=101
[2022.07.27-09.31.32:858][  0]LogPakFile: PakFile FullDirectoryIndexSize=152
[2022.07.27-09.31.32:858][  0]LogShaderLibrary: Display: ShaderCodeLibraryPakFileMountedCallback: PakFile 'E:/Epic Games/UE_4.27/FeaturePacks/TP_ThirdPersonBP.upack' (chunk index -1, root 'root:/') mounted
[2022.07.27-09.31.32:858][  0]LogShaderLibrary: Display: ShaderCodeLibraryPakFileMountedCallback: pending pak file info (ChunkID:-1 Root:root:/ File:E:/Epic Games/UE_4.27/FeaturePacks/TP_ThirdPersonBP.upack)
[2022.07.27-09.31.32:858][  0]LogPakFile: OnPakFileMounted2Time == 0.000034
[2022.07.27-09.31.32:862][  0]LogPakFile: PakFile PrimaryIndexSize=183
[2022.07.27-09.31.32:862][  0]LogPakFile: PakFile PathHashIndexSize=101
[2022.07.27-09.31.32:862][  0]LogPakFile: PakFile FullDirectoryIndexSize=140
[2022.07.27-09.31.32:862][  0]LogShaderLibrary: Display: ShaderCodeLibraryPakFileMountedCallback: PakFile 'E:/Epic Games/UE_4.27/FeaturePacks/TP_TopDown.upack' (chunk index -1, root 'root:/') mounted
[2022.07.27-09.31.32:862][  0]LogShaderLibrary: Display: ShaderCodeLibraryPakFileMountedCallback: pending pak file info (ChunkID:-1 Root:root:/ File:E:/Epic Games/UE_4.27/FeaturePacks/TP_TopDown.upack)
[2022.07.27-09.31.32:862][  0]LogPakFile: OnPakFileMounted2Time == 0.000043
[2022.07.27-09.31.32:865][  0]LogPakFile: PakFile PrimaryIndexSize=185
[2022.07.27-09.31.32:865][  0]LogPakFile: PakFile PathHashIndexSize=101
[2022.07.27-09.31.32:865][  0]LogPakFile: PakFile FullDirectoryIndexSize=144
[2022.07.27-09.31.32:865][  0]LogShaderLibrary: Display: ShaderCodeLibraryPakFileMountedCallback: PakFile 'E:/Epic Games/UE_4.27/FeaturePacks/TP_TopDownBP.upack' (chunk index -1, root 'root:/') mounted
[2022.07.27-09.31.32:865][  0]LogShaderLibrary: Display: ShaderCodeLibraryPakFileMountedCallback: pending pak file info (ChunkID:-1 Root:root:/ File:E:/Epic Games/UE_4.27/FeaturePacks/TP_TopDownBP.upack)
[2022.07.27-09.31.32:865][  0]LogPakFile: OnPakFileMounted2Time == 0.000041
[2022.07.27-09.31.32:869][  0]LogPakFile: PakFile PrimaryIndexSize=185
[2022.07.27-09.31.32:869][  0]LogPakFile: PakFile PathHashIndexSize=101
[2022.07.27-09.31.32:869][  0]LogPakFile: PakFile FullDirectoryIndexSize=144
[2022.07.27-09.31.32:869][  0]LogShaderLibrary: Display: ShaderCodeLibraryPakFileMountedCallback: PakFile 'E:/Epic Games/UE_4.27/FeaturePacks/TP_TwinStick.upack' (chunk index -1, root 'root:/') mounted
[2022.07.27-09.31.32:869][  0]LogShaderLibrary: Display: ShaderCodeLibraryPakFileMountedCallback: pending pak file info (ChunkID:-1 Root:root:/ File:E:/Epic Games/UE_4.27/FeaturePacks/TP_TwinStick.upack)
[2022.07.27-09.31.32:869][  0]LogPakFile: OnPakFileMounted2Time == 0.000042
[2022.07.27-09.31.32:872][  0]LogPakFile: PakFile PrimaryIndexSize=187
[2022.07.27-09.31.32:872][  0]LogPakFile: PakFile PathHashIndexSize=101
[2022.07.27-09.31.32:872][  0]LogPakFile: PakFile FullDirectoryIndexSize=148
[2022.07.27-09.31.32:872][  0]LogShaderLibrary: Display: ShaderCodeLibraryPakFileMountedCallback: PakFile 'E:/Epic Games/UE_4.27/FeaturePacks/TP_TwinStickBP.upack' (chunk index -1, root 'root:/') mounted
[2022.07.27-09.31.32:872][  0]LogShaderLibrary: Display: ShaderCodeLibraryPakFileMountedCallback: pending pak file info (ChunkID:-1 Root:root:/ File:E:/Epic Games/UE_4.27/FeaturePacks/TP_TwinStickBP.upack)
[2022.07.27-09.31.32:872][  0]LogPakFile: OnPakFileMounted2Time == 0.000035
[2022.07.27-09.31.32:875][  0]LogPakFile: PakFile PrimaryIndexSize=183
[2022.07.27-09.31.32:875][  0]LogPakFile: PakFile PathHashIndexSize=101
[2022.07.27-09.31.32:875][  0]LogPakFile: PakFile FullDirectoryIndexSize=140
[2022.07.27-09.31.32:875][  0]LogShaderLibrary: Display: ShaderCodeLibraryPakFileMountedCallback: PakFile 'E:/Epic Games/UE_4.27/FeaturePacks/TP_Vehicle.upack' (chunk index -1, root 'root:/') mounted
[2022.07.27-09.31.32:875][  0]LogShaderLibrary: Display: ShaderCodeLibraryPakFileMountedCallback: pending pak file info (ChunkID:-1 Root:root:/ File:E:/Epic Games/UE_4.27/FeaturePacks/TP_Vehicle.upack)
[2022.07.27-09.31.32:875][  0]LogPakFile: OnPakFileMounted2Time == 0.000033
[2022.07.27-09.31.32:879][  0]LogPakFile: PakFile PrimaryIndexSize=186
[2022.07.27-09.31.32:879][  0]LogPakFile: PakFile PathHashIndexSize=101
[2022.07.27-09.31.32:879][  0]LogPakFile: PakFile FullDirectoryIndexSize=146
[2022.07.27-09.31.32:879][  0]LogShaderLibrary: Display: ShaderCodeLibraryPakFileMountedCallback: PakFile 'E:/Epic Games/UE_4.27/FeaturePacks/TP_VehicleAdv.upack' (chunk index -1, root 'root:/') mounted
[2022.07.27-09.31.32:879][  0]LogShaderLibrary: Display: ShaderCodeLibraryPakFileMountedCallback: pending pak file info (ChunkID:-1 Root:root:/ File:E:/Epic Games/UE_4.27/FeaturePacks/TP_VehicleAdv.upack)
[2022.07.27-09.31.32:879][  0]LogPakFile: OnPakFileMounted2Time == 0.000037
[2022.07.27-09.31.32:882][  0]LogPakFile: PakFile PrimaryIndexSize=188
[2022.07.27-09.31.32:882][  0]LogPakFile: PakFile PathHashIndexSize=101
[2022.07.27-09.31.32:882][  0]LogPakFile: PakFile FullDirectoryIndexSize=150
[2022.07.27-09.31.32:882][  0]LogShaderLibrary: Display: ShaderCodeLibraryPakFileMountedCallback: PakFile 'E:/Epic Games/UE_4.27/FeaturePacks/TP_VehicleAdvBP.upack' (chunk index -1, root 'root:/') mounted
[2022.07.27-09.31.32:882][  0]LogShaderLibrary: Display: ShaderCodeLibraryPakFileMountedCallback: pending pak file info (ChunkID:-1 Root:root:/ File:E:/Epic Games/UE_4.27/FeaturePacks/TP_VehicleAdvBP.upack)
[2022.07.27-09.31.32:882][  0]LogPakFile: OnPakFileMounted2Time == 0.000039
[2022.07.27-09.31.32:886][  0]LogPakFile: PakFile PrimaryIndexSize=185
[2022.07.27-09.31.32:886][  0]LogPakFile: PakFile PathHashIndexSize=101
[2022.07.27-09.31.32:886][  0]LogPakFile: PakFile FullDirectoryIndexSize=144
[2022.07.27-09.31.32:886][  0]LogShaderLibrary: Display: ShaderCodeLibraryPakFileMountedCallback: PakFile 'E:/Epic Games/UE_4.27/FeaturePacks/TP_VehicleBP.upack' (chunk index -1, root 'root:/') mounted
[2022.07.27-09.31.32:886][  0]LogShaderLibrary: Display: ShaderCodeLibraryPakFileMountedCallback: pending pak file info (ChunkID:-1 Root:root:/ File:E:/Epic Games/UE_4.27/FeaturePacks/TP_VehicleBP.upack)
[2022.07.27-09.31.32:886][  0]LogPakFile: OnPakFileMounted2Time == 0.000035
[2022.07.27-09.31.32:889][  0]LogPakFile: PakFile PrimaryIndexSize=192
[2022.07.27-09.31.32:889][  0]LogPakFile: PakFile PathHashIndexSize=101
[2022.07.27-09.31.32:889][  0]LogPakFile: PakFile FullDirectoryIndexSize=158
[2022.07.27-09.31.32:889][  0]LogShaderLibrary: Display: ShaderCodeLibraryPakFileMountedCallback: PakFile 'E:/Epic Games/UE_4.27/FeaturePacks/TP_VirtualRealityBP.upack' (chunk index -1, root 'root:/') mounted
[2022.07.27-09.31.32:889][  0]LogShaderLibrary: Display: ShaderCodeLibraryPakFileMountedCallback: pending pak file info (ChunkID:-1 Root:root:/ File:E:/Epic Games/UE_4.27/FeaturePacks/TP_VirtualRealityBP.upack)
[2022.07.27-09.31.32:889][  0]LogPakFile: OnPakFileMounted2Time == 0.000039
[2022.07.27-09.31.34:175][  0]LogNativeClassHierarchy: Verbose: Native class hierarchy updated for 'AddContentDialog' in 0.0003 seconds. Added 0 classes and 0 folders.
[2022.07.27-09.31.34:268][  0]LogNativeClassHierarchy: Verbose: Native class hierarchy updated for 'SceneOutliner' in 0.0003 seconds. Added 2 classes and 0 folders.
[2022.07.27-09.31.35:342][  0]LogSlate: Took 0.000267 seconds to synchronously load lazily loaded font '../../../Engine/Content/Slate/Fonts/Roboto-Regular.ttf' (155K)
[2022.07.27-09.31.35:398][  0]LogSlate: Took 0.044947 seconds to synchronously load lazily loaded font '../../../Engine/Content/Editor/Slate/Fonts/FontAwesome.ttf' (139K)
[2022.07.27-09.31.35:439][  0]LogSlate: Took 0.000293 seconds to synchronously load lazily loaded font '../../../Engine/Content/Slate/Fonts/Roboto-Bold.ttf' (160K)
[2022.07.27-09.31.35:995][  0]LogRenderer: Reallocating scene render targets to support 1616x760 Format 10 NumSamples 1 (Frame:1).
[2022.07.27-09.31.37:125][  0]LogNativeClassHierarchy: Verbose: Native class hierarchy updated for 'HierarchicalLODOutliner' in 0.0002 seconds. Added 0 classes and 0 folders.
[2022.07.27-09.31.37:125][  0]LogInput: Warning: Action SetDestination uses invalid key OculusGo_Left_Trigger_Click.
[2022.07.27-09.31.37:125][  0]LogInput: Warning: Action ResetVR uses invalid key OculusGo_Left_Back_Click.
[2022.07.27-09.31.37:125][  0]LogInput: Warning: Use -RemoveInvalidKeys to remove instances of these keys from the action mapping.
[2022.07.27-09.31.37:125][  0]LogLoad: (Engine Initialization) Total time: 26.85 seconds
[2022.07.27-09.31.37:125][  0]LogLoad: (Engine Initialization) Total Blueprint compile time: 0.00 seconds
[2022.07.27-09.31.37:201][  0]LogAssetRegistry: Asset discovery search completed in 21.1844 seconds
[2022.07.27-09.31.37:328][  0]LogFMOD: Display: Loaded bank lookup
[2022.07.27-09.31.37:328][  0]LogFMOD: Error: Failed to load asset lookup
[2022.07.27-09.31.37:336][  0]LogFMOD: Default sample rate = 48000
[2022.07.27-09.31.37:337][  0]LogFMOD: System sample rate = 48000
[2022.07.27-09.31.37:337][  0]LogFMOD: Matching system sample rate 48000
[2022.07.27-09.31.37:358][  0]LogFMOD: Warning: Master bank (Master.bank) not found.
[2022.07.27-09.31.37:516][  0]LogFMOD: Default sample rate = 48000
[2022.07.27-09.31.37:516][  0]LogFMOD: System sample rate = 48000
[2022.07.27-09.31.37:516][  0]LogFMOD: Matching system sample rate 48000
[2022.07.27-09.31.37:531][  0]LogFMOD: Warning: Master bank (Master.bank) not found.
[2022.07.27-09.31.37:578][  0]LogFMOD: Warning: Problem loading FMOD Bank: Could not find master bank (Master.bank). Check project settings.
[2022.07.27-09.31.37:581][  0]LogFMOD: Display: Loaded bank lookup
[2022.07.27-09.31.37:581][  0]LogFMOD: Error: Failed to load asset lookup
[2022.07.27-09.31.37:583][  0]LogCollectionManager: Fixed up redirectors for 0 collections in 0.000004 seconds (updated 0 objects)
[2022.07.27-09.31.37:583][  0]LogContentStreaming: Texture pool size now 1000 MB
[2022.07.27-09.31.37:616][  0]LogSlate: Took 0.018043 seconds to synchronously load lazily loaded font '../../../Engine/Content/Slate/Fonts/Roboto-Light.ttf' (167K)
[2022.07.27-09.36.22:752][129]LogDirectoryWatcher: Display: A directory notification failed for 'E:/Unreal Projects/Project--Dis-Order/DisOrder 4.27 - 3/Content/Collections/' because it could not be accessed. Aborting watch request...
[2022.07.27-09.36.22:753][129]LogDirectoryWatcher: Display: A directory notification failed for 'E:/Unreal Projects/Project--Dis-Order/DisOrder 4.27 - 3/Content/Developers/monst/Collections/' because it could not be accessed. Aborting watch request...
[2022.07.27-09.36.23:081][130]LogDirectoryWatcher: Display: A directory notification failed for 'E:/Unreal Projects/Project--Dis-Order/DisOrder 4.27 - 3/Saved/Collections/' because it could not be accessed. Aborting watch request...
