"../../../Engine/Content/Functions/Engine_MaterialFunctions01/Opacity/CameraDepthFade.uasset" 0
"../../../Engine/Content/Functions/Engine_MaterialFunctions01/Opacity/CameraDepthFade.uexp" 1
"../../../Engine/Content/EngineMaterials/T_Default_Material_Grid_N.uasset" 2
"../../../Engine/Content/EngineMaterials/T_Default_Material_Grid_N.uexp" 3
"../../../Engine/Content/EngineMaterials/T_Default_Material_Grid_N.ubulk" 4
"../../../Engine/Content/EngineMaterials/T_Default_Material_Grid_M.uasset" 5
"../../../Engine/Content/EngineMaterials/T_Default_Material_Grid_M.uexp" 6
"../../../Engine/Content/EngineMaterials/T_Default_Material_Grid_M.ubulk" 7
"../../../Engine/Content/EngineMaterials/WorldGridMaterial.uasset" 8
"../../../Engine/Content/EngineMaterials/WorldGridMaterial.uexp" 9
"../../../Engine/Content/ArtTools/RenderToTexture/Meshes/S_1_Unit_Plane.uasset" 10
"../../../Engine/Content/ArtTools/RenderToTexture/Meshes/S_1_Unit_Plane.uexp" 11
"../../../Engine/Content/EngineMaterials/DefaultMaterial.uasset" 12
"../../../Engine/Content/EngineMaterials/DefaultMaterial.uexp" 13
"../../../Engine/Content/BasicShapes/Cone.uasset" 14
"../../../Engine/Content/BasicShapes/Cone.uexp" 15
"../../../Engine/Content/BasicShapes/Plane.uasset" 16
"../../../Engine/Content/BasicShapes/Plane.uexp" 17
"../../../Engine/Content/BasicShapes/Sphere.uasset" 18
"../../../Engine/Content/BasicShapes/Sphere.uexp" 19
"../../../Engine/Content/EngineDamageTypes/DmgTypeBP_Environmental.uasset" 20
"../../../Engine/Content/EngineDamageTypes/DmgTypeBP_Environmental.uexp" 21
"../../../Engine/Content/EngineDebugMaterials/DebugEditorMaterial.uasset" 22
"../../../Engine/Content/EngineDebugMaterials/DebugEditorMaterial.uexp" 23
"../../../Engine/Content/EngineDebugMaterials/DebugMeshMaterial.uasset" 24
"../../../Engine/Content/EngineDebugMaterials/DebugMeshMaterial.uexp" 25
"../../../Engine/Content/EngineDebugMaterials/M_SimpleUnlitTranslucent.uasset" 26
"../../../Engine/Content/EngineDebugMaterials/M_SimpleUnlitTranslucent.uexp" 27
"../../../Engine/Content/EngineDebugMaterials/VolumeToRender.uasset" 28
"../../../Engine/Content/EngineDebugMaterials/VolumeToRender.uexp" 29
"../../../Engine/Content/Functions/Engine_MaterialFunctions02/Utility/CameraDirectionVector.uasset" 30
"../../../Engine/Content/Functions/Engine_MaterialFunctions02/Utility/CameraDirectionVector.uexp" 31
"../../../Engine/Content/EngineDebugMaterials/M_VolumeRenderSphereTracePP.uasset" 32
"../../../Engine/Content/EngineDebugMaterials/M_VolumeRenderSphereTracePP.uexp" 33
"../../../Engine/Content/Functions/Engine_MaterialFunctions01/Shading/ConvertFromDiffSpec.uasset" 34
"../../../Engine/Content/Functions/Engine_MaterialFunctions01/Shading/ConvertFromDiffSpec.uexp" 35
"../../../Engine/Content/EngineDebugMaterials/VertexColorMaterial.uasset" 36
"../../../Engine/Content/EngineDebugMaterials/VertexColorMaterial.uexp" 37
"../../../Engine/Content/EngineDebugMaterials/WireframeMaterial.uasset" 38
"../../../Engine/Content/EngineDebugMaterials/WireframeMaterial.uexp" 39
"../../../Engine/Content/EngineFonts/Faces/RobotoRegular.uasset" 40
"../../../Engine/Content/EngineFonts/Faces/RobotoRegular.uexp" 41
"../../../Engine/Content/EngineFonts/Faces/RobotoRegular.ufont" 42
"../../../Engine/Content/EngineFonts/Faces/RobotoLight.uasset" 43
"../../../Engine/Content/EngineFonts/Faces/RobotoLight.uexp" 44
"../../../Engine/Content/EngineFonts/Faces/RobotoLight.ufont" 45
"../../../Engine/Content/EngineFonts/Faces/RobotoItalic.uasset" 46
"../../../Engine/Content/EngineFonts/Faces/RobotoItalic.uexp" 47
"../../../Engine/Content/EngineFonts/Faces/RobotoItalic.ufont" 48
"../../../Engine/Content/EngineFonts/Faces/RobotoBoldItalic.uasset" 49
"../../../Engine/Content/EngineFonts/Faces/RobotoBoldItalic.uexp" 50
"../../../Engine/Content/EngineFonts/Faces/RobotoBoldItalic.ufont" 51
"../../../Engine/Content/EngineFonts/Faces/RobotoBold.uasset" 52
"../../../Engine/Content/EngineFonts/Faces/RobotoBold.uexp" 53
"../../../Engine/Content/EngineFonts/Faces/RobotoBold.ufont" 54
"../../../Engine/Content/EngineFonts/Faces/DroidSansFallback.uasset" 55
"../../../Engine/Content/EngineFonts/Faces/DroidSansFallback.uexp" 56
"../../../Engine/Content/EngineFonts/Faces/DroidSansFallback.ufont" 57
"../../../Engine/Content/EngineFonts/Roboto.uasset" 58
"../../../Engine/Content/EngineFonts/Roboto.uexp" 59
"../../../Engine/Content/EngineMaterials/BaseFlattenGrayscaleMap.uasset" 60
"../../../Engine/Content/EngineMaterials/BaseFlattenGrayscaleMap.uexp" 61
"../../../Engine/Content/EngineMaterials/BaseFlattenEmissiveMap.uasset" 62
"../../../Engine/Content/EngineMaterials/BaseFlattenEmissiveMap.uexp" 63
"../../../Engine/Content/EngineMaterials/BaseFlattenDiffuseMap.uasset" 64
"../../../Engine/Content/EngineMaterials/BaseFlattenDiffuseMap.uexp" 65
"../../../Engine/Content/EngineMaterials/BaseFlattenNormalMap.uasset" 66
"../../../Engine/Content/EngineMaterials/BaseFlattenNormalMap.uexp" 67
"../../../Engine/Content/EngineMaterials/BaseFlattenMaterial.uasset" 68
"../../../Engine/Content/EngineMaterials/BaseFlattenMaterial.uexp" 69
"../../../Engine/Content/EngineMaterials/BlueNoise.uasset" 70
"../../../Engine/Content/EngineMaterials/BlueNoise.uexp" 71
"../../../Engine/Content/EngineMaterials/DefaultBloomKernel.uasset" 72
"../../../Engine/Content/EngineMaterials/DefaultBloomKernel.uexp" 73
"../../../Engine/Content/EngineMaterials/DefaultBokeh.uasset" 74
"../../../Engine/Content/EngineMaterials/DefaultBokeh.uexp" 75
"../../../Engine/Content/EngineMaterials/DefaultDiffuse.uasset" 76
"../../../Engine/Content/EngineMaterials/DefaultDiffuse.uexp" 77
"../../../Engine/Content/EngineMaterials/DefaultDiffuse.ubulk" 78
"../../../Engine/Content/EngineMaterials/DefaultDeferredDecalMaterial.uasset" 79
"../../../Engine/Content/EngineMaterials/DefaultDeferredDecalMaterial.uexp" 80
"../../../Engine/Content/EngineMaterials/DefaultLightFunctionMaterial.uasset" 81
"../../../Engine/Content/EngineMaterials/DefaultLightFunctionMaterial.uexp" 82
"../../../Engine/Content/EngineMaterials/DefaultPhysicalMaterial.uasset" 83
"../../../Engine/Content/EngineMaterials/DefaultPhysicalMaterial.uexp" 84
"../../../Engine/Content/Functions/Engine_MaterialFunctions02/Utility/BreakOutFloat2Components.uasset" 85
"../../../Engine/Content/Functions/Engine_MaterialFunctions02/Utility/BreakOutFloat2Components.uexp" 86
"../../../Engine/Content/EngineMaterials/DefaultPostProcessMaterial.uasset" 87
"../../../Engine/Content/EngineMaterials/DefaultPostProcessMaterial.uexp" 88
"../../../Engine/Content/EngineFonts/RobotoDistanceField.uasset" 89
"../../../Engine/Content/EngineFonts/RobotoDistanceField.uexp" 90
"../../../Engine/Content/EngineMaterials/DefaultTextMaterialOpaque.uasset" 91
"../../../Engine/Content/EngineMaterials/DefaultTextMaterialOpaque.uexp" 92
"../../../Engine/Content/EngineMaterials/DefaultWhiteGrid.uasset" 93
"../../../Engine/Content/EngineMaterials/DefaultWhiteGrid.uexp" 94
"../../../Engine/Content/EngineMaterials/DefaultWhiteGrid.ubulk" 95
"../../../Engine/Content/EngineMaterials/DefaultWhiteGrid_Low.uasset" 96
"../../../Engine/Content/EngineMaterials/DefaultWhiteGrid_Low.uexp" 97
"../../../Engine/Content/EngineMaterials/EmissiveMeshMaterial.uasset" 98
"../../../Engine/Content/EngineMaterials/EmissiveMeshMaterial.uexp" 99
"../../../Engine/Content/EngineMaterials/GizmoMaterial.uasset" 100
"../../../Engine/Content/EngineMaterials/GizmoMaterial.uexp" 101
"../../../Engine/Content/EngineMaterials/Good64x64TilingNoiseHighFreq.uasset" 102
"../../../Engine/Content/EngineMaterials/Good64x64TilingNoiseHighFreq.uexp" 103
"../../../Engine/Content/EngineMaterials/MiniFont.uasset" 104
"../../../Engine/Content/EngineMaterials/MiniFont.uexp" 105
"../../../Engine/Content/EngineMaterials/InvalidLightmapSettings.uasset" 106
"../../../Engine/Content/EngineMaterials/InvalidLightmapSettings.uexp" 107
"../../../Engine/Content/EngineMaterials/InvalidLightmapSettings.ubulk" 108
"../../../Engine/Content/EngineMaterials/M_InvalidLightmapSettings.uasset" 109
"../../../Engine/Content/EngineMaterials/M_InvalidLightmapSettings.uexp" 110
"../../../Engine/Content/Functions/Engine_MaterialFunctions02/WorldPositionOffset/CameraOffset.uasset" 111
"../../../Engine/Content/Functions/Engine_MaterialFunctions02/WorldPositionOffset/CameraOffset.uexp" 112
"../../../Engine/Content/EngineMaterials/PhAT_JointLimitMaterial.uasset" 113
"../../../Engine/Content/EngineMaterials/PhAT_JointLimitMaterial.uexp" 114
"../../../Engine/Content/EngineMaterials/DefaultCalibrationColor.uasset" 115
"../../../Engine/Content/EngineMaterials/DefaultCalibrationColor.uexp" 116
"../../../Engine/Content/EngineMaterials/PPM_DefaultCalibrationColor.uasset" 117
"../../../Engine/Content/EngineMaterials/PPM_DefaultCalibrationColor.uexp" 118
"../../../Engine/Content/EngineMaterials/DefaultCalibrationGrayscale.uasset" 119
"../../../Engine/Content/EngineMaterials/DefaultCalibrationGrayscale.uexp" 120
"../../../Engine/Content/EngineMaterials/PPM_DefaultCalibrationGrayscale.uasset" 121
"../../../Engine/Content/EngineMaterials/PPM_DefaultCalibrationGrayscale.uexp" 122
"../../../Engine/Content/EngineMaterials/PreintegratedSkinBRDF.uasset" 123
"../../../Engine/Content/EngineMaterials/PreintegratedSkinBRDF.uexp" 124
"../../../Engine/Content/EngineMaterials/RemoveSurfaceMaterial.uasset" 125
"../../../Engine/Content/EngineMaterials/RemoveSurfaceMaterial.uexp" 126
"../../../Engine/Content/EngineMaterials/WeightMapPlaceholderTexture.uasset" 127
"../../../Engine/Content/EngineMaterials/WeightMapPlaceholderTexture.uexp" 128
"../../../Engine/Content/EngineResources/WhiteSquareTexture.uasset" 129
"../../../Engine/Content/EngineResources/WhiteSquareTexture.uexp" 130
"../../../Engine/Content/EngineMaterials/Widget3DPassThrough.uasset" 131
"../../../Engine/Content/EngineMaterials/Widget3DPassThrough.uexp" 132
"../../../Engine/Content/EngineMaterials/Widget3DPassThrough_Masked.uasset" 133
"../../../Engine/Content/EngineMaterials/Widget3DPassThrough_Masked.uexp" 134
"../../../Engine/Content/EngineMaterials/Widget3DPassThrough_Opaque.uasset" 135
"../../../Engine/Content/EngineMaterials/Widget3DPassThrough_Opaque.uexp" 136
"../../../Engine/Content/EngineMaterials/Widget3DPassThrough_Masked_OneSided.uasset" 137
"../../../Engine/Content/EngineMaterials/Widget3DPassThrough_Masked_OneSided.uexp" 138
"../../../Engine/Content/EngineMaterials/Widget3DPassThrough_Opaque_OneSided.uasset" 139
"../../../Engine/Content/EngineMaterials/Widget3DPassThrough_Opaque_OneSided.uexp" 140
"../../../Engine/Content/EngineMaterials/Widget3DPassThrough_Translucent.uasset" 141
"../../../Engine/Content/EngineMaterials/Widget3DPassThrough_Translucent.uexp" 142
"../../../Engine/Content/EngineMaterials/Widget3DPassThrough_Translucent_OneSided.uasset" 143
"../../../Engine/Content/EngineMaterials/Widget3DPassThrough_Translucent_OneSided.uexp" 144
"../../../Engine/Content/EngineMeshes/Cylinder.uasset" 145
"../../../Engine/Content/EngineMeshes/Cylinder.uexp" 146
"../../../Engine/Content/EngineMeshes/Sphere.uasset" 147
"../../../Engine/Content/EngineMeshes/Sphere.uexp" 148
"../../../Engine/Content/EngineResources/DefaultTexture.uasset" 149
"../../../Engine/Content/EngineResources/DefaultTexture.uexp" 150
"../../../Engine/Content/EngineResources/DefaultTexture.ubulk" 151
"../../../Engine/Content/EngineResources/DefaultTextureCube.uasset" 152
"../../../Engine/Content/EngineResources/DefaultTextureCube.uexp" 153
"../../../Engine/Content/EngineResources/DefaultVolumeTexture2D.uasset" 154
"../../../Engine/Content/EngineResources/DefaultVolumeTexture2D.uexp" 155
"../../../Engine/Content/EngineResources/DefaultVolumeTexture.uasset" 156
"../../../Engine/Content/EngineResources/DefaultVolumeTexture.uexp" 157
"../../../Engine/Content/EngineResources/GradientTexture0.uasset" 158
"../../../Engine/Content/EngineResources/GradientTexture0.uexp" 159
"../../../Engine/Content/EngineSky/VolumetricClouds/T_NoiseShape64.uasset" 160
"../../../Engine/Content/EngineSky/VolumetricClouds/T_NoiseShape64.uexp" 161
"../../../Engine/Content/EngineSky/VolumetricClouds/T_NoiseShape64.ubulk" 162
"../../../Engine/Content/EngineSky/VolumetricClouds/T_VolumeNoiseShape64.uasset" 163
"../../../Engine/Content/EngineSky/VolumetricClouds/T_VolumeNoiseShape64.uexp" 164
"../../../Engine/Content/EngineSky/VolumetricClouds/T_NoiseErosion.uasset" 165
"../../../Engine/Content/EngineSky/VolumetricClouds/T_NoiseErosion.uexp" 166
"../../../Engine/Content/EngineSky/VolumetricClouds/T_NoiseErosion.ubulk" 167
"../../../Engine/Content/EngineSky/VolumetricClouds/T_VolumeNoiseErosion32.uasset" 168
"../../../Engine/Content/EngineSky/VolumetricClouds/T_VolumeNoiseErosion32.uexp" 169
"../../../Engine/Content/EngineSky/VolumetricClouds/CloudWeatherTexture.uasset" 170
"../../../Engine/Content/EngineSky/VolumetricClouds/CloudWeatherTexture.uexp" 171
"../../../Engine/Content/EngineSky/VolumetricClouds/CloudGradientTexture.uasset" 172
"../../../Engine/Content/EngineSky/VolumetricClouds/CloudGradientTexture.uexp" 173
"../../../Engine/Content/Functions/Engine_MaterialFunctions02/Utility/MakeFloat2.uasset" 174
"../../../Engine/Content/Functions/Engine_MaterialFunctions02/Utility/MakeFloat2.uexp" 175
"../../../Engine/Content/EngineSky/VolumetricClouds/m_SimpleVolumetricCloud.uasset" 176
"../../../Engine/Content/EngineSky/VolumetricClouds/m_SimpleVolumetricCloud.uexp" 177
"../../../Engine/Content/EngineSky/VolumetricClouds/m_SimpleVolumetricCloud_Inst.uasset" 178
"../../../Engine/Content/EngineSky/VolumetricClouds/m_SimpleVolumetricCloud_Inst.uexp" 179
"../../../Engine/Content/EngineSounds/Master.uasset" 180
"../../../Engine/Content/EngineSounds/Master.uexp" 181
"../../../Engine/Content/Functions/Engine_MaterialFunctions01/Shading/PowerToRoughness.uasset" 182
"../../../Engine/Content/Functions/Engine_MaterialFunctions01/Shading/PowerToRoughness.uexp" 183
"../../../Engine/Content/Maps/Templates/Thumbnails/Default.uasset" 184
"../../../Engine/Content/Maps/Templates/Thumbnails/Default.uexp" 185
"../../../Engine/Content/Maps/Templates/Thumbnails/TimeOfDay.uasset" 186
"../../../Engine/Content/Maps/Templates/Thumbnails/TimeOfDay.uexp" 187
"../../../Engine/Content/Maps/Templates/Thumbnails/VR-Basic.uasset" 188
"../../../Engine/Content/Maps/Templates/Thumbnails/VR-Basic.uexp" 189
"../../../Engine/Content/MobileResources/T_MobileControls_texture.uasset" 190
"../../../Engine/Content/MobileResources/T_MobileControls_texture.uexp" 191
"../../../Engine/Content/MobileResources/T_MobileMenu2.uasset" 192
"../../../Engine/Content/MobileResources/T_MobileMenu2.uexp" 193
"../../../Engine/Content/MobileResources/HUD/AnalogHat.uasset" 194
"../../../Engine/Content/MobileResources/HUD/AnalogHat.uexp" 195
"../../../Engine/Content/MobileResources/HUD/VirtualJoystick_Thumb.uasset" 196
"../../../Engine/Content/MobileResources/HUD/VirtualJoystick_Thumb.uexp" 197
"../../../Engine/Content/MobileResources/HUD/VirtualJoystick_Background.uasset" 198
"../../../Engine/Content/MobileResources/HUD/VirtualJoystick_Background.uexp" 199
"../../../Engine/Content/MobileResources/HUD/DefaultVirtualJoysticks.uasset" 200
"../../../Engine/Content/MobileResources/HUD/DefaultVirtualJoysticks.uexp" 201
"../../../Engine/Content/MobileResources/HUD/LeftVirtualJoystickOnly.uasset" 202
"../../../Engine/Content/MobileResources/HUD/LeftVirtualJoystickOnly.uexp" 203
"../../../Engine/Content/MobileResources/HUD/MobileHUDButton1_off.uasset" 204
"../../../Engine/Content/MobileResources/HUD/MobileHUDButton1_off.uexp" 205
"../../../Engine/Content/MobileResources/HUD/MobileHUDButton1_on.uasset" 206
"../../../Engine/Content/MobileResources/HUD/MobileHUDButton1_on.uexp" 207
"../../../Engine/Content/MobileResources/HUD/MobileHUDButton2_off.uasset" 208
"../../../Engine/Content/MobileResources/HUD/MobileHUDButton2_off.uexp" 209
"../../../Engine/Content/MobileResources/HUD/MobileHUDButton2_on.uasset" 210
"../../../Engine/Content/MobileResources/HUD/MobileHUDButton2_on.uexp" 211
"../../../Engine/Content/MobileResources/HUD/MobileHUDButton3.uasset" 212
"../../../Engine/Content/MobileResources/HUD/MobileHUDButton3.uexp" 213
"../../../Engine/Content/MobileResources/HUD/MobileHUDButtonFire.uasset" 214
"../../../Engine/Content/MobileResources/HUD/MobileHUDButtonFire.uexp" 215
"../../../Engine/Content/MobileResources/HUD/MobileHUDDirectionPad.uasset" 216
"../../../Engine/Content/MobileResources/HUD/MobileHUDDirectionPad.uexp" 217
"../../../Engine/Content/MobileResources/HUD/MobileHUDDirectionPad2.uasset" 218
"../../../Engine/Content/MobileResources/HUD/MobileHUDDirectionPad2.uexp" 219
"../../../Engine/Content/MobileResources/HUD/MobileHUDDirectionPad3.uasset" 220
"../../../Engine/Content/MobileResources/HUD/MobileHUDDirectionPad3.uexp" 221
"../../../Engine/Content/MobileResources/HUD/MobileHUDDirectionStick.uasset" 222
"../../../Engine/Content/MobileResources/HUD/MobileHUDDirectionStick.uexp" 223
"../../../Engine/Content/MobileResources/HUD/T_Castle_ThumbstickInner.uasset" 224
"../../../Engine/Content/MobileResources/HUD/T_Castle_ThumbstickInner.uexp" 225
"../../../Engine/Content/MobileResources/HUD/T_Castle_ThumbstickOutter.uasset" 226
"../../../Engine/Content/MobileResources/HUD/T_Castle_ThumbstickOutter.uexp" 227
"../../../Engine/Content/Tutorial/ContentIntroCurve.uasset" 228
"../../../Engine/Content/Tutorial/ContentIntroCurve.uexp" 229
"../../../Engine/Content/Tutorial/Basics/TutorialAssets/icon_tab_Levels_40x.uasset" 230
"../../../Engine/Content/Tutorial/Basics/TutorialAssets/icon_tab_Levels_40x.uexp" 231
"../../../Engine/Content/Tutorial/BlueprintTutorials/TutorialAssets/Blueprint_64x.uasset" 232
"../../../Engine/Content/Tutorial/BlueprintTutorials/TutorialAssets/Blueprint_64x.uexp" 233
"../../../Engine/Plugins/2D/Paper2D/Content/PlaceholderTextures/DummySpriteTexture.uasset" 234
"../../../Engine/Plugins/2D/Paper2D/Content/PlaceholderTextures/DummySpriteTexture.uexp" 235
"../../../Engine/Plugins/2D/Paper2D/Content/PlaceholderTextures/DummySpriteTexture.ubulk" 236
"../../../Engine/Plugins/2D/Paper2D/Content/DummySprite.uasset" 237
"../../../Engine/Plugins/2D/Paper2D/Content/DummySprite.uexp" 238
"../../../Engine/Plugins/2D/Paper2D/Content/DefaultPaperTerrainMaterial.uasset" 239
"../../../Engine/Plugins/2D/Paper2D/Content/DefaultPaperTerrainMaterial.uexp" 240
"../../../Engine/Plugins/2D/Paper2D/Content/DefaultSpriteMaterial.uasset" 241
"../../../Engine/Plugins/2D/Paper2D/Content/DefaultSpriteMaterial.uexp" 242
"../../../Engine/Plugins/2D/Paper2D/Content/MaskedUnlitSpriteMaterial.uasset" 243
"../../../Engine/Plugins/2D/Paper2D/Content/MaskedUnlitSpriteMaterial.uexp" 244
"../../../Engine/Plugins/2D/Paper2D/Content/OpaqueUnlitSpriteMaterial.uasset" 245
"../../../Engine/Plugins/2D/Paper2D/Content/OpaqueUnlitSpriteMaterial.uexp" 246
"../../../Engine/Content/Functions/Engine_MaterialFunctions02/Utility/BreakOutFloat3Components.uasset" 247
"../../../Engine/Content/Functions/Engine_MaterialFunctions02/Utility/BreakOutFloat3Components.uexp" 248
"../../../Engine/Plugins/Editor/SpeedTreeImporter/Content/SpeedTree9/UnpackInteger3.uasset" 249
"../../../Engine/Plugins/Editor/SpeedTreeImporter/Content/SpeedTree9/UnpackInteger3.uexp" 250
"../../../Engine/Plugins/Editor/SpeedTreeImporter/Content/SpeedTree9/UnpackDirection.uasset" 251
"../../../Engine/Plugins/Editor/SpeedTreeImporter/Content/SpeedTree9/UnpackDirection.uexp" 252
"../../../Engine/Plugins/Editor/SpeedTreeImporter/Content/SpeedTree9/game_wind_noise.uasset" 253
"../../../Engine/Plugins/Editor/SpeedTreeImporter/Content/SpeedTree9/game_wind_noise.uexp" 254
"../../../Engine/Plugins/Editor/SpeedTreeImporter/Content/SpeedTree9/game_wind_noise.ubulk" 255
"../../../Engine/Content/Functions/Engine_MaterialFunctions02/SafeNormalize.uasset" 256
"../../../Engine/Content/Functions/Engine_MaterialFunctions02/SafeNormalize.uexp" 257
"../../../Engine/Plugins/Editor/SpeedTreeImporter/Content/SpeedTree9/SpeedTreeWindMotion.uasset" 258
"../../../Engine/Plugins/Editor/SpeedTreeImporter/Content/SpeedTree9/SpeedTreeWindMotion.uexp" 259
"../../../Engine/Plugins/Editor/SpeedTreeImporter/Content/SpeedTree9/SpeedTreeBranchMotion.uasset" 260
"../../../Engine/Plugins/Editor/SpeedTreeImporter/Content/SpeedTree9/SpeedTreeBranchMotion.uexp" 261
"../../../Engine/Content/Functions/Engine_MaterialFunctions02/Utility/VectorLength.uasset" 262
"../../../Engine/Content/Functions/Engine_MaterialFunctions02/Utility/VectorLength.uexp" 263
"../../../Engine/Content/Functions/Engine_MaterialFunctions02/WorldPositionOffset/ObjectScale.uasset" 264
"../../../Engine/Content/Functions/Engine_MaterialFunctions02/WorldPositionOffset/ObjectScale.uexp" 265
"../../../Engine/Content/Functions/Engine_MaterialFunctions02/ObjectLocalBounds.uasset" 266
"../../../Engine/Content/Functions/Engine_MaterialFunctions02/ObjectLocalBounds.uexp" 267
"../../../Engine/Content/Functions/Engine_MaterialFunctions02/UVs/BoundingBoxBased_0-1_UVW.uasset" 268
"../../../Engine/Content/Functions/Engine_MaterialFunctions02/UVs/BoundingBoxBased_0-1_UVW.uexp" 269
"../../../Engine/Plugins/Editor/SpeedTreeImporter/Content/SpeedTree9/SpeedTreeWind.uasset" 270
"../../../Engine/Plugins/Editor/SpeedTreeImporter/Content/SpeedTree9/SpeedTreeWind.uexp" 271
"../../../Engine/Plugins/Editor/SpeedTreeImporter/Content/SpeedTree9/SpeedTreeBillboard.uasset" 272
"../../../Engine/Plugins/Editor/SpeedTreeImporter/Content/SpeedTree9/SpeedTreeBillboard.uexp" 273
"../../../Engine/Plugins/Editor/SpeedTreeImporter/Content/SpeedTree9/EmptyNormal.uasset" 274
"../../../Engine/Plugins/Editor/SpeedTreeImporter/Content/SpeedTree9/EmptyNormal.uexp" 275
"../../../Engine/Plugins/Editor/SpeedTreeImporter/Content/SpeedTree9/Empty.uasset" 276
"../../../Engine/Plugins/Editor/SpeedTreeImporter/Content/SpeedTree9/Empty.uexp" 277
"../../../Engine/Plugins/Editor/SpeedTreeImporter/Content/SpeedTree9/SpeedTreeBillboardMaster.uasset" 278
"../../../Engine/Plugins/Editor/SpeedTreeImporter/Content/SpeedTree9/SpeedTreeBillboardMaster.uexp" 279
"../../../Engine/Plugins/Editor/SpeedTreeImporter/Content/SpeedTree9/SpeedTreeCameraFacing.uasset" 280
"../../../Engine/Plugins/Editor/SpeedTreeImporter/Content/SpeedTree9/SpeedTreeCameraFacing.uexp" 281
"../../../Engine/Plugins/Editor/SpeedTreeImporter/Content/SpeedTree9/SpeedTreeMaster.uasset" 282
"../../../Engine/Plugins/Editor/SpeedTreeImporter/Content/SpeedTree9/SpeedTreeMaster.uexp" 283
"../../../Engine/Content/BasicShapes/Cylinder.uasset" 284
"../../../Engine/Content/BasicShapes/Cylinder.uexp" 285
"../../../Engine/Content/ArtTools/RenderToTexture/Materials/Debug/M_Emissive_Color.uasset" 286
"../../../Engine/Content/ArtTools/RenderToTexture/Materials/Debug/M_Emissive_Color.uexp" 287
"../../../Engine/Plugins/Lumin/MagicLeapPassableWorld/Content/MagicLeapARPinInfoActor.uasset" 288
"../../../Engine/Plugins/Lumin/MagicLeapPassableWorld/Content/MagicLeapARPinInfoActor.uexp" 289
"../../../Engine/Plugins/Runtime/OpenXR/Content/Devices/GoogleDaydream/MRTexture.uasset" 290
"../../../Engine/Plugins/Runtime/OpenXR/Content/Devices/GoogleDaydream/MRTexture.uexp" 291
"../../../Engine/Plugins/Runtime/OpenXR/Content/Devices/GoogleDaydream/MRTexture.ubulk" 292
"../../../Engine/Plugins/Runtime/OpenXR/Content/Devices/GoogleDaydream/BaseTexture.uasset" 293
"../../../Engine/Plugins/Runtime/OpenXR/Content/Devices/GoogleDaydream/BaseTexture.uexp" 294
"../../../Engine/Plugins/Runtime/OpenXR/Content/Devices/GoogleDaydream/BaseTexture.ubulk" 295
"../../../Engine/Content/EngineResources/Black.uasset" 296
"../../../Engine/Content/EngineResources/Black.uexp" 297
"../../../Engine/Plugins/Runtime/OpenXR/Content/Devices/M_XRController.uasset" 298
"../../../Engine/Plugins/Runtime/OpenXR/Content/Devices/M_XRController.uexp" 299
"../../../Engine/Plugins/Runtime/OpenXR/Content/Devices/GoogleDaydream/MI_GoogleDaydream.uasset" 300
"../../../Engine/Plugins/Runtime/OpenXR/Content/Devices/GoogleDaydream/MI_GoogleDaydream.uexp" 301
"../../../Engine/Plugins/Runtime/OpenXR/Content/Devices/GoogleDaydream/GoogleDaydreamController.uasset" 302
"../../../Engine/Plugins/Runtime/OpenXR/Content/Devices/GoogleDaydream/GoogleDaydreamController.uexp" 303
"../../../Engine/Plugins/Runtime/OpenXR/Content/Devices/HTCVive/BaseTexture.uasset" 304
"../../../Engine/Plugins/Runtime/OpenXR/Content/Devices/HTCVive/BaseTexture.uexp" 305
"../../../Engine/Plugins/Runtime/OpenXR/Content/Devices/HTCVive/BaseTexture.ubulk" 306
"../../../Engine/Plugins/Runtime/OpenXR/Content/Devices/HTCVive/MI_HTCVive.uasset" 307
"../../../Engine/Plugins/Runtime/OpenXR/Content/Devices/HTCVive/MI_HTCVive.uexp" 308
"../../../Engine/Plugins/Runtime/OpenXR/Content/Devices/HTCVive/HTCViveController.uasset" 309
"../../../Engine/Plugins/Runtime/OpenXR/Content/Devices/HTCVive/HTCViveController.uexp" 310
"../../../Engine/Plugins/Runtime/OpenXR/Content/Devices/MicrosoftMixedReality/NormalTexture.uasset" 311
"../../../Engine/Plugins/Runtime/OpenXR/Content/Devices/MicrosoftMixedReality/NormalTexture.uexp" 312
"../../../Engine/Plugins/Runtime/OpenXR/Content/Devices/MicrosoftMixedReality/NormalTexture.ubulk" 313
"../../../Engine/Plugins/Runtime/OpenXR/Content/Devices/MicrosoftMixedReality/MRTexture.uasset" 314
"../../../Engine/Plugins/Runtime/OpenXR/Content/Devices/MicrosoftMixedReality/MRTexture.uexp" 315
"../../../Engine/Plugins/Runtime/OpenXR/Content/Devices/MicrosoftMixedReality/MRTexture.ubulk" 316
"../../../Engine/Plugins/Runtime/OpenXR/Content/Devices/MicrosoftMixedReality/EmissiveTexture.uasset" 317
"../../../Engine/Plugins/Runtime/OpenXR/Content/Devices/MicrosoftMixedReality/EmissiveTexture.uexp" 318
"../../../Engine/Plugins/Runtime/OpenXR/Content/Devices/MicrosoftMixedReality/EmissiveTexture.ubulk" 319
"../../../Engine/Plugins/Runtime/OpenXR/Content/Devices/MicrosoftMixedReality/BaseTexture.uasset" 320
"../../../Engine/Plugins/Runtime/OpenXR/Content/Devices/MicrosoftMixedReality/BaseTexture.uexp" 321
"../../../Engine/Plugins/Runtime/OpenXR/Content/Devices/MicrosoftMixedReality/BaseTexture.ubulk" 322
"../../../Engine/Plugins/Runtime/OpenXR/Content/Devices/MicrosoftMixedReality/MI_MicrosoftMixedReality.uasset" 323
"../../../Engine/Plugins/Runtime/OpenXR/Content/Devices/MicrosoftMixedReality/MI_MicrosoftMixedReality.uexp" 324
"../../../Engine/Plugins/Runtime/OpenXR/Content/Devices/MicrosoftMixedReality/Left/left_MicrosoftMixedRealityController.uasset" 325
"../../../Engine/Plugins/Runtime/OpenXR/Content/Devices/MicrosoftMixedReality/Left/left_MicrosoftMixedRealityController.uexp" 326
"../../../Engine/Plugins/Runtime/OpenXR/Content/Devices/MicrosoftMixedReality/Right/right_MicrosoftMixedRealityController.uasset" 327
"../../../Engine/Plugins/Runtime/OpenXR/Content/Devices/MicrosoftMixedReality/Right/right_MicrosoftMixedRealityController.uexp" 328
"../../../Engine/Plugins/Runtime/OpenXR/Content/Devices/OculusGo/BaseTexture.uasset" 329
"../../../Engine/Plugins/Runtime/OpenXR/Content/Devices/OculusGo/BaseTexture.uexp" 330
"../../../Engine/Plugins/Runtime/OpenXR/Content/Devices/OculusGo/BaseTexture.ubulk" 331
"../../../Engine/Plugins/Runtime/OpenXR/Content/Devices/OculusGo/MI_OculusGo.uasset" 332
"../../../Engine/Plugins/Runtime/OpenXR/Content/Devices/OculusGo/MI_OculusGo.uexp" 333
"../../../Engine/Plugins/Runtime/OpenXR/Content/Devices/OculusGo/OculusGoController.uasset" 334
"../../../Engine/Plugins/Runtime/OpenXR/Content/Devices/OculusGo/OculusGoController.uexp" 335
"../../../Engine/Plugins/Runtime/OpenXR/Content/Devices/OculusTouch/MRTexture.uasset" 336
"../../../Engine/Plugins/Runtime/OpenXR/Content/Devices/OculusTouch/MRTexture.uexp" 337
"../../../Engine/Plugins/Runtime/OpenXR/Content/Devices/OculusTouch/MRTexture.ubulk" 338
"../../../Engine/Plugins/Runtime/OpenXR/Content/Devices/OculusTouch/BaseTexture.uasset" 339
"../../../Engine/Plugins/Runtime/OpenXR/Content/Devices/OculusTouch/BaseTexture.uexp" 340
"../../../Engine/Plugins/Runtime/OpenXR/Content/Devices/OculusTouch/BaseTexture.ubulk" 341
"../../../Engine/Plugins/Runtime/OpenXR/Content/Devices/OculusTouch/MI_OculusTouch.uasset" 342
"../../../Engine/Plugins/Runtime/OpenXR/Content/Devices/OculusTouch/MI_OculusTouch.uexp" 343
"../../../Engine/Plugins/Runtime/OpenXR/Content/Devices/OculusTouch/Left/left_OculusTouchController.uasset" 344
"../../../Engine/Plugins/Runtime/OpenXR/Content/Devices/OculusTouch/Left/left_OculusTouchController.uexp" 345
"../../../Engine/Plugins/Runtime/OpenXR/Content/Devices/OculusTouch/Right/right_OculusTouchController.uasset" 346
"../../../Engine/Plugins/Runtime/OpenXR/Content/Devices/OculusTouch/Right/right_OculusTouchController.uexp" 347
"../../../Engine/Plugins/Runtime/OpenXR/Content/Devices/OculusTouch_v2/MRTexture.uasset" 348
"../../../Engine/Plugins/Runtime/OpenXR/Content/Devices/OculusTouch_v2/MRTexture.uexp" 349
"../../../Engine/Plugins/Runtime/OpenXR/Content/Devices/OculusTouch_v2/MRTexture.ubulk" 350
"../../../Engine/Plugins/Runtime/OpenXR/Content/Devices/OculusTouch_v2/BaseTexture.uasset" 351
"../../../Engine/Plugins/Runtime/OpenXR/Content/Devices/OculusTouch_v2/BaseTexture.uexp" 352
"../../../Engine/Plugins/Runtime/OpenXR/Content/Devices/OculusTouch_v2/BaseTexture.ubulk" 353
"../../../Engine/Plugins/Runtime/OpenXR/Content/Devices/OculusTouch_v2/MI_OculusTouch_v2.uasset" 354
"../../../Engine/Plugins/Runtime/OpenXR/Content/Devices/OculusTouch_v2/MI_OculusTouch_v2.uexp" 355
"../../../Engine/Plugins/Runtime/OpenXR/Content/Devices/OculusTouch_v2/Left/left_OculusTouch_v2Controller.uasset" 356
"../../../Engine/Plugins/Runtime/OpenXR/Content/Devices/OculusTouch_v2/Left/left_OculusTouch_v2Controller.uexp" 357
"../../../Engine/Plugins/Runtime/OpenXR/Content/Devices/OculusTouch_v2/Right/right_OculusTouch_v2Controller.uasset" 358
"../../../Engine/Plugins/Runtime/OpenXR/Content/Devices/OculusTouch_v2/Right/right_OculusTouch_v2Controller.uexp" 359
"../../../Engine/Plugins/Runtime/OpenXR/Content/Devices/OculusTouch_v3/MRTexture.uasset" 360
"../../../Engine/Plugins/Runtime/OpenXR/Content/Devices/OculusTouch_v3/MRTexture.uexp" 361
"../../../Engine/Plugins/Runtime/OpenXR/Content/Devices/OculusTouch_v3/MRTexture.ubulk" 362
"../../../Engine/Plugins/Runtime/OpenXR/Content/Devices/OculusTouch_v3/BaseTexture.uasset" 363
"../../../Engine/Plugins/Runtime/OpenXR/Content/Devices/OculusTouch_v3/BaseTexture.uexp" 364
"../../../Engine/Plugins/Runtime/OpenXR/Content/Devices/OculusTouch_v3/BaseTexture.ubulk" 365
"../../../Engine/Plugins/Runtime/OpenXR/Content/Devices/OculusTouch_v3/MI_OculusTouch_v3.uasset" 366
"../../../Engine/Plugins/Runtime/OpenXR/Content/Devices/OculusTouch_v3/MI_OculusTouch_v3.uexp" 367
"../../../Engine/Plugins/Runtime/OpenXR/Content/Devices/OculusTouch_v3/Left/left_OculusTouch_v3Controller.uasset" 368
"../../../Engine/Plugins/Runtime/OpenXR/Content/Devices/OculusTouch_v3/Left/left_OculusTouch_v3Controller.uexp" 369
"../../../Engine/Plugins/Runtime/OpenXR/Content/Devices/OculusTouch_v3/Right/right_OculusTouch_v3Controller.uasset" 370
"../../../Engine/Plugins/Runtime/OpenXR/Content/Devices/OculusTouch_v3/Right/right_OculusTouch_v3Controller.uexp" 371
"../../../Engine/Plugins/Runtime/OpenXR/Content/Devices/ValveIndex/MRTexture.uasset" 372
"../../../Engine/Plugins/Runtime/OpenXR/Content/Devices/ValveIndex/MRTexture.uexp" 373
"../../../Engine/Plugins/Runtime/OpenXR/Content/Devices/ValveIndex/MRTexture.ubulk" 374
"../../../Engine/Plugins/Runtime/OpenXR/Content/Devices/ValveIndex/BaseTexture.uasset" 375
"../../../Engine/Plugins/Runtime/OpenXR/Content/Devices/ValveIndex/BaseTexture.uexp" 376
"../../../Engine/Plugins/Runtime/OpenXR/Content/Devices/ValveIndex/BaseTexture.ubulk" 377
"../../../Engine/Plugins/Runtime/OpenXR/Content/Devices/ValveIndex/Left/MI_left_ValveIndex.uasset" 378
"../../../Engine/Plugins/Runtime/OpenXR/Content/Devices/ValveIndex/Left/MI_left_ValveIndex.uexp" 379
"../../../Engine/Plugins/Runtime/OpenXR/Content/Devices/ValveIndex/Left/left_ValveIndexController.uasset" 380
"../../../Engine/Plugins/Runtime/OpenXR/Content/Devices/ValveIndex/Left/left_ValveIndexController.uexp" 381
"../../../Engine/Plugins/Runtime/OpenXR/Content/Devices/ValveIndex/Right/MI_right_ValveIndex.uasset" 382
"../../../Engine/Plugins/Runtime/OpenXR/Content/Devices/ValveIndex/Right/MI_right_ValveIndex.uexp" 383
"../../../Engine/Plugins/Runtime/OpenXR/Content/Devices/ValveIndex/Right/right_ValveIndexController.uasset" 384
"../../../Engine/Plugins/Runtime/OpenXR/Content/Devices/ValveIndex/Right/right_ValveIndexController.uexp" 385
"../../../Engine/Content/Functions/Engine_MaterialFunctions02/Utility/BreakOutFloat4Components.uasset" 386
"../../../Engine/Content/Functions/Engine_MaterialFunctions02/Utility/BreakOutFloat4Components.uexp" 387
"../../../Engine/Content/Functions/Engine_MaterialFunctions02/Utility/MakeFloat3.uasset" 388
"../../../Engine/Content/Functions/Engine_MaterialFunctions02/Utility/MakeFloat3.uexp" 389
"../../../Engine/Plugins/Runtime/Oculus/OculusVR/Content/Materials/OculusMR_ChromaKey.uasset" 390
"../../../Engine/Plugins/Runtime/Oculus/OculusVR/Content/Materials/OculusMR_ChromaKey.uexp" 391
"../../../Engine/Plugins/Runtime/Oculus/OculusVR/Content/Materials/OculusMR_OpaqueColoredMaterial.uasset" 392
"../../../Engine/Plugins/Runtime/Oculus/OculusVR/Content/Materials/OculusMR_OpaqueColoredMaterial.uexp" 393
"../../../Engine/Plugins/Runtime/Oculus/OculusVR/Content/Materials/PokeAHoleMaterial.uasset" 394
"../../../Engine/Plugins/Runtime/Oculus/OculusVR/Content/Materials/PokeAHoleMaterial.uexp" 395
"../../../Engine/Plugins/Runtime/Oculus/OculusVR/Content/Textures/touchController_controlmap.uasset" 396
"../../../Engine/Plugins/Runtime/Oculus/OculusVR/Content/Textures/touchController_controlmap.uexp" 397
"../../../Engine/Plugins/Runtime/Oculus/OculusVR/Content/Textures/touchController_controlmap.ubulk" 398
"../../../Engine/Plugins/Runtime/Oculus/OculusVR/Content/Textures/touchController_albedo.uasset" 399
"../../../Engine/Plugins/Runtime/Oculus/OculusVR/Content/Textures/touchController_albedo.uexp" 400
"../../../Engine/Plugins/Runtime/Oculus/OculusVR/Content/Textures/touchController_albedo.ubulk" 401
"../../../Engine/Plugins/Runtime/Oculus/OculusVR/Content/Materials/touchController_mat.uasset" 402
"../../../Engine/Plugins/Runtime/Oculus/OculusVR/Content/Materials/touchController_mat.uexp" 403
"../../../Engine/Plugins/Runtime/Oculus/OculusVR/Content/Meshes/LeftTouchController.uasset" 404
"../../../Engine/Plugins/Runtime/Oculus/OculusVR/Content/Meshes/LeftTouchController.uexp" 405
"../../../Engine/Plugins/Runtime/Oculus/OculusVR/Content/Textures/TouchForQuestRiftSController_albedo.uasset" 406
"../../../Engine/Plugins/Runtime/Oculus/OculusVR/Content/Textures/TouchForQuestRiftSController_albedo.uexp" 407
"../../../Engine/Plugins/Runtime/Oculus/OculusVR/Content/Textures/TouchForQuestRiftSController_albedo.ubulk" 408
"../../../Engine/Plugins/Runtime/Oculus/OculusVR/Content/Materials/TouchForQuestRiftSControllerMaterial.uasset" 409
"../../../Engine/Plugins/Runtime/Oculus/OculusVR/Content/Materials/TouchForQuestRiftSControllerMaterial.uexp" 410
"../../../Engine/Plugins/Runtime/Oculus/OculusVR/Content/Meshes/LeftTouchForQuestRiftSController.uasset" 411
"../../../Engine/Plugins/Runtime/Oculus/OculusVR/Content/Meshes/LeftTouchForQuestRiftSController.uexp" 412
"../../../Engine/Plugins/Runtime/Oculus/OculusVR/Content/Meshes/RiftHMD.uasset" 413
"../../../Engine/Plugins/Runtime/Oculus/OculusVR/Content/Meshes/RiftHMD.uexp" 414
"../../../Engine/Plugins/Runtime/Oculus/OculusVR/Content/Meshes/RightTouchController.uasset" 415
"../../../Engine/Plugins/Runtime/Oculus/OculusVR/Content/Meshes/RightTouchController.uexp" 416
"../../../Engine/Plugins/Runtime/Oculus/OculusVR/Content/Meshes/RightTouchForQuestRiftSController.uasset" 417
"../../../Engine/Plugins/Runtime/Oculus/OculusVR/Content/Meshes/RightTouchForQuestRiftSController.uexp" 418
"../../../Engine/Content/Functions/Engine_MaterialFunctions01/Gradient/LinearGradient.uasset" 419
"../../../Engine/Content/Functions/Engine_MaterialFunctions01/Gradient/LinearGradient.uexp" 420
"../../../Engine/Content/Functions/Engine_MaterialFunctions01/ImageAdjustment/CheapContrast.uasset" 421
"../../../Engine/Content/Functions/Engine_MaterialFunctions01/ImageAdjustment/CheapContrast.uexp" 422
"../../../Engine/Content/Tutorial/SubEditors/TutorialAssets/T_soft_smoke.uasset" 423
"../../../Engine/Content/Tutorial/SubEditors/TutorialAssets/T_soft_smoke.uexp" 424
"../../../Engine/Content/Tutorial/SubEditors/TutorialAssets/T_soft_smoke.ubulk" 425
"E:/Unreal Projects/Project--Dis-Order/DisOrder 4.27 - 3/Content/MichaelM/Materials/FogOfWarMat/PlayerPosition.uasset" 426
"E:/Unreal Projects/Project--Dis-Order/DisOrder 4.27 - 3/Content/MichaelM/Materials/FogOfWarMat/PlayerPosition.uexp" 427
"E:/Unreal Projects/Project--Dis-Order/DisOrder 4.27 - 3/Content/MichaelM/Materials/FogOfWarMat/LOSvisionTarget.uasset" 428
"E:/Unreal Projects/Project--Dis-Order/DisOrder 4.27 - 3/Content/MichaelM/Materials/FogOfWarMat/LOSvisionTarget.uexp" 429
"../../../Engine/Content/Functions/Engine_MaterialFunctions01/Texturing/WorldAlignedTexture.uasset" 430
"../../../Engine/Content/Functions/Engine_MaterialFunctions01/Texturing/WorldAlignedTexture.uexp" 431
"E:/Unreal Projects/Project--Dis-Order/DisOrder 4.27 - 3/Content/MichaelM/Materials/FogOfWarMat/LOSVisionPP.uasset" 432
"E:/Unreal Projects/Project--Dis-Order/DisOrder 4.27 - 3/Content/MichaelM/Materials/FogOfWarMat/LOSVisionPP.uexp" 433
"E:/Unreal Projects/Project--Dis-Order/DisOrder 4.27 - 3/Content/MichaelM/Maps/L_Michael_TestRealm_BuiltData.uasset" 434
"E:/Unreal Projects/Project--Dis-Order/DisOrder 4.27 - 3/Content/MichaelM/Maps/L_Michael_TestRealm_BuiltData.uexp" 435
"E:/Unreal Projects/Project--Dis-Order/DisOrder 4.27 - 3/Content/MichaelM/Maps/L_Michael_TestRealm_BuiltData.ubulk" 436
"E:/Unreal Projects/Project--Dis-Order/DisOrder 4.27 - 3/Content/MichaelM/Meshes/Enemy/SM_Enemy_Base_Skeleton_Skeleton.uasset" 437
"E:/Unreal Projects/Project--Dis-Order/DisOrder 4.27 - 3/Content/MichaelM/Meshes/Enemy/SM_Enemy_Base_Skeleton_Skeleton.uexp" 438
"E:/Unreal Projects/Project--Dis-Order/DisOrder 4.27 - 3/Content/MichaelM/Meshes/Enemy/SM_Enemy_Base_Skeleton_PhysicsAsset.uasset" 439
"E:/Unreal Projects/Project--Dis-Order/DisOrder 4.27 - 3/Content/MichaelM/Meshes/Enemy/SM_Enemy_Base_Skeleton_PhysicsAsset.uexp" 440
"E:/Unreal Projects/Project--Dis-Order/DisOrder 4.27 - 3/Content/MichaelM/Materials/Enemy_Collection.uasset" 441
"E:/Unreal Projects/Project--Dis-Order/DisOrder 4.27 - 3/Content/MichaelM/Materials/Enemy_Collection.uexp" 442
"E:/Unreal Projects/Project--Dis-Order/DisOrder 4.27 - 3/Content/Character_Appearance_Dissolve/Textures/Standart/T_Noise_7.uasset" 443
"E:/Unreal Projects/Project--Dis-Order/DisOrder 4.27 - 3/Content/Character_Appearance_Dissolve/Textures/Standart/T_Noise_7.uexp" 444
"E:/Unreal Projects/Project--Dis-Order/DisOrder 4.27 - 3/Content/Character_Appearance_Dissolve/Textures/Standart/T_Noise_7.ubulk" 445
"E:/Unreal Projects/Project--Dis-Order/DisOrder 4.27 - 3/Content/Character_Appearance_Dissolve/MaterailFunctions/Standart/MF_Appearance_18.uasset" 446
"E:/Unreal Projects/Project--Dis-Order/DisOrder 4.27 - 3/Content/Character_Appearance_Dissolve/MaterailFunctions/Standart/MF_Appearance_18.uexp" 447
"E:/Unreal Projects/Project--Dis-Order/DisOrder 4.27 - 3/Content/MichaelM/Materials/M_Negative_Thoughts_Main.uasset" 448
"E:/Unreal Projects/Project--Dis-Order/DisOrder 4.27 - 3/Content/MichaelM/Materials/M_Negative_Thoughts_Main.uexp" 449
"E:/Unreal Projects/Project--Dis-Order/DisOrder 4.27 - 3/Content/MichaelM/Materials/M_Negative_Thoughts_Main_Inst.uasset" 450
"E:/Unreal Projects/Project--Dis-Order/DisOrder 4.27 - 3/Content/MichaelM/Materials/M_Negative_Thoughts_Main_Inst.uexp" 451
"E:/Unreal Projects/Project--Dis-Order/DisOrder 4.27 - 3/Content/MichaelM/Meshes/Enemy/SM_Enemy_Base_Skeleton.uasset" 452
"E:/Unreal Projects/Project--Dis-Order/DisOrder 4.27 - 3/Content/MichaelM/Meshes/Enemy/SM_Enemy_Base_Skeleton.uexp" 453
"E:/Unreal Projects/Project--Dis-Order/DisOrder 4.27 - 3/Content/MichaelM/Blueprints/AI/NPC/Find_Random_location.uasset" 454
"E:/Unreal Projects/Project--Dis-Order/DisOrder 4.27 - 3/Content/MichaelM/Blueprints/AI/NPC/Find_Random_location.uexp" 455
"E:/Unreal Projects/Project--Dis-Order/DisOrder 4.27 - 3/Content/MichaelM/Blueprints/AI/NPC/Find_Player_Location.uasset" 456
"E:/Unreal Projects/Project--Dis-Order/DisOrder 4.27 - 3/Content/MichaelM/Blueprints/AI/NPC/Find_Player_Location.uexp" 457
"E:/Unreal Projects/Project--Dis-Order/DisOrder 4.27 - 3/Content/MichaelM/Blueprints/AI/NPC/Enemy_Blackboard.uasset" 458
"E:/Unreal Projects/Project--Dis-Order/DisOrder 4.27 - 3/Content/MichaelM/Blueprints/AI/NPC/Enemy_Blackboard.uexp" 459
"E:/Unreal Projects/Project--Dis-Order/DisOrder 4.27 - 3/Content/MichaelM/Blueprints/AI/NPC/Chase_player.uasset" 460
"E:/Unreal Projects/Project--Dis-Order/DisOrder 4.27 - 3/Content/MichaelM/Blueprints/AI/NPC/Chase_player.uexp" 461
"E:/Unreal Projects/Project--Dis-Order/DisOrder 4.27 - 3/Content/MichaelM/Blueprints/AI/NPC/Enemy_BT.uasset" 462
"E:/Unreal Projects/Project--Dis-Order/DisOrder 4.27 - 3/Content/MichaelM/Blueprints/AI/NPC/Enemy_BT.uexp" 463
"../../../Engine/Content/Animation/DefaultAnimCurveCompressionSettings.uasset" 464
"../../../Engine/Content/Animation/DefaultAnimCurveCompressionSettings.uexp" 465
"../../../Engine/Content/Animation/DefaultAnimBoneCompressionSettings.uasset" 466
"../../../Engine/Content/Animation/DefaultAnimBoneCompressionSettings.uexp" 467
"../../../Engine/Content/EngineMeshes/Humanoid.uasset" 468
"../../../Engine/Content/EngineMeshes/Humanoid.uexp" 469
"E:/Unreal Projects/Project--Dis-Order/DisOrder 4.27 - 3/Content/AnimStarterPack/UE4_Mannequin/Mesh/UE4_Mannequin_Skeleton.uasset" 470
"E:/Unreal Projects/Project--Dis-Order/DisOrder 4.27 - 3/Content/AnimStarterPack/UE4_Mannequin/Mesh/UE4_Mannequin_Skeleton.uexp" 471
"E:/Unreal Projects/Project--Dis-Order/DisOrder 4.27 - 3/Content/MichaelM/Animations/Standing_React_Small_From_Front_mixamo_com1.uasset" 472
"E:/Unreal Projects/Project--Dis-Order/DisOrder 4.27 - 3/Content/MichaelM/Animations/Standing_React_Small_From_Front_mixamo_com1.uexp" 473
"E:/Unreal Projects/Project--Dis-Order/DisOrder 4.27 - 3/Content/MichaelM/Animations/Standing_React_Small_From_Front_mixamo_com1_Montage.uasset" 474
"E:/Unreal Projects/Project--Dis-Order/DisOrder 4.27 - 3/Content/MichaelM/Animations/Standing_React_Small_From_Front_mixamo_com1_Montage.uexp" 475
"E:/Unreal Projects/Project--Dis-Order/DisOrder 4.27 - 3/Content/MichaelM/Blueprints/BP_Weapon.uasset" 476
"E:/Unreal Projects/Project--Dis-Order/DisOrder 4.27 - 3/Content/MichaelM/Blueprints/BP_Weapon.uexp" 477
"E:/Unreal Projects/Project--Dis-Order/DisOrder 4.27 - 3/Content/MichaelM/Blueprints/BP_Damage_State.uasset" 478
"E:/Unreal Projects/Project--Dis-Order/DisOrder 4.27 - 3/Content/MichaelM/Blueprints/BP_Damage_State.uexp" 479
"E:/Unreal Projects/Project--Dis-Order/DisOrder 4.27 - 3/Content/MichaelM/Animations/Stable_Sword_Inward_Slash__1__mixamo_com1.uasset" 480
"E:/Unreal Projects/Project--Dis-Order/DisOrder 4.27 - 3/Content/MichaelM/Animations/Stable_Sword_Inward_Slash__1__mixamo_com1.uexp" 481
"E:/Unreal Projects/Project--Dis-Order/DisOrder 4.27 - 3/Content/MichaelM/Animations/Stable_Sword_Inward_Slash__1__mixamo_com1_Montage.uasset" 482
"E:/Unreal Projects/Project--Dis-Order/DisOrder 4.27 - 3/Content/MichaelM/Animations/Stable_Sword_Inward_Slash__1__mixamo_com1_Montage.uexp" 483
"E:/Unreal Projects/Project--Dis-Order/DisOrder 4.27 - 3/Content/MichaelM/Animations/DodgeBackward_Inplace.uasset" 484
"E:/Unreal Projects/Project--Dis-Order/DisOrder 4.27 - 3/Content/MichaelM/Animations/DodgeBackward_Inplace.uexp" 485
"E:/Unreal Projects/Project--Dis-Order/DisOrder 4.27 - 3/Content/MichaelM/Animations/DodgeBackward_Inplace_Montage.uasset" 486
"E:/Unreal Projects/Project--Dis-Order/DisOrder 4.27 - 3/Content/MichaelM/Animations/DodgeBackward_Inplace_Montage.uexp" 487
"E:/Unreal Projects/Project--Dis-Order/DisOrder 4.27 - 3/Content/MichaelM/Materials/Old_lamp_01_-_Default_Roughness.uasset" 488
"E:/Unreal Projects/Project--Dis-Order/DisOrder 4.27 - 3/Content/MichaelM/Materials/Old_lamp_01_-_Default_Roughness.uexp" 489
"E:/Unreal Projects/Project--Dis-Order/DisOrder 4.27 - 3/Content/MichaelM/Materials/Old_lamp_01_-_Default_Roughness.ubulk" 490
"E:/Unreal Projects/Project--Dis-Order/DisOrder 4.27 - 3/Content/MichaelM/Materials/Old_lamp_01_-_Default_Opacity_3.uasset" 491
"E:/Unreal Projects/Project--Dis-Order/DisOrder 4.27 - 3/Content/MichaelM/Materials/Old_lamp_01_-_Default_Opacity_3.uexp" 492
"E:/Unreal Projects/Project--Dis-Order/DisOrder 4.27 - 3/Content/MichaelM/Materials/Old_lamp_01_-_Default_Opacity_3.ubulk" 493
"E:/Unreal Projects/Project--Dis-Order/DisOrder 4.27 - 3/Content/MichaelM/Materials/Old_lamp_01_-_Default_Normal.uasset" 494
"E:/Unreal Projects/Project--Dis-Order/DisOrder 4.27 - 3/Content/MichaelM/Materials/Old_lamp_01_-_Default_Normal.uexp" 495
"E:/Unreal Projects/Project--Dis-Order/DisOrder 4.27 - 3/Content/MichaelM/Materials/Old_lamp_01_-_Default_Normal.ubulk" 496
"E:/Unreal Projects/Project--Dis-Order/DisOrder 4.27 - 3/Content/MichaelM/Materials/Old_lamp_01_-_Default_Metallic.uasset" 497
"E:/Unreal Projects/Project--Dis-Order/DisOrder 4.27 - 3/Content/MichaelM/Materials/Old_lamp_01_-_Default_Metallic.uexp" 498
"E:/Unreal Projects/Project--Dis-Order/DisOrder 4.27 - 3/Content/MichaelM/Materials/Old_lamp_01_-_Default_Metallic.ubulk" 499
"E:/Unreal Projects/Project--Dis-Order/DisOrder 4.27 - 3/Content/MichaelM/Materials/Old_lamp_01_-_Default_BaseColor.uasset" 500
"E:/Unreal Projects/Project--Dis-Order/DisOrder 4.27 - 3/Content/MichaelM/Materials/Old_lamp_01_-_Default_BaseColor.uexp" 501
"E:/Unreal Projects/Project--Dis-Order/DisOrder 4.27 - 3/Content/MichaelM/Materials/Old_lamp_01_-_Default_BaseColor.ubulk" 502
"E:/Unreal Projects/Project--Dis-Order/DisOrder 4.27 - 3/Content/MichaelM/Materials/M_OldLamp.uasset" 503
"E:/Unreal Projects/Project--Dis-Order/DisOrder 4.27 - 3/Content/MichaelM/Materials/M_OldLamp.uexp" 504
"E:/Unreal Projects/Project--Dis-Order/DisOrder 4.27 - 3/Content/MichaelM/Meshes/Old_lamp_Lamp.uasset" 505
"E:/Unreal Projects/Project--Dis-Order/DisOrder 4.27 - 3/Content/MichaelM/Meshes/Old_lamp_Lamp.uexp" 506
"E:/Unreal Projects/Project--Dis-Order/DisOrder 4.27 - 3/Content/M5VFXVOL2/Textures/Flow/LF_Tex.uasset" 507
"E:/Unreal Projects/Project--Dis-Order/DisOrder 4.27 - 3/Content/M5VFXVOL2/Textures/Flow/LF_Tex.uexp" 508
"E:/Unreal Projects/Project--Dis-Order/DisOrder 4.27 - 3/Content/M5VFXVOL2/Textures/Flow/LF_Tex.ubulk" 509
"E:/Unreal Projects/Project--Dis-Order/DisOrder 4.27 - 3/Content/M5VFXVOL2/Materials/Master/LightColor_Mat.uasset" 510
"E:/Unreal Projects/Project--Dis-Order/DisOrder 4.27 - 3/Content/M5VFXVOL2/Materials/Master/LightColor_Mat.uexp" 511
"E:/Unreal Projects/Project--Dis-Order/DisOrder 4.27 - 3/Content/M5VFXVOL2/Materials/Etc/LightColor_Mat_Inst.uasset" 512
"E:/Unreal Projects/Project--Dis-Order/DisOrder 4.27 - 3/Content/M5VFXVOL2/Materials/Etc/LightColor_Mat_Inst.uexp" 513
"E:/Unreal Projects/Project--Dis-Order/DisOrder 4.27 - 3/Content/M5VFXVOL2/BluePrints/Fire_PLight_BP.uasset" 514
"E:/Unreal Projects/Project--Dis-Order/DisOrder 4.27 - 3/Content/M5VFXVOL2/BluePrints/Fire_PLight_BP.uexp" 515
"E:/Unreal Projects/Project--Dis-Order/DisOrder 4.27 - 3/Content/M5VFXVOL2/BluePrints/Fire_PLight_BP_Child.uasset" 516
"E:/Unreal Projects/Project--Dis-Order/DisOrder 4.27 - 3/Content/M5VFXVOL2/BluePrints/Fire_PLight_BP_Child.uexp" 517
"E:/Unreal Projects/Project--Dis-Order/DisOrder 4.27 - 3/Content/MichaelM/Blueprints/BP_Weapon_Player.uasset" 518
"E:/Unreal Projects/Project--Dis-Order/DisOrder 4.27 - 3/Content/MichaelM/Blueprints/BP_Weapon_Player.uexp" 519
"../../../Engine/Content/BasicShapes/BasicShapeMaterial.uasset" 520
"../../../Engine/Content/BasicShapes/BasicShapeMaterial.uexp" 521
"E:/Unreal Projects/Project--Dis-Order/DisOrder 4.27 - 3/Content/M5VFXVOL2/Textures/Flow/Temper.uasset" 522
"E:/Unreal Projects/Project--Dis-Order/DisOrder 4.27 - 3/Content/M5VFXVOL2/Textures/Flow/Temper.uexp" 523
"E:/Unreal Projects/Project--Dis-Order/DisOrder 4.27 - 3/Content/M5VFXVOL2/Textures/Flow/Temper.ubulk" 524
"E:/Unreal Projects/Project--Dis-Order/DisOrder 4.27 - 3/Content/M5VFXVOL2/Materials/Master/Gradient_Mat.uasset" 525
"E:/Unreal Projects/Project--Dis-Order/DisOrder 4.27 - 3/Content/M5VFXVOL2/Materials/Master/Gradient_Mat.uexp" 526
"E:/Unreal Projects/Project--Dis-Order/DisOrder 4.27 - 3/Content/M5VFXVOL2/Materials/Etc/Gradient_Mat_Inst.uasset" 527
"E:/Unreal Projects/Project--Dis-Order/DisOrder 4.27 - 3/Content/M5VFXVOL2/Materials/Etc/Gradient_Mat_Inst.uexp" 528
"E:/Unreal Projects/Project--Dis-Order/DisOrder 4.27 - 3/Content/M5VFXVOL2/Demo/Textures/Grid_Tex.uasset" 529
"E:/Unreal Projects/Project--Dis-Order/DisOrder 4.27 - 3/Content/M5VFXVOL2/Demo/Textures/Grid_Tex.uexp" 530
"E:/Unreal Projects/Project--Dis-Order/DisOrder 4.27 - 3/Content/M5VFXVOL2/Demo/Textures/Grid_Tex.ubulk" 531
"E:/Unreal Projects/Project--Dis-Order/DisOrder 4.27 - 3/Content/M5VFXVOL2/Demo/Textures/desert.uasset" 532
"E:/Unreal Projects/Project--Dis-Order/DisOrder 4.27 - 3/Content/M5VFXVOL2/Demo/Textures/desert.uexp" 533
"E:/Unreal Projects/Project--Dis-Order/DisOrder 4.27 - 3/Content/M5VFXVOL2/Demo/Textures/desert.ubulk" 534
"E:/Unreal Projects/Project--Dis-Order/DisOrder 4.27 - 3/Content/M5VFXVOL2/Demo/Materials/BG_Grid_Mat.uasset" 535
"E:/Unreal Projects/Project--Dis-Order/DisOrder 4.27 - 3/Content/M5VFXVOL2/Demo/Materials/BG_Grid_Mat.uexp" 536
"E:/Unreal Projects/Project--Dis-Order/DisOrder 4.27 - 3/Content/M5VFXVOL2/Demo/Materials/BG_inst7.uasset" 537
"E:/Unreal Projects/Project--Dis-Order/DisOrder 4.27 - 3/Content/M5VFXVOL2/Demo/Materials/BG_inst7.uexp" 538
"E:/Unreal Projects/Project--Dis-Order/DisOrder 4.27 - 3/Content/M5VFXVOL2/Props/Meshes/candle.uasset" 539
"E:/Unreal Projects/Project--Dis-Order/DisOrder 4.27 - 3/Content/M5VFXVOL2/Props/Meshes/candle.uexp" 540
"E:/Unreal Projects/Project--Dis-Order/DisOrder 4.27 - 3/Content/M5VFXVOL2/Textures/CandleFire/CandleFire_D.uasset" 541
"E:/Unreal Projects/Project--Dis-Order/DisOrder 4.27 - 3/Content/M5VFXVOL2/Textures/CandleFire/CandleFire_D.uexp" 542
"E:/Unreal Projects/Project--Dis-Order/DisOrder 4.27 - 3/Content/M5VFXVOL2/Textures/CandleFire/CandleFire_D.ubulk" 543
"E:/Unreal Projects/Project--Dis-Order/DisOrder 4.27 - 3/Content/M5VFXVOL2/Materials/Master/Sequence_Mat.uasset" 544
"E:/Unreal Projects/Project--Dis-Order/DisOrder 4.27 - 3/Content/M5VFXVOL2/Materials/Master/Sequence_Mat.uexp" 545
"E:/Unreal Projects/Project--Dis-Order/DisOrder 4.27 - 3/Content/M5VFXVOL2/Materials/CandleFire_Inst/CandleFire_S_Inst.uasset" 546
"E:/Unreal Projects/Project--Dis-Order/DisOrder 4.27 - 3/Content/M5VFXVOL2/Materials/CandleFire_Inst/CandleFire_S_Inst.uexp" 547
"E:/Unreal Projects/Project--Dis-Order/DisOrder 4.27 - 3/Content/M5VFXVOL2/Particles/Reference/Candlefire/0_CandleFire_pt.uasset" 548
"E:/Unreal Projects/Project--Dis-Order/DisOrder 4.27 - 3/Content/M5VFXVOL2/Particles/Reference/Candlefire/0_CandleFire_pt.uexp" 549
"E:/Unreal Projects/Project--Dis-Order/DisOrder 4.27 - 3/Content/MichaelM/Blueprints/BP_Lamp_Relighter.uasset" 550
"E:/Unreal Projects/Project--Dis-Order/DisOrder 4.27 - 3/Content/MichaelM/Blueprints/BP_Lamp_Relighter.uexp" 551
"E:/Unreal Projects/Project--Dis-Order/DisOrder 4.27 - 3/Content/Geometry/Meshes/CubeMaterial.uasset" 552
"E:/Unreal Projects/Project--Dis-Order/DisOrder 4.27 - 3/Content/Geometry/Meshes/CubeMaterial.uexp" 553
"E:/Unreal Projects/Project--Dis-Order/DisOrder 4.27 - 3/Content/Geometry/Meshes/1M_Cube.uasset" 554
"E:/Unreal Projects/Project--Dis-Order/DisOrder 4.27 - 3/Content/Geometry/Meshes/1M_Cube.uexp" 555
"E:/Unreal Projects/Project--Dis-Order/DisOrder 4.27 - 3/Content/ClimbRetargetedAnims/Climbing_ClimbUpAtTop_RM.uasset" 556
"E:/Unreal Projects/Project--Dis-Order/DisOrder 4.27 - 3/Content/ClimbRetargetedAnims/Climbing_ClimbUpAtTop_RM.uexp" 557
"E:/Unreal Projects/Project--Dis-Order/DisOrder 4.27 - 3/Content/ClimbRetargetedAnims/Climbing_ClimbUpAtTop_RM_Montage.uasset" 558
"E:/Unreal Projects/Project--Dis-Order/DisOrder 4.27 - 3/Content/ClimbRetargetedAnims/Climbing_ClimbUpAtTop_RM_Montage.uexp" 559
"E:/Unreal Projects/Project--Dis-Order/DisOrder 4.27 - 3/Content/MichaelM/Animations/Standing_Torch_Walk_Forward_mixamo_com1.uasset" 560
"E:/Unreal Projects/Project--Dis-Order/DisOrder 4.27 - 3/Content/MichaelM/Animations/Standing_Torch_Walk_Forward_mixamo_com1.uexp" 561
"E:/Unreal Projects/Project--Dis-Order/DisOrder 4.27 - 3/Content/MichaelM/Animations/Standing_Torch_Idle_01__1__mixamo_com1.uasset" 562
"E:/Unreal Projects/Project--Dis-Order/DisOrder 4.27 - 3/Content/MichaelM/Animations/Standing_Torch_Idle_01__1__mixamo_com1.uexp" 563
"E:/Unreal Projects/Project--Dis-Order/DisOrder 4.27 - 3/Content/MichaelM/Animations/Standing_Torch_Walk_Right_mixamo_com1.uasset" 564
"E:/Unreal Projects/Project--Dis-Order/DisOrder 4.27 - 3/Content/MichaelM/Animations/Standing_Torch_Walk_Right_mixamo_com1.uexp" 565
"E:/Unreal Projects/Project--Dis-Order/DisOrder 4.27 - 3/Content/MichaelM/Animations/Standing_Torch_Walk_Left_mixamo_com1.uasset" 566
"E:/Unreal Projects/Project--Dis-Order/DisOrder 4.27 - 3/Content/MichaelM/Animations/Standing_Torch_Walk_Left_mixamo_com1.uexp" 567
"E:/Unreal Projects/Project--Dis-Order/DisOrder 4.27 - 3/Content/MichaelM/Animations/Standing_Torch_Walk_Back_mixamo_com1.uasset" 568
"E:/Unreal Projects/Project--Dis-Order/DisOrder 4.27 - 3/Content/MichaelM/Animations/Standing_Torch_Walk_Back_mixamo_com1.uexp" 569
"E:/Unreal Projects/Project--Dis-Order/DisOrder 4.27 - 3/Content/MichaelM/Animations/BS_Torch_Walk.uasset" 570
"E:/Unreal Projects/Project--Dis-Order/DisOrder 4.27 - 3/Content/MichaelM/Animations/BS_Torch_Walk.uexp" 571
"E:/Unreal Projects/Project--Dis-Order/DisOrder 4.27 - 3/Content/MichaelM/Animations/Injured_Walking__1__mixamo_com1.uasset" 572
"E:/Unreal Projects/Project--Dis-Order/DisOrder 4.27 - 3/Content/MichaelM/Animations/Injured_Walking__1__mixamo_com1.uexp" 573
"E:/Unreal Projects/Project--Dis-Order/DisOrder 4.27 - 3/Content/MichaelM/Animations/Injured_Idle_mixamo_com1.uasset" 574
"E:/Unreal Projects/Project--Dis-Order/DisOrder 4.27 - 3/Content/MichaelM/Animations/Injured_Idle_mixamo_com1.uexp" 575
"E:/Unreal Projects/Project--Dis-Order/DisOrder 4.27 - 3/Content/MichaelM/Animations/BS_Injured_walk.uasset" 576
"E:/Unreal Projects/Project--Dis-Order/DisOrder 4.27 - 3/Content/MichaelM/Animations/BS_Injured_walk.uexp" 577
"E:/Unreal Projects/Project--Dis-Order/DisOrder 4.27 - 3/Content/ClimbRetargetedAnims/Climbing_Climb_U_IP_2.uasset" 578
"E:/Unreal Projects/Project--Dis-Order/DisOrder 4.27 - 3/Content/ClimbRetargetedAnims/Climbing_Climb_U_IP_2.uexp" 579
"E:/Unreal Projects/Project--Dis-Order/DisOrder 4.27 - 3/Content/ClimbRetargetedAnims/Climbing_Climb_UR_IP_2.uasset" 580
"E:/Unreal Projects/Project--Dis-Order/DisOrder 4.27 - 3/Content/ClimbRetargetedAnims/Climbing_Climb_UR_IP_2.uexp" 581
"E:/Unreal Projects/Project--Dis-Order/DisOrder 4.27 - 3/Content/ClimbRetargetedAnims/Climbing_Climb_UL_IP_2.uasset" 582
"E:/Unreal Projects/Project--Dis-Order/DisOrder 4.27 - 3/Content/ClimbRetargetedAnims/Climbing_Climb_UL_IP_2.uexp" 583
"E:/Unreal Projects/Project--Dis-Order/DisOrder 4.27 - 3/Content/ClimbRetargetedAnims/Climbing_Climb_R_IP_2.uasset" 584
"E:/Unreal Projects/Project--Dis-Order/DisOrder 4.27 - 3/Content/ClimbRetargetedAnims/Climbing_Climb_R_IP_2.uexp" 585
"E:/Unreal Projects/Project--Dis-Order/DisOrder 4.27 - 3/Content/ClimbRetargetedAnims/Climbing_Climb_L_IP_2.uasset" 586
"E:/Unreal Projects/Project--Dis-Order/DisOrder 4.27 - 3/Content/ClimbRetargetedAnims/Climbing_Climb_L_IP_2.uexp" 587
"E:/Unreal Projects/Project--Dis-Order/DisOrder 4.27 - 3/Content/ClimbRetargetedAnims/Climbing_Idle_IP_2.uasset" 588
"E:/Unreal Projects/Project--Dis-Order/DisOrder 4.27 - 3/Content/ClimbRetargetedAnims/Climbing_Idle_IP_2.uexp" 589
"E:/Unreal Projects/Project--Dis-Order/DisOrder 4.27 - 3/Content/ClimbRetargetedAnims/Climbing_Climb_D_IP_2.uasset" 590
"E:/Unreal Projects/Project--Dis-Order/DisOrder 4.27 - 3/Content/ClimbRetargetedAnims/Climbing_Climb_D_IP_2.uexp" 591
"E:/Unreal Projects/Project--Dis-Order/DisOrder 4.27 - 3/Content/ClimbRetargetedAnims/Climbing_Climb_DR_IP_2.uasset" 592
"E:/Unreal Projects/Project--Dis-Order/DisOrder 4.27 - 3/Content/ClimbRetargetedAnims/Climbing_Climb_DR_IP_2.uexp" 593
"E:/Unreal Projects/Project--Dis-Order/DisOrder 4.27 - 3/Content/ClimbRetargetedAnims/Climbing_Climb_DL_IP_2.uasset" 594
"E:/Unreal Projects/Project--Dis-Order/DisOrder 4.27 - 3/Content/ClimbRetargetedAnims/Climbing_Climb_DL_IP_2.uexp" 595
"E:/Unreal Projects/Project--Dis-Order/DisOrder 4.27 - 3/Content/MichaelM/Animations/BS_Climbing.uasset" 596
"E:/Unreal Projects/Project--Dis-Order/DisOrder 4.27 - 3/Content/MichaelM/Animations/BS_Climbing.uexp" 597
"E:/Unreal Projects/Project--Dis-Order/DisOrder 4.27 - 3/Content/AnimStarterPack/UE4_Mannequin/Textures/UE4_Mannequin_occlusion_Mobile.uasset" 598
"E:/Unreal Projects/Project--Dis-Order/DisOrder 4.27 - 3/Content/AnimStarterPack/UE4_Mannequin/Textures/UE4_Mannequin_occlusion_Mobile.uexp" 599
"E:/Unreal Projects/Project--Dis-Order/DisOrder 4.27 - 3/Content/AnimStarterPack/UE4_Mannequin/Textures/UE4_Mannequin_occlusion_Mobile.ubulk" 600
"E:/Unreal Projects/Project--Dis-Order/DisOrder 4.27 - 3/Content/AnimStarterPack/UE4_Mannequin/Textures/UE4_Mannequin_MAT_MASKA.uasset" 601
"E:/Unreal Projects/Project--Dis-Order/DisOrder 4.27 - 3/Content/AnimStarterPack/UE4_Mannequin/Textures/UE4_Mannequin_MAT_MASKA.uexp" 602
"E:/Unreal Projects/Project--Dis-Order/DisOrder 4.27 - 3/Content/AnimStarterPack/UE4_Mannequin/Textures/UE4_Mannequin_MAT_MASKA.ubulk" 603
"E:/Unreal Projects/Project--Dis-Order/DisOrder 4.27 - 3/Content/AnimStarterPack/UE4_Mannequin/Textures/UE4_Mannequin__normals.uasset" 604
"E:/Unreal Projects/Project--Dis-Order/DisOrder 4.27 - 3/Content/AnimStarterPack/UE4_Mannequin/Textures/UE4_Mannequin__normals.uexp" 605
"E:/Unreal Projects/Project--Dis-Order/DisOrder 4.27 - 3/Content/AnimStarterPack/UE4_Mannequin/Textures/UE4_Mannequin__normals.ubulk" 606
"E:/Unreal Projects/Project--Dis-Order/DisOrder 4.27 - 3/Content/AnimStarterPack/UE4_Mannequin/Materials/MaterialLayers/T_ML_Aluminum01.uasset" 607
"E:/Unreal Projects/Project--Dis-Order/DisOrder 4.27 - 3/Content/AnimStarterPack/UE4_Mannequin/Materials/MaterialLayers/T_ML_Aluminum01.uexp" 608
"E:/Unreal Projects/Project--Dis-Order/DisOrder 4.27 - 3/Content/AnimStarterPack/UE4_Mannequin/Materials/MaterialLayers/T_ML_Aluminum01.ubulk" 609
"E:/Unreal Projects/Project--Dis-Order/DisOrder 4.27 - 3/Content/AnimStarterPack/UE4_Mannequin/Materials/MaterialLayers/T_ML_Aluminum01_N.uasset" 610
"E:/Unreal Projects/Project--Dis-Order/DisOrder 4.27 - 3/Content/AnimStarterPack/UE4_Mannequin/Materials/MaterialLayers/T_ML_Aluminum01_N.uexp" 611
"E:/Unreal Projects/Project--Dis-Order/DisOrder 4.27 - 3/Content/AnimStarterPack/UE4_Mannequin/Materials/MaterialLayers/T_ML_Aluminum01_N.ubulk" 612
"E:/Unreal Projects/Project--Dis-Order/DisOrder 4.27 - 3/Content/AnimStarterPack/UE4_Mannequin/Materials/MaterialLayers/ML_SoftMetal_UE4.uasset" 613
"E:/Unreal Projects/Project--Dis-Order/DisOrder 4.27 - 3/Content/AnimStarterPack/UE4_Mannequin/Materials/MaterialLayers/ML_SoftMetal_UE4.uexp" 614
"E:/Unreal Projects/Project--Dis-Order/DisOrder 4.27 - 3/Content/AnimStarterPack/UE4_Mannequin/Textures/UE4_LOGO_CARD.uasset" 615
"E:/Unreal Projects/Project--Dis-Order/DisOrder 4.27 - 3/Content/AnimStarterPack/UE4_Mannequin/Textures/UE4_LOGO_CARD.uexp" 616
"E:/Unreal Projects/Project--Dis-Order/DisOrder 4.27 - 3/Content/AnimStarterPack/UE4_Mannequin/Textures/UE4_LOGO_CARD.ubulk" 617
"E:/Unreal Projects/Project--Dis-Order/DisOrder 4.27 - 3/Content/AnimStarterPack/UE4_Mannequin/Materials/MaterialLayers/ML_Plastic_Shiny_Beige_LOGO.uasset" 618
"E:/Unreal Projects/Project--Dis-Order/DisOrder 4.27 - 3/Content/AnimStarterPack/UE4_Mannequin/Materials/MaterialLayers/ML_Plastic_Shiny_Beige_LOGO.uexp" 619
"E:/Unreal Projects/Project--Dis-Order/DisOrder 4.27 - 3/Content/AnimStarterPack/UE4_Mannequin/Materials/MaterialLayers/ML_Plastic_Shiny_Beige.uasset" 620
"E:/Unreal Projects/Project--Dis-Order/DisOrder 4.27 - 3/Content/AnimStarterPack/UE4_Mannequin/Materials/MaterialLayers/ML_Plastic_Shiny_Beige.uexp" 621
"E:/Unreal Projects/Project--Dis-Order/DisOrder 4.27 - 3/Content/AnimStarterPack/UE4_Mannequin/Materials/MaterialLayers/T_ML_Rubber_Blue_01_N.uasset" 622
"E:/Unreal Projects/Project--Dis-Order/DisOrder 4.27 - 3/Content/AnimStarterPack/UE4_Mannequin/Materials/MaterialLayers/T_ML_Rubber_Blue_01_N.uexp" 623
"E:/Unreal Projects/Project--Dis-Order/DisOrder 4.27 - 3/Content/AnimStarterPack/UE4_Mannequin/Materials/MaterialLayers/T_ML_Rubber_Blue_01_N.ubulk" 624
"E:/Unreal Projects/Project--Dis-Order/DisOrder 4.27 - 3/Content/AnimStarterPack/UE4_Mannequin/Materials/MaterialLayers/T_ML_Rubber_Blue_01_D.uasset" 625
"E:/Unreal Projects/Project--Dis-Order/DisOrder 4.27 - 3/Content/AnimStarterPack/UE4_Mannequin/Materials/MaterialLayers/T_ML_Rubber_Blue_01_D.uexp" 626
"E:/Unreal Projects/Project--Dis-Order/DisOrder 4.27 - 3/Content/AnimStarterPack/UE4_Mannequin/Materials/MaterialLayers/T_ML_Rubber_Blue_01_D.ubulk" 627
"E:/Unreal Projects/Project--Dis-Order/DisOrder 4.27 - 3/Content/AnimStarterPack/UE4_Mannequin/Materials/MaterialLayers/ML_GlossyBlack_Latex_UE4.uasset" 628
"E:/Unreal Projects/Project--Dis-Order/DisOrder 4.27 - 3/Content/AnimStarterPack/UE4_Mannequin/Materials/MaterialLayers/ML_GlossyBlack_Latex_UE4.uexp" 629
"../../../Engine/Content/Functions/MaterialLayerFunctions/MatLayerBlend_Simple.uasset" 630
"../../../Engine/Content/Functions/MaterialLayerFunctions/MatLayerBlend_Simple.uexp" 631
"../../../Engine/Content/Functions/Engine_MaterialFunctions02/Utility/BlendAngleCorrectedNormals.uasset" 632
"../../../Engine/Content/Functions/Engine_MaterialFunctions02/Utility/BlendAngleCorrectedNormals.uexp" 633
"../../../Engine/Content/Functions/MaterialLayerFunctions/MatLayerBlend_NormalBlend.uasset" 634
"../../../Engine/Content/Functions/MaterialLayerFunctions/MatLayerBlend_NormalBlend.uexp" 635
"../../../Engine/Content/Functions/MaterialLayerFunctions/MatLayerBlend_AO.uasset" 636
"../../../Engine/Content/Functions/MaterialLayerFunctions/MatLayerBlend_AO.uexp" 637
"E:/Unreal Projects/Project--Dis-Order/DisOrder 4.27 - 3/Content/AnimStarterPack/UE4_Mannequin/Materials/M_UE4Man_Body.uasset" 638
"E:/Unreal Projects/Project--Dis-Order/DisOrder 4.27 - 3/Content/AnimStarterPack/UE4_Mannequin/Materials/M_UE4Man_Body.uexp" 639
"E:/Unreal Projects/Project--Dis-Order/DisOrder 4.27 - 3/Content/AnimStarterPack/UE4_Mannequin/Mesh/SK_Mannequin_PhysicsAsset.uasset" 640
"E:/Unreal Projects/Project--Dis-Order/DisOrder 4.27 - 3/Content/AnimStarterPack/UE4_Mannequin/Mesh/SK_Mannequin_PhysicsAsset.uexp" 641
"E:/Unreal Projects/Project--Dis-Order/DisOrder 4.27 - 3/Content/RollsAndDodges/Characters/Mannequin/Textures/UE4_LOGO_CARD.uasset" 642
"E:/Unreal Projects/Project--Dis-Order/DisOrder 4.27 - 3/Content/RollsAndDodges/Characters/Mannequin/Textures/UE4_LOGO_CARD.uexp" 643
"E:/Unreal Projects/Project--Dis-Order/DisOrder 4.27 - 3/Content/RollsAndDodges/Characters/Mannequin/Textures/UE4_LOGO_CARD.ubulk" 644
"E:/Unreal Projects/Project--Dis-Order/DisOrder 4.27 - 3/Content/RollsAndDodges/Characters/Mannequin/Materials/MaterialLayers/T_ML_Rubber_Blue_01_N.uasset" 645
"E:/Unreal Projects/Project--Dis-Order/DisOrder 4.27 - 3/Content/RollsAndDodges/Characters/Mannequin/Materials/MaterialLayers/T_ML_Rubber_Blue_01_N.uexp" 646
"E:/Unreal Projects/Project--Dis-Order/DisOrder 4.27 - 3/Content/RollsAndDodges/Characters/Mannequin/Materials/MaterialLayers/T_ML_Rubber_Blue_01_N.ubulk" 647
"E:/Unreal Projects/Project--Dis-Order/DisOrder 4.27 - 3/Content/RollsAndDodges/Characters/Mannequin/Materials/MaterialLayers/T_ML_Rubber_Blue_01_D.uasset" 648
"E:/Unreal Projects/Project--Dis-Order/DisOrder 4.27 - 3/Content/RollsAndDodges/Characters/Mannequin/Materials/MaterialLayers/T_ML_Rubber_Blue_01_D.uexp" 649
"E:/Unreal Projects/Project--Dis-Order/DisOrder 4.27 - 3/Content/RollsAndDodges/Characters/Mannequin/Materials/MaterialLayers/T_ML_Rubber_Blue_01_D.ubulk" 650
"E:/Unreal Projects/Project--Dis-Order/DisOrder 4.27 - 3/Content/RollsAndDodges/Characters/Mannequin/Materials/MaterialLayers/T_ML_Aluminum01_N.uasset" 651
"E:/Unreal Projects/Project--Dis-Order/DisOrder 4.27 - 3/Content/RollsAndDodges/Characters/Mannequin/Materials/MaterialLayers/T_ML_Aluminum01_N.uexp" 652
"E:/Unreal Projects/Project--Dis-Order/DisOrder 4.27 - 3/Content/RollsAndDodges/Characters/Mannequin/Materials/MaterialLayers/T_ML_Aluminum01_N.ubulk" 653
"E:/Unreal Projects/Project--Dis-Order/DisOrder 4.27 - 3/Content/RollsAndDodges/Characters/Mannequin/Materials/MaterialLayers/T_ML_Aluminum01.uasset" 654
"E:/Unreal Projects/Project--Dis-Order/DisOrder 4.27 - 3/Content/RollsAndDodges/Characters/Mannequin/Materials/MaterialLayers/T_ML_Aluminum01.uexp" 655
"E:/Unreal Projects/Project--Dis-Order/DisOrder 4.27 - 3/Content/RollsAndDodges/Characters/Mannequin/Materials/MaterialLayers/T_ML_Aluminum01.ubulk" 656
"E:/Unreal Projects/Project--Dis-Order/DisOrder 4.27 - 3/Content/RollsAndDodges/Characters/Mannequin/Textures/UE4_Mannequin_MAT_MASKA.uasset" 657
"E:/Unreal Projects/Project--Dis-Order/DisOrder 4.27 - 3/Content/RollsAndDodges/Characters/Mannequin/Textures/UE4_Mannequin_MAT_MASKA.uexp" 658
"E:/Unreal Projects/Project--Dis-Order/DisOrder 4.27 - 3/Content/RollsAndDodges/Characters/Mannequin/Textures/UE4_Mannequin_MAT_MASKA.ubulk" 659
"E:/Unreal Projects/Project--Dis-Order/DisOrder 4.27 - 3/Content/RollsAndDodges/Characters/Mannequin/Textures/UE4_Mannequin__normals.uasset" 660
"E:/Unreal Projects/Project--Dis-Order/DisOrder 4.27 - 3/Content/RollsAndDodges/Characters/Mannequin/Textures/UE4_Mannequin__normals.uexp" 661
"E:/Unreal Projects/Project--Dis-Order/DisOrder 4.27 - 3/Content/RollsAndDodges/Characters/Mannequin/Textures/UE4_Mannequin__normals.ubulk" 662
"E:/Unreal Projects/Project--Dis-Order/DisOrder 4.27 - 3/Content/RollsAndDodges/Characters/Mannequin/Materials/MaterialLayers/ML_SoftMetal_UE4.uasset" 663
"E:/Unreal Projects/Project--Dis-Order/DisOrder 4.27 - 3/Content/RollsAndDodges/Characters/Mannequin/Materials/MaterialLayers/ML_SoftMetal_UE4.uexp" 664
"E:/Unreal Projects/Project--Dis-Order/DisOrder 4.27 - 3/Content/RollsAndDodges/Characters/Mannequin/Materials/MaterialLayers/ML_Plastic_Shiny_Beige_LOGO.uasset" 665
"E:/Unreal Projects/Project--Dis-Order/DisOrder 4.27 - 3/Content/RollsAndDodges/Characters/Mannequin/Materials/MaterialLayers/ML_Plastic_Shiny_Beige_LOGO.uexp" 666
"E:/Unreal Projects/Project--Dis-Order/DisOrder 4.27 - 3/Content/RollsAndDodges/Characters/Mannequin/Materials/MaterialLayers/ML_Plastic_Shiny_Beige.uasset" 667
"E:/Unreal Projects/Project--Dis-Order/DisOrder 4.27 - 3/Content/RollsAndDodges/Characters/Mannequin/Materials/MaterialLayers/ML_Plastic_Shiny_Beige.uexp" 668
"E:/Unreal Projects/Project--Dis-Order/DisOrder 4.27 - 3/Content/RollsAndDodges/Characters/Mannequin/Materials/MaterialLayers/ML_GlossyBlack_Latex_UE4.uasset" 669
"E:/Unreal Projects/Project--Dis-Order/DisOrder 4.27 - 3/Content/RollsAndDodges/Characters/Mannequin/Materials/MaterialLayers/ML_GlossyBlack_Latex_UE4.uexp" 670
"E:/Unreal Projects/Project--Dis-Order/DisOrder 4.27 - 3/Content/RollsAndDodges/Characters/Mannequin/Materials/M_UE4Man_Body.uasset" 671
"E:/Unreal Projects/Project--Dis-Order/DisOrder 4.27 - 3/Content/RollsAndDodges/Characters/Mannequin/Materials/M_UE4Man_Body.uexp" 672
"E:/Unreal Projects/Project--Dis-Order/DisOrder 4.27 - 3/Content/RollsAndDodges/Characters/Mannequin/Materials/M_UE4Man_ChestLogo.uasset" 673
"E:/Unreal Projects/Project--Dis-Order/DisOrder 4.27 - 3/Content/RollsAndDodges/Characters/Mannequin/Materials/M_UE4Man_ChestLogo.uexp" 674
"E:/Unreal Projects/Project--Dis-Order/DisOrder 4.27 - 3/Content/AnimStarterPack/UE4_Mannequin/Mesh/SK_Mannequin.uasset" 675
"E:/Unreal Projects/Project--Dis-Order/DisOrder 4.27 - 3/Content/AnimStarterPack/UE4_Mannequin/Mesh/SK_Mannequin.uexp" 676
"E:/Unreal Projects/Project--Dis-Order/DisOrder 4.27 - 3/Content/AnimStarterPack/Ue4ASP_Character.uasset" 677
"E:/Unreal Projects/Project--Dis-Order/DisOrder 4.27 - 3/Content/AnimStarterPack/Ue4ASP_Character.uexp" 678
"E:/Unreal Projects/Project--Dis-Order/DisOrder 4.27 - 3/Content/MichaelM/Animations/UE4ASP_HeroTPP_AnimBlueprint.uasset" 679
"E:/Unreal Projects/Project--Dis-Order/DisOrder 4.27 - 3/Content/MichaelM/Animations/UE4ASP_HeroTPP_AnimBlueprint.uexp" 680
"E:/Unreal Projects/Project--Dis-Order/DisOrder 4.27 - 3/Content/MichaelM/Blueprints/PlayerCharacterTest.uasset" 681
"E:/Unreal Projects/Project--Dis-Order/DisOrder 4.27 - 3/Content/MichaelM/Blueprints/PlayerCharacterTest.uexp" 682
"E:/Unreal Projects/Project--Dis-Order/DisOrder 4.27 - 3/Content/MichaelM/Blueprints/AI/NPC/BP_Enemy_controller.uasset" 683
"E:/Unreal Projects/Project--Dis-Order/DisOrder 4.27 - 3/Content/MichaelM/Blueprints/AI/NPC/BP_Enemy_controller.uexp" 684
"E:/Unreal Projects/Project--Dis-Order/DisOrder 4.27 - 3/Content/MichaelM/Blueprints/AI/NPC/BP_Enemy.uasset" 685
"E:/Unreal Projects/Project--Dis-Order/DisOrder 4.27 - 3/Content/MichaelM/Blueprints/AI/NPC/BP_Enemy.uexp" 686
"E:/Unreal Projects/Project--Dis-Order/DisOrder 4.27 - 3/Content/MichaelM/Blueprints/TopDownController1.uasset" 687
"E:/Unreal Projects/Project--Dis-Order/DisOrder 4.27 - 3/Content/MichaelM/Blueprints/TopDownController1.uexp" 688
"E:/Unreal Projects/Project--Dis-Order/DisOrder 4.27 - 3/Content/MichaelM/Blueprints/TopDownGameMode1.uasset" 689
"E:/Unreal Projects/Project--Dis-Order/DisOrder 4.27 - 3/Content/MichaelM/Blueprints/TopDownGameMode1.uexp" 690
"../../../Engine/Content/BasicShapes/Cube.uasset" 691
"../../../Engine/Content/BasicShapes/Cube.uexp" 692
"../../../Engine/Content/EngineSky/T_Sky_Stars.uasset" 693
"../../../Engine/Content/EngineSky/T_Sky_Stars.uexp" 694
"../../../Engine/Content/EngineSky/T_Sky_Stars.ubulk" 695
"../../../Engine/Content/EngineSky/T_Sky_Clouds_M.uasset" 696
"../../../Engine/Content/EngineSky/T_Sky_Clouds_M.uexp" 697
"../../../Engine/Content/EngineSky/T_Sky_Clouds_M.ubulk" 698
"../../../Engine/Content/EngineSky/T_Sky_Blue.uasset" 699
"../../../Engine/Content/EngineSky/T_Sky_Blue.uexp" 700
"../../../Engine/Content/EngineSky/T_Sky_Blue.ubulk" 701
"../../../Engine/Content/EngineSky/M_Sky_Panning_Clouds2.uasset" 702
"../../../Engine/Content/EngineSky/M_Sky_Panning_Clouds2.uexp" 703
"../../../Engine/Content/EngineSky/SM_SkySphere.uasset" 704
"../../../Engine/Content/EngineSky/SM_SkySphere.uexp" 705
"../../../Engine/Content/EngineSky/C_Sky_Zenith_Color.uasset" 706
"../../../Engine/Content/EngineSky/C_Sky_Zenith_Color.uexp" 707
"../../../Engine/Content/EngineSky/C_Sky_Horizon_Color.uasset" 708
"../../../Engine/Content/EngineSky/C_Sky_Horizon_Color.uexp" 709
"../../../Engine/Content/EngineSky/C_Sky_Cloud_Color.uasset" 710
"../../../Engine/Content/EngineSky/C_Sky_Cloud_Color.uexp" 711
"../../../Engine/Content/EngineSky/BP_Sky_Sphere.uasset" 712
"../../../Engine/Content/EngineSky/BP_Sky_Sphere.uexp" 713
"../../../Engine/Content/Functions/Engine_MaterialFunctions02/Math/AddComponents.uasset" 714
"../../../Engine/Content/Functions/Engine_MaterialFunctions02/Math/AddComponents.uexp" 715
"E:/Unreal Projects/Project--Dis-Order/DisOrder 4.27 - 3/Content/AdvancedCelShader/CelShader/MaterialFunctions/EdgeDetectColour.uasset" 716
"E:/Unreal Projects/Project--Dis-Order/DisOrder 4.27 - 3/Content/AdvancedCelShader/CelShader/MaterialFunctions/EdgeDetectColour.uexp" 717
"E:/Unreal Projects/Project--Dis-Order/DisOrder 4.27 - 3/Content/AdvancedCelShader/CelShader/MaterialFunctions/EdgeDetectDepth.uasset" 718
"E:/Unreal Projects/Project--Dis-Order/DisOrder 4.27 - 3/Content/AdvancedCelShader/CelShader/MaterialFunctions/EdgeDetectDepth.uexp" 719
"E:/Unreal Projects/Project--Dis-Order/DisOrder 4.27 - 3/Content/AdvancedCelShader/CelShader/MaterialFunctions/InnerShadow.uasset" 720
"E:/Unreal Projects/Project--Dis-Order/DisOrder 4.27 - 3/Content/AdvancedCelShader/CelShader/MaterialFunctions/InnerShadow.uexp" 721
"E:/Unreal Projects/Project--Dis-Order/DisOrder 4.27 - 3/Content/AdvancedCelShader/CelShader/MaterialFunctions/MaskSky.uasset" 722
"E:/Unreal Projects/Project--Dis-Order/DisOrder 4.27 - 3/Content/AdvancedCelShader/CelShader/MaterialFunctions/MaskSky.uexp" 723
"E:/Unreal Projects/Project--Dis-Order/DisOrder 4.27 - 3/Content/AdvancedCelShader/CelShader/MaterialFunctions/OuterShadow.uasset" 724
"E:/Unreal Projects/Project--Dis-Order/DisOrder 4.27 - 3/Content/AdvancedCelShader/CelShader/MaterialFunctions/OuterShadow.uexp" 725
"E:/Unreal Projects/Project--Dis-Order/DisOrder 4.27 - 3/Content/AdvancedCelShader/CelShader/MaterialFunctions/PixellateUVs.uasset" 726
"E:/Unreal Projects/Project--Dis-Order/DisOrder 4.27 - 3/Content/AdvancedCelShader/CelShader/MaterialFunctions/PixellateUVs.uexp" 727
"E:/Unreal Projects/Project--Dis-Order/DisOrder 4.27 - 3/Content/AdvancedCelShader/CelShader/MaterialFunctions/SkyMask.uasset" 728
"E:/Unreal Projects/Project--Dis-Order/DisOrder 4.27 - 3/Content/AdvancedCelShader/CelShader/MaterialFunctions/SkyMask.uexp" 729
"E:/Unreal Projects/Project--Dis-Order/DisOrder 4.27 - 3/Content/AdvancedCelShader/CelShader/MaterialFunctions/Slider.uasset" 730
"E:/Unreal Projects/Project--Dis-Order/DisOrder 4.27 - 3/Content/AdvancedCelShader/CelShader/MaterialFunctions/Slider.uexp" 731
"../../../Engine/Content/Functions/Engine_MaterialFunctions01/ImageAdjustment/SCurve.uasset" 732
"../../../Engine/Content/Functions/Engine_MaterialFunctions01/ImageAdjustment/SCurve.uexp" 733
"../../../Engine/Content/MapTemplates/TilingNoise05.uasset" 734
"../../../Engine/Content/MapTemplates/TilingNoise05.uexp" 735
"../../../Engine/Content/MapTemplates/TilingNoise05.ubulk" 736
"../../../Engine/Content/Functions/Engine_MaterialFunctions01/Texturing/TriplanarCameraVector.uasset" 737
"../../../Engine/Content/Functions/Engine_MaterialFunctions01/Texturing/TriplanarCameraVector.uexp" 738
"E:/Unreal Projects/Project--Dis-Order/DisOrder 4.27 - 3/Content/AdvancedCelShader/CelShader/Textures/PrintDots.uasset" 739
"E:/Unreal Projects/Project--Dis-Order/DisOrder 4.27 - 3/Content/AdvancedCelShader/CelShader/Textures/PrintDots.uexp" 740
"E:/Unreal Projects/Project--Dis-Order/DisOrder 4.27 - 3/Content/AdvancedCelShader/CelShader/Textures/PrintDots.ubulk" 741
"../../../Engine/Content/Functions/Engine_MaterialFunctions02/Texturing/WorldPositionWithScale.uasset" 742
"../../../Engine/Content/Functions/Engine_MaterialFunctions02/Texturing/WorldPositionWithScale.uexp" 743
"../../../Engine/Content/Functions/Engine_MaterialFunctions02/Utility/Sign.uasset" 744
"../../../Engine/Content/Functions/Engine_MaterialFunctions02/Utility/Sign.uexp" 745
"../../../Engine/Content/EngineMaterials/BlendFunc_DefBlend.uasset" 746
"../../../Engine/Content/EngineMaterials/BlendFunc_DefBlend.uexp" 747
"../../../Engine/Content/EngineMaterials/BlendFunc_DefBase.uasset" 748
"../../../Engine/Content/EngineMaterials/BlendFunc_DefBase.uexp" 749
"../../../Engine/Content/Functions/Engine_MaterialFunctions03/Blends/Blend_Difference.uasset" 750
"../../../Engine/Content/Functions/Engine_MaterialFunctions03/Blends/Blend_Difference.uexp" 751
"E:/Unreal Projects/Project--Dis-Order/DisOrder 4.27 - 3/Content/AdvancedCelShader/CelShader/Textures/sketch_mask_2.uasset" 752
"E:/Unreal Projects/Project--Dis-Order/DisOrder 4.27 - 3/Content/AdvancedCelShader/CelShader/Textures/sketch_mask_2.uexp" 753
"E:/Unreal Projects/Project--Dis-Order/DisOrder 4.27 - 3/Content/AdvancedCelShader/CelShader/Textures/sketch_mask_2.ubulk" 754
"E:/Unreal Projects/Project--Dis-Order/DisOrder 4.27 - 3/Content/AdvancedCelShader/CelShader/Textures/watercolour_texture.uasset" 755
"E:/Unreal Projects/Project--Dis-Order/DisOrder 4.27 - 3/Content/AdvancedCelShader/CelShader/Textures/watercolour_texture.uexp" 756
"E:/Unreal Projects/Project--Dis-Order/DisOrder 4.27 - 3/Content/AdvancedCelShader/CelShader/Textures/watercolour_texture.ubulk" 757
"E:/Unreal Projects/Project--Dis-Order/DisOrder 4.27 - 3/Content/AdvancedCelShader/CelShader/Textures/spatter.uasset" 758
"E:/Unreal Projects/Project--Dis-Order/DisOrder 4.27 - 3/Content/AdvancedCelShader/CelShader/Textures/spatter.uexp" 759
"E:/Unreal Projects/Project--Dis-Order/DisOrder 4.27 - 3/Content/AdvancedCelShader/CelShader/Textures/spatter.ubulk" 760
"../../../Engine/Content/Functions/Engine_MaterialFunctions02/Utility/Round.uasset" 761
"../../../Engine/Content/Functions/Engine_MaterialFunctions02/Utility/Round.uexp" 762
"E:/Unreal Projects/Project--Dis-Order/DisOrder 4.27 - 3/Content/AdvancedCelShader/CelShader/MaterialFunctions/DepthMask.uasset" 763
"E:/Unreal Projects/Project--Dis-Order/DisOrder 4.27 - 3/Content/AdvancedCelShader/CelShader/MaterialFunctions/DepthMask.uexp" 764
"E:/Unreal Projects/Project--Dis-Order/DisOrder 4.27 - 3/Content/AdvancedCelShader/CelShader/MaterialFunctions/Posterize.uasset" 765
"E:/Unreal Projects/Project--Dis-Order/DisOrder 4.27 - 3/Content/AdvancedCelShader/CelShader/MaterialFunctions/Posterize.uexp" 766
"E:/Unreal Projects/Project--Dis-Order/DisOrder 4.27 - 3/Content/AdvancedCelShader/CelShader/MaterialFunctions/CelPosterize.uasset" 767
"E:/Unreal Projects/Project--Dis-Order/DisOrder 4.27 - 3/Content/AdvancedCelShader/CelShader/MaterialFunctions/CelPosterize.uexp" 768
"E:/Unreal Projects/Project--Dis-Order/DisOrder 4.27 - 3/Content/AdvancedCelShader/CelShader/MaterialFunctions/CustomBlur2.uasset" 769
"E:/Unreal Projects/Project--Dis-Order/DisOrder 4.27 - 3/Content/AdvancedCelShader/CelShader/MaterialFunctions/CustomBlur2.uexp" 770
"E:/Unreal Projects/Project--Dis-Order/DisOrder 4.27 - 3/Content/AdvancedCelShader/CelShader/MaterialFunctions/CustomBlur1.uasset" 771
"E:/Unreal Projects/Project--Dis-Order/DisOrder 4.27 - 3/Content/AdvancedCelShader/CelShader/MaterialFunctions/CustomBlur1.uexp" 772
"E:/Unreal Projects/Project--Dis-Order/DisOrder 4.27 - 3/Content/AdvancedCelShader/CelShader/Materials/CelShader.uasset" 773
"E:/Unreal Projects/Project--Dis-Order/DisOrder 4.27 - 3/Content/AdvancedCelShader/CelShader/Materials/CelShader.uexp" 774
"E:/Unreal Projects/Project--Dis-Order/DisOrder 4.27 - 3/Content/AdvancedCelShader/CelShader/Presets/CelShaderVoltron.uasset" 775
"E:/Unreal Projects/Project--Dis-Order/DisOrder 4.27 - 3/Content/AdvancedCelShader/CelShader/Presets/CelShaderVoltron.uexp" 776
"E:/Unreal Projects/Project--Dis-Order/DisOrder 4.27 - 3/Content/MichaelM/Maps/L_Michael_TestRealm.uexp" 777
"E:/Unreal Projects/Project--Dis-Order/DisOrder 4.27 - 3/Content/MichaelM/Maps/L_Michael_TestRealm.umap" 778
"../../../Engine/Content/Maps/Entry_BuiltData.uasset" 779
"../../../Engine/Content/Maps/Entry_BuiltData.uexp" 780
"../../../Engine/Content/Maps/Entry.uexp" 781
"../../../Engine/Content/Maps/Entry.umap" 782
