Log file open, 06/15/22 19:44:29
LogWindows: Failed to load 'aqProf.dll' (GetLastError=126)
LogWindows: File 'aqProf.dll' does not exist
LogWindows: Failed to load 'VtuneApi.dll' (GetLastError=126)
LogWindows: File 'VtuneApi.dll' does not exist
LogWindows: Failed to load 'VtuneApi32e.dll' (GetLastError=126)
LogWindows: File 'VtuneApi32e.dll' does not exist
LogConsoleResponse: Display: Failed to find resolution value strings in scalability ini. Falling back to default.
LogConsoleResponse: Display: Failed to find resolution value strings in scalability ini. Falling back to default.
LogInit: Display: Running engine for game: DisOrder
LogPlatformFile: Not using cached read wrapper
LogTaskGraph: Started task graph with 5 named threads and 20 total threads with 3 sets of task threads.
LogStats: Stats thread started at 0.313871
LogICUInternationalization: ICU TimeZone Detection - Raw Offset: +10:00, Platform Override: ''
LogInit: Display: Loading text-based GConfig....
LogPluginManager: Mounting plugin FMODStudio
LogPluginManager: Mounting plugin MeshPainting
LogPluginManager: Mounting plugin XGEController
LogPluginManager: Mounting plugin AISupport
LogPluginManager: Mounting plugin Paper2D
LogPluginManager: Mounting plugin EnvironmentQueryEditor
LogPluginManager: Mounting plugin LiveLink
LogPluginManager: Mounting plugin LightPropagationVolume
LogPluginManager: Mounting plugin CameraShakePreviewer
LogPluginManager: Mounting plugin GameplayCameras
LogPluginManager: Mounting plugin OodleData
LogPluginManager: Mounting plugin OodleNetwork
LogPluginManager: Mounting plugin AssetManagerEditor
LogPluginManager: Mounting plugin CurveEditorTools
LogPluginManager: Mounting plugin DataValidation
LogPluginManager: Mounting plugin FacialAnimation
LogPluginManager: Mounting plugin CryptoKeys
LogPluginManager: Mounting plugin GeometryMode
LogPluginManager: Mounting plugin MacGraphicsSwitching
LogPluginManager: Mounting plugin GameplayTagsEditor
LogPluginManager: Mounting plugin MaterialAnalyzer
LogPluginManager: Mounting plugin PluginBrowser
LogPluginManager: Mounting plugin MobileLauncherProfileWizard
LogPluginManager: Mounting plugin SpeedTreeImporter
LogPluginManager: Mounting plugin AnimationSharing
LogPluginManager: Mounting plugin CodeLiteSourceCodeAccess
LogPluginManager: Mounting plugin CLionSourceCodeAccess
LogPluginManager: Mounting plugin GitSourceControl
LogPluginManager: Mounting plugin KDevelopSourceCodeAccess
LogPluginManager: Mounting plugin NullSourceCodeAccess
LogPluginManager: Mounting plugin PerforceSourceControl
LogPluginManager: Mounting plugin PixWinPlugin
LogPluginManager: Mounting plugin PluginUtils
LogPluginManager: Mounting plugin PlasticSourceControl
LogPluginManager: Mounting plugin PropertyAccessNode
LogPluginManager: Mounting plugin RiderSourceCodeAccess
LogPluginManager: Mounting plugin TextureFormatOodle
LogPluginManager: Mounting plugin SubversionSourceControl
LogPluginManager: Mounting plugin UObjectPlugin
LogPluginManager: Mounting plugin VisualStudioCodeSourceCodeAccess
LogPluginManager: Mounting plugin XCodeSourceCodeAccess
LogPluginManager: Mounting plugin VisualStudioSourceCodeAccess
LogPluginManager: Mounting plugin DatasmithContent
LogPluginManager: Mounting plugin VariantManagerContent
LogPluginManager: Mounting plugin AlembicImporter
LogPluginManager: Mounting plugin AutomationUtils
LogPluginManager: Mounting plugin BackChannel
LogPluginManager: Mounting plugin ChaosClothEditor
LogPluginManager: Mounting plugin ChaosCloth
LogPluginManager: Mounting plugin ChaosNiagara
LogPluginManager: Mounting plugin ChaosSolverPlugin
LogPluginManager: Mounting plugin ChaosEditor
LogPluginManager: Mounting plugin CharacterAI
LogPluginManager: Mounting plugin GeometryCollectionPlugin
LogPluginManager: Mounting plugin GeometryCache
LogPluginManager: Mounting plugin GeometryProcessing
LogPluginManager: Mounting plugin MotoSynth
LogPluginManager: Mounting plugin OpenImageDenoise
LogPluginManager: Mounting plugin PlatformCrypto
LogPluginManager: Mounting plugin PlanarCut
LogPluginManager: Mounting plugin ProxyLODPlugin
LogPluginManager: Mounting plugin PythonScriptPlugin
LogPluginManager: Mounting plugin SkeletalReduction
LogPluginManager: Mounting plugin Niagara
LogPluginManager: Mounting plugin AndroidMedia
LogPluginManager: Mounting plugin AvfMedia
LogPluginManager: Mounting plugin LuminPlatformFeatures
LogPluginManager: Mounting plugin MagicLeap
LogPluginManager: Mounting plugin ImgMedia
LogPluginManager: Mounting plugin MagicLeapLightEstimation
LogPluginManager: Mounting plugin MediaCompositing
LogPluginManager: Mounting plugin MagicLeapMedia
LogPluginManager: Mounting plugin MediaPlayerEditor
LogPluginManager: Mounting plugin WebMMedia
LogPluginManager: Mounting plugin WmfMedia
LogPluginManager: Mounting plugin MagicLeapPassableWorld
LogPluginManager: Mounting plugin MLSDK
LogPluginManager: Mounting plugin UdpMessaging
LogPluginManager: Mounting plugin TcpMessaging
LogPluginManager: Mounting plugin ActorSequence
LogPluginManager: Mounting plugin LevelSequenceEditor
LogPluginManager: Mounting plugin MatineeToLevelSequence
LogPluginManager: Mounting plugin TemplateSequence
LogPluginManager: Mounting plugin OnlineSubsystem
LogPluginManager: Mounting plugin OnlineSubsystemNull
LogPluginManager: Mounting plugin OnlineSubsystemUtils
LogPluginManager: Mounting plugin LauncherChunkInstaller
LogPluginManager: Mounting plugin ActorLayerUtilities
LogPluginManager: Mounting plugin AndroidDeviceProfileSelector
LogPluginManager: Mounting plugin AndroidMoviePlayer
LogPluginManager: Mounting plugin AndroidPermission
LogPluginManager: Mounting plugin AppleImageUtils
LogPluginManager: Mounting plugin AppleMoviePlayer
LogPluginManager: Mounting plugin ArchVisCharacter
LogPluginManager: Mounting plugin AssetTags
LogPluginManager: Mounting plugin AudioCapture
LogPluginManager: Mounting plugin AudioSynesthesia
LogPluginManager: Mounting plugin ChunkDownloader
LogPluginManager: Mounting plugin CableComponent
LogPluginManager: Mounting plugin CustomMeshComponent
LogPluginManager: Mounting plugin EditableMesh
LogPluginManager: Mounting plugin ExampleDeviceProfileSelector
LogPluginManager: Mounting plugin GoogleCloudMessaging
LogPluginManager: Mounting plugin GooglePAD
LogPluginManager: Mounting plugin IOSDeviceProfileSelector
LogPluginManager: Mounting plugin LinuxDeviceProfileSelector
LogPluginManager: Mounting plugin LocationServicesBPLibrary
LogPluginManager: Mounting plugin MobilePatchingUtils
LogPluginManager: Mounting plugin OpenXR
LogPluginManager: Mounting plugin OpenXREyeTracker
LogPluginManager: Mounting plugin OpenXRHandTracking
LogPluginManager: Mounting plugin PhysXVehicles
LogPluginManager: Mounting plugin ProceduralMeshComponent
LogPluginManager: Mounting plugin PropertyAccessEditor
LogPluginManager: Mounting plugin PostSplashScreen
LogPluginManager: Mounting plugin RuntimePhysXCooking
LogPluginManager: Mounting plugin SignificanceManager
LogPluginManager: Mounting plugin SoundFields
LogPluginManager: Mounting plugin Synthesis
LogPluginManager: Mounting plugin WebMMoviePlayer
LogPluginManager: Mounting plugin WindowsMoviePlayer
LogPluginManager: Mounting plugin ScreenshotTools
LogPluginManager: Mounting plugin Takes
LogPluginManager: Mounting plugin ContentBrowserAssetDataSource
LogPluginManager: Mounting plugin ContentBrowserFileDataSource
LogPluginManager: Mounting plugin ContentBrowserClassDataSource
LogPluginManager: Mounting plugin OnlineSubsystemGooglePlay
LogPluginManager: Mounting plugin OnlineSubsystemIOS
LogPluginManager: Mounting plugin OculusVR
LogPluginManager: Mounting plugin SteamVR
PixWinPlugin: PIX capture plugin failed to initialize! Check that the process is launched from PIX.
LogInit: Using libcurl 7.55.1-DEV
LogInit:  - built for x86_64-pc-win32
LogInit:  - supports SSL with OpenSSL/1.1.1
LogInit:  - supports HTTP deflate (compression) using libz 1.2.8
LogInit:  - other features:
LogInit:      CURL_VERSION_SSL
LogInit:      CURL_VERSION_LIBZ
LogInit:      CURL_VERSION_IPV6
LogInit:      CURL_VERSION_ASYNCHDNS
LogInit:      CURL_VERSION_LARGEFILE
LogInit:      CURL_VERSION_IDN
LogInit:  CurlRequestOptions (configurable via config and command line):
LogInit:  - bVerifyPeer = true  - Libcurl will verify peer certificate
LogInit:  - bUseHttpProxy = false  - Libcurl will NOT use HTTP proxy
LogInit:  - bDontReuseConnections = false  - Libcurl will reuse connections
LogInit:  - MaxHostConnections = 16  - Libcurl will limit the number of connections to a host
LogInit:  - LocalHostAddr = Default
LogInit:  - BufferSize = 65536
LogOnline: OSS: Creating online subsystem instance for: NULL
LogInit: WinSock: version 1.1 (2.2), MaxSocks=32767, MaxUdp=65467
LogOnline: OSS: TryLoadSubsystemAndSetDefault: Loaded subsystem for module [NULL]
LogOculusPluginWrapper: OculusPlugin initialized successfully
LogHMD: Failed initializing OVRPlugin 1.59.0
LogInit: Build: ++UE4+Release-4.27-CL-18319896
LogInit: Engine Version: 4.27.2-18319896+++UE4+Release-4.27
LogInit: Compatible Engine Version: 4.27.0-17155196+++UE4+Release-4.27
LogInit: Net CL: 17155196
LogInit: OS: Windows 10 (Release 2009) (), CPU: Intel(R) Core(TM) i5-9500 CPU @ 3.00GHz, GPU: NVIDIA GeForce RTX 2070 SUPER
LogInit: Compiled (64-bit): Nov 30 2021 07:12:08
LogInit: Compiled with Visual C++: 19.24.28315.00
LogInit: Build Configuration: Development
LogInit: Branch Name: ++UE4+Release-4.27
LogInit: Command Line: 
LogInit: Base Directory: E:/Epic Games/UE_4.27/Engine/Binaries/Win64/
LogInit: Allocator: TBB
LogInit: Installed Engine Build: 1
LogDevObjectVersion: Number of dev versions registered: 29
LogDevObjectVersion:   Dev-Blueprints (B0D832E4-1F89-4F0D-ACCF-7EB736FD4AA2): 10
LogDevObjectVersion:   Dev-Build (E1C64328-A22C-4D53-A36C-8E866417BD8C): 0
LogDevObjectVersion:   Dev-Core (375EC13C-06E4-48FB-B500-84F0262A717E): 4
LogDevObjectVersion:   Dev-Editor (E4B068ED-F494-42E9-A231-DA0B2E46BB41): 40
LogDevObjectVersion:   Dev-Framework (CFFC743F-43B0-4480-9391-14DF171D2073): 37
LogDevObjectVersion:   Dev-Mobile (B02B49B5-BB20-44E9-A304-32B752E40360): 3
LogDevObjectVersion:   Dev-Networking (A4E4105C-59A1-49B5-A7C5-40C4547EDFEE): 0
LogDevObjectVersion:   Dev-Online (39C831C9-5AE6-47DC-9A44-9C173E1C8E7C): 0
LogDevObjectVersion:   Dev-Physics (78F01B33-EBEA-4F98-B9B4-84EACCB95AA2): 14
LogDevObjectVersion:   Dev-Platform (6631380F-2D4D-43E0-8009-CF276956A95A): 0
LogDevObjectVersion:   Dev-Rendering (12F88B9F-8875-4AFC-A67C-D90C383ABD29): 45
LogDevObjectVersion:   Dev-Sequencer (7B5AE74C-D270-4C10-A958-57980B212A5A): 13
LogDevObjectVersion:   Dev-VR (D7296918-1DD6-4BDD-9DE2-64A83CC13884): 3
LogDevObjectVersion:   Dev-LoadTimes (C2A15278-BFE7-4AFE-6C17-90FF531DF755): 1
LogDevObjectVersion:   Private-Geometry (6EACA3D4-40EC-4CC1-B786-8BED09428FC5): 3
LogDevObjectVersion:   Dev-AnimPhys (29E575DD-E0A3-4627-9D10-D276232CDCEA): 17
LogDevObjectVersion:   Dev-Anim (AF43A65D-7FD3-4947-9873-3E8ED9C1BB05): 15
LogDevObjectVersion:   Dev-ReflectionCapture (6B266CEC-1EC7-4B8F-A30B-E4D90942FC07): 1
LogDevObjectVersion:   Dev-Automation (0DF73D61-A23F-47EA-B727-89E90C41499A): 1
LogDevObjectVersion:   FortniteMain (601D1886-AC64-4F84-AA16-D3DE0DEAC7D6): 47
LogDevObjectVersion:   FortniteRelease (E7086368-6B23-4C58-8439-1B7016265E91): 1
LogDevObjectVersion:   Dev-Enterprise (9DFFBCD6-494F-0158-E221-12823C92A888): 10
LogDevObjectVersion:   Dev-Niagara (F2AED0AC-9AFE-416F-8664-AA7FFA26D6FC): 1
LogDevObjectVersion:   Dev-Destruction (174F1F0B-B4C6-45A5-B13F-2EE8D0FB917D): 10
LogDevObjectVersion:   Dev-Physics-Ext (35F94A83-E258-406C-A318-09F59610247C): 41
LogDevObjectVersion:   Dev-PhysicsMaterial-Chaos (B68FC16E-8B1B-42E2-B453-215C058844FE): 1
LogDevObjectVersion:   Dev-CineCamera (B2E18506-4273-CFC2-A54E-F4BB758BBA07): 1
LogDevObjectVersion:   Dev-VirtualProduction (64F58936-FD1B-42BA-BA96-7289D5D0FA4E): 1
LogDevObjectVersion:   Dev-MediaFramework (6F0ED827-A609-4895-9C91-998D90180EA4): 2
LogInit: Presizing for max 25165824 objects, including 0 objects not considered by GC, pre-allocating 0 bytes for permanent pool.
LogConfig: Applying CVar settings from Section [/Script/Engine.StreamingSettings] File [E:/Unreal Projects/Project--Dis-Order/DisOrder/Saved/Config/Windows/Engine.ini]
LogConfig: Setting CVar [[s.MinBulkDataSizeForAsyncLoading:131072]]
LogConfig: Setting CVar [[s.AsyncLoadingThreadEnabled:0]]
LogConfig: Setting CVar [[s.EventDrivenLoaderEnabled:1]]
LogConfig: Setting CVar [[s.WarnIfTimeLimitExceeded:0]]
LogConfig: Setting CVar [[s.TimeLimitExceededMultiplier:1.5]]
LogConfig: Setting CVar [[s.TimeLimitExceededMinTime:0.005]]
LogConfig: Setting CVar [[s.UseBackgroundLevelStreaming:1]]
LogConfig: Setting CVar [[s.PriorityAsyncLoadingExtraTime:15.0]]
LogConfig: Setting CVar [[s.LevelStreamingActorsUpdateTimeLimit:5.0]]
LogConfig: Setting CVar [[s.PriorityLevelStreamingActorsUpdateExtraTime:5.0]]
LogConfig: Setting CVar [[s.LevelStreamingComponentsRegistrationGranularity:10]]
LogConfig: Setting CVar [[s.UnregisterComponentsTimeLimit:1.0]]
LogConfig: Setting CVar [[s.LevelStreamingComponentsUnregistrationGranularity:5]]
LogConfig: Setting CVar [[s.FlushStreamingOnExit:1]]
LogInit: Object subsystem initialized
LogConfig: Setting CVar [[con.DebugEarlyDefault:1]]
LogConfig: Setting CVar [[r.setres:1280x720]]
[2022.06.15-09.44.30:363][  0]LogConfig: Setting CVar [[r.VSync:0]]
[2022.06.15-09.44.30:363][  0]LogConfig: Setting CVar [[r.RHICmdBypass:0]]
[2022.06.15-09.44.30:363][  0]LogConfig: Applying CVar settings from Section [/Script/Engine.RendererSettings] File [E:/Unreal Projects/Project--Dis-Order/DisOrder/Saved/Config/Windows/Engine.ini]
[2022.06.15-09.44.30:363][  0]LogConfig: Setting CVar [[r.GPUCrashDebugging:0]]
[2022.06.15-09.44.30:363][  0]LogConfig: Applying CVar settings from Section [/Script/Engine.RendererOverrideSettings] File [E:/Unreal Projects/Project--Dis-Order/DisOrder/Saved/Config/Windows/Engine.ini]
[2022.06.15-09.44.30:363][  0]LogConfig: Applying CVar settings from Section [/Script/Engine.StreamingSettings] File [E:/Unreal Projects/Project--Dis-Order/DisOrder/Saved/Config/Windows/Engine.ini]
[2022.06.15-09.44.30:363][  0]LogConfig: Setting CVar [[s.MinBulkDataSizeForAsyncLoading:131072]]
[2022.06.15-09.44.30:363][  0]LogConfig: Setting CVar [[s.AsyncLoadingThreadEnabled:0]]
[2022.06.15-09.44.30:363][  0]LogConfig: Setting CVar [[s.EventDrivenLoaderEnabled:1]]
[2022.06.15-09.44.30:363][  0]LogConfig: Setting CVar [[s.WarnIfTimeLimitExceeded:0]]
[2022.06.15-09.44.30:363][  0]LogConfig: Setting CVar [[s.TimeLimitExceededMultiplier:1.5]]
[2022.06.15-09.44.30:363][  0]LogConfig: Setting CVar [[s.TimeLimitExceededMinTime:0.005]]
[2022.06.15-09.44.30:363][  0]LogConfig: Setting CVar [[s.UseBackgroundLevelStreaming:1]]
[2022.06.15-09.44.30:363][  0]LogConfig: Setting CVar [[s.PriorityAsyncLoadingExtraTime:15.0]]
[2022.06.15-09.44.30:363][  0]LogConfig: Setting CVar [[s.LevelStreamingActorsUpdateTimeLimit:5.0]]
[2022.06.15-09.44.30:363][  0]LogConfig: Setting CVar [[s.PriorityLevelStreamingActorsUpdateExtraTime:5.0]]
[2022.06.15-09.44.30:363][  0]LogConfig: Setting CVar [[s.LevelStreamingComponentsRegistrationGranularity:10]]
[2022.06.15-09.44.30:363][  0]LogConfig: Setting CVar [[s.UnregisterComponentsTimeLimit:1.0]]
[2022.06.15-09.44.30:363][  0]LogConfig: Setting CVar [[s.LevelStreamingComponentsUnregistrationGranularity:5]]
[2022.06.15-09.44.30:363][  0]LogConfig: Setting CVar [[s.FlushStreamingOnExit:1]]
[2022.06.15-09.44.30:363][  0]LogConfig: Applying CVar settings from Section [/Script/Engine.GarbageCollectionSettings] File [E:/Unreal Projects/Project--Dis-Order/DisOrder/Saved/Config/Windows/Engine.ini]
[2022.06.15-09.44.30:364][  0]LogConfig: Setting CVar [[gc.MaxObjectsNotConsideredByGC:1]]
[2022.06.15-09.44.30:364][  0]LogConfig: Setting CVar [[gc.SizeOfPermanentObjectPool:0]]
[2022.06.15-09.44.30:364][  0]LogConfig: Setting CVar [[gc.FlushStreamingOnGC:0]]
[2022.06.15-09.44.30:364][  0]LogConfig: Setting CVar [[gc.NumRetriesBeforeForcingGC:10]]
[2022.06.15-09.44.30:364][  0]LogConfig: Setting CVar [[gc.AllowParallelGC:1]]
[2022.06.15-09.44.30:364][  0]LogConfig: Setting CVar [[gc.TimeBetweenPurgingPendingKillObjects:61.1]]
[2022.06.15-09.44.30:364][  0]LogConfig: Setting CVar [[gc.MaxObjectsInEditor:25165824]]
[2022.06.15-09.44.30:364][  0]LogConfig: Setting CVar [[gc.IncrementalBeginDestroyEnabled:1]]
[2022.06.15-09.44.30:364][  0]LogConfig: Setting CVar [[gc.CreateGCClusters:1]]
[2022.06.15-09.44.30:364][  0]LogConfig: Setting CVar [[gc.MinGCClusterSize:5]]
[2022.06.15-09.44.30:364][  0]LogConfig: Setting CVar [[gc.ActorClusteringEnabled:0]]
[2022.06.15-09.44.30:364][  0]LogConfig: Setting CVar [[gc.BlueprintClusteringEnabled:0]]
[2022.06.15-09.44.30:364][  0]LogConfig: Setting CVar [[gc.UseDisregardForGCOnDedicatedServers:0]]
[2022.06.15-09.44.30:364][  0]LogConfig: Setting CVar [[gc.MultithreadedDestructionEnabled:1]]
[2022.06.15-09.44.30:364][  0]LogConfig: Applying CVar settings from Section [/Script/Engine.NetworkSettings] File [E:/Unreal Projects/Project--Dis-Order/DisOrder/Saved/Config/Windows/Engine.ini]
[2022.06.15-09.44.30:364][  0]LogConfig: Applying CVar settings from Section [/Script/UnrealEd.CookerSettings] File [E:/Unreal Projects/Project--Dis-Order/DisOrder/Saved/Config/Windows/Engine.ini]
[2022.06.15-09.44.30:397][  0]LogConfig: Applying CVar settings from Section [ViewDistanceQuality@3] File [E:/Unreal Projects/Project--Dis-Order/DisOrder/Saved/Config/Windows/Scalability.ini]
[2022.06.15-09.44.30:397][  0]LogConfig: Setting CVar [[r.SkeletalMeshLODBias:0]]
[2022.06.15-09.44.30:397][  0]LogConfig: Setting CVar [[r.ViewDistanceScale:1.0]]
[2022.06.15-09.44.30:397][  0]LogConfig: Applying CVar settings from Section [AntiAliasingQuality@3] File [E:/Unreal Projects/Project--Dis-Order/DisOrder/Saved/Config/Windows/Scalability.ini]
[2022.06.15-09.44.30:397][  0]LogConfig: Setting CVar [[r.PostProcessAAQuality:4]]
[2022.06.15-09.44.30:397][  0]LogConfig: Applying CVar settings from Section [ShadowQuality@3] File [E:/Unreal Projects/Project--Dis-Order/DisOrder/Saved/Config/Windows/Scalability.ini]
[2022.06.15-09.44.30:398][  0]LogConfig: Setting CVar [[r.LightFunctionQuality:1]]
[2022.06.15-09.44.30:398][  0]LogConfig: Setting CVar [[r.ShadowQuality:5]]
[2022.06.15-09.44.30:398][  0]LogConfig: Setting CVar [[r.Shadow.CSM.MaxCascades:10]]
[2022.06.15-09.44.30:398][  0]LogConfig: Setting CVar [[r.Shadow.MaxResolution:2048]]
[2022.06.15-09.44.30:398][  0]LogConfig: Setting CVar [[r.Shadow.MaxCSMResolution:2048]]
[2022.06.15-09.44.30:398][  0]LogConfig: Setting CVar [[r.Shadow.RadiusThreshold:0.01]]
[2022.06.15-09.44.30:398][  0]LogConfig: Setting CVar [[r.Shadow.DistanceScale:1.0]]
[2022.06.15-09.44.30:398][  0]LogConfig: Setting CVar [[r.Shadow.CSM.TransitionScale:1.0]]
[2022.06.15-09.44.30:398][  0]LogConfig: Setting CVar [[r.Shadow.PreShadowResolutionFactor:1.0]]
[2022.06.15-09.44.30:398][  0]LogConfig: Setting CVar [[r.DistanceFieldShadowing:1]]
[2022.06.15-09.44.30:398][  0]LogConfig: Setting CVar [[r.DistanceFieldAO:1]]
[2022.06.15-09.44.30:398][  0]LogConfig: Setting CVar [[r.AOQuality:2]]
[2022.06.15-09.44.30:398][  0]LogConfig: Setting CVar [[r.VolumetricFog:1]]
[2022.06.15-09.44.30:398][  0]LogConfig: Setting CVar [[r.VolumetricFog.GridPixelSize:8]]
[2022.06.15-09.44.30:398][  0]LogConfig: Setting CVar [[r.VolumetricFog.GridSizeZ:128]]
[2022.06.15-09.44.30:398][  0]LogConfig: Setting CVar [[r.VolumetricFog.HistoryMissSupersampleCount:4]]
[2022.06.15-09.44.30:398][  0]LogConfig: Setting CVar [[r.LightMaxDrawDistanceScale:1]]
[2022.06.15-09.44.30:398][  0]LogConfig: Setting CVar [[r.CapsuleShadows:1]]
[2022.06.15-09.44.30:398][  0]LogConfig: Applying CVar settings from Section [PostProcessQuality@3] File [E:/Unreal Projects/Project--Dis-Order/DisOrder/Saved/Config/Windows/Scalability.ini]
[2022.06.15-09.44.30:398][  0]LogConfig: Setting CVar [[r.MotionBlurQuality:4]]
[2022.06.15-09.44.30:398][  0]LogConfig: Setting CVar [[r.AmbientOcclusionMipLevelFactor:0.4]]
[2022.06.15-09.44.30:398][  0]LogConfig: Setting CVar [[r.AmbientOcclusionMaxQuality:100]]
[2022.06.15-09.44.30:398][  0]LogConfig: Setting CVar [[r.AmbientOcclusionLevels:-1]]
[2022.06.15-09.44.30:398][  0]LogConfig: Setting CVar [[r.AmbientOcclusionRadiusScale:1.0]]
[2022.06.15-09.44.30:398][  0]LogConfig: Setting CVar [[r.DepthOfFieldQuality:2]]
[2022.06.15-09.44.30:398][  0]LogConfig: Setting CVar [[r.RenderTargetPoolMin:400]]
[2022.06.15-09.44.30:398][  0]LogConfig: Setting CVar [[r.LensFlareQuality:2]]
[2022.06.15-09.44.30:398][  0]LogConfig: Setting CVar [[r.SceneColorFringeQuality:1]]
[2022.06.15-09.44.30:398][  0]LogConfig: Setting CVar [[r.EyeAdaptationQuality:2]]
[2022.06.15-09.44.30:398][  0]LogConfig: Setting CVar [[r.BloomQuality:5]]
[2022.06.15-09.44.30:398][  0]LogConfig: Setting CVar [[r.FastBlurThreshold:100]]
[2022.06.15-09.44.30:398][  0]LogConfig: Setting CVar [[r.Upscale.Quality:3]]
[2022.06.15-09.44.30:398][  0]LogConfig: Setting CVar [[r.Tonemapper.GrainQuantization:1]]
[2022.06.15-09.44.30:398][  0]LogConfig: Setting CVar [[r.LightShaftQuality:1]]
[2022.06.15-09.44.30:398][  0]LogConfig: Setting CVar [[r.Filter.SizeScale:1]]
[2022.06.15-09.44.30:398][  0]LogConfig: Setting CVar [[r.Tonemapper.Quality:5]]
[2022.06.15-09.44.30:398][  0]LogConfig: Setting CVar [[r.DOF.Gather.AccumulatorQuality:1        ; higher gathering accumulator quality]]
[2022.06.15-09.44.30:398][  0]LogConfig: Setting CVar [[r.DOF.Gather.PostfilterMethod:1          ; Median3x3 postfilering method]]
[2022.06.15-09.44.30:398][  0]LogConfig: Setting CVar [[r.DOF.Gather.EnableBokehSettings:0       ; no bokeh simulation when gathering]]
[2022.06.15-09.44.30:398][  0]LogConfig: Setting CVar [[r.DOF.Gather.RingCount:4                 ; medium number of samples when gathering]]
[2022.06.15-09.44.30:398][  0]LogConfig: Setting CVar [[r.DOF.Scatter.ForegroundCompositing:1    ; additive foreground scattering]]
[2022.06.15-09.44.30:398][  0]LogConfig: Setting CVar [[r.DOF.Scatter.BackgroundCompositing:2    ; additive background scattering]]
[2022.06.15-09.44.30:398][  0]LogConfig: Setting CVar [[r.DOF.Scatter.EnableBokehSettings:1      ; bokeh simulation when scattering]]
[2022.06.15-09.44.30:398][  0]LogConfig: Setting CVar [[r.DOF.Scatter.MaxSpriteRatio:0.1         ; only a maximum of 10% of scattered bokeh]]
[2022.06.15-09.44.30:398][  0]LogConfig: Setting CVar [[r.DOF.Recombine.Quality:1                ; cheap slight out of focus]]
[2022.06.15-09.44.30:398][  0]LogConfig: Setting CVar [[r.DOF.Recombine.EnableBokehSettings:0    ; no bokeh simulation on slight out of focus]]
[2022.06.15-09.44.30:398][  0]LogConfig: Setting CVar [[r.DOF.TemporalAAQuality:1                ; more stable temporal accumulation]]
[2022.06.15-09.44.30:398][  0]LogConfig: Setting CVar [[r.DOF.Kernel.MaxForegroundRadius:0.025]]
[2022.06.15-09.44.30:398][  0]LogConfig: Setting CVar [[r.DOF.Kernel.MaxBackgroundRadius:0.025]]
[2022.06.15-09.44.30:398][  0]LogConfig: Applying CVar settings from Section [TextureQuality@3] File [E:/Unreal Projects/Project--Dis-Order/DisOrder/Saved/Config/Windows/Scalability.ini]
[2022.06.15-09.44.30:398][  0]LogConfig: Setting CVar [[r.Streaming.MipBias:0]]
[2022.06.15-09.44.30:398][  0]LogConfig: Setting CVar [[r.Streaming.AmortizeCPUToGPUCopy:0]]
[2022.06.15-09.44.30:398][  0]LogConfig: Setting CVar [[r.Streaming.MaxNumTexturesToStreamPerFrame:0]]
[2022.06.15-09.44.30:398][  0]LogConfig: Setting CVar [[r.Streaming.Boost:1]]
[2022.06.15-09.44.30:398][  0]LogConfig: Setting CVar [[r.MaxAnisotropy:8]]
[2022.06.15-09.44.30:398][  0]LogConfig: Setting CVar [[r.VT.MaxAnisotropy:8]]
[2022.06.15-09.44.30:398][  0]LogConfig: Setting CVar [[r.Streaming.LimitPoolSizeToVRAM:0]]
[2022.06.15-09.44.30:398][  0]LogConfig: Setting CVar [[r.Streaming.PoolSize:1000]]
[2022.06.15-09.44.30:398][  0]LogConfig: Setting CVar [[r.Streaming.MaxEffectiveScreenSize:0]]
[2022.06.15-09.44.30:398][  0]LogConfig: Applying CVar settings from Section [EffectsQuality@3] File [E:/Unreal Projects/Project--Dis-Order/DisOrder/Saved/Config/Windows/Scalability.ini]
[2022.06.15-09.44.30:398][  0]LogConfig: Setting CVar [[r.TranslucencyLightingVolumeDim:64]]
[2022.06.15-09.44.30:398][  0]LogConfig: Setting CVar [[r.RefractionQuality:2]]
[2022.06.15-09.44.30:398][  0]LogConfig: Setting CVar [[r.SSR.Quality:3]]
[2022.06.15-09.44.30:398][  0]LogConfig: Setting CVar [[r.SSR.HalfResSceneColor:0]]
[2022.06.15-09.44.30:398][  0]LogConfig: Setting CVar [[r.SceneColorFormat:4]]
[2022.06.15-09.44.30:398][  0]LogConfig: Setting CVar [[r.DetailMode:2]]
[2022.06.15-09.44.30:398][  0]LogConfig: Setting CVar [[r.TranslucencyVolumeBlur:1]]
[2022.06.15-09.44.30:398][  0]LogConfig: Setting CVar [[r.MaterialQualityLevel:1 ; High quality]]
[2022.06.15-09.44.30:398][  0]LogConfig: Setting CVar [[r.AnisotropicMaterials:1]]
[2022.06.15-09.44.30:398][  0]LogConfig: Setting CVar [[r.SSS.Scale:1]]
[2022.06.15-09.44.30:398][  0]LogConfig: Setting CVar [[r.SSS.SampleSet:2]]
[2022.06.15-09.44.30:398][  0]LogConfig: Setting CVar [[r.SSS.Quality:1]]
[2022.06.15-09.44.30:398][  0]LogConfig: Setting CVar [[r.SSS.HalfRes:0]]
[2022.06.15-09.44.30:398][  0]LogConfig: Setting CVar [[r.SSGI.Quality:3]]
[2022.06.15-09.44.30:398][  0]LogConfig: Setting CVar [[r.EmitterSpawnRateScale:1.0]]
[2022.06.15-09.44.30:398][  0]LogConfig: Setting CVar [[r.ParticleLightQuality:2]]
[2022.06.15-09.44.30:398][  0]LogConfig: Setting CVar [[r.SkyAtmosphere.AerialPerspectiveLUT.FastApplyOnOpaque:1 ; Always have FastSkyLUT 1 in this case to avoid wrong sky]]
[2022.06.15-09.44.30:398][  0]LogConfig: Setting CVar [[r.SkyAtmosphere.AerialPerspectiveLUT.SampleCountMaxPerSlice:4]]
[2022.06.15-09.44.30:398][  0]LogConfig: Setting CVar [[r.SkyAtmosphere.AerialPerspectiveLUT.DepthResolution:16.0]]
[2022.06.15-09.44.30:399][  0]LogConfig: Setting CVar [[r.SkyAtmosphere.FastSkyLUT:1]]
[2022.06.15-09.44.30:399][  0]LogConfig: Setting CVar [[r.SkyAtmosphere.FastSkyLUT.SampleCountMin:4.0]]
[2022.06.15-09.44.30:399][  0]LogConfig: Setting CVar [[r.SkyAtmosphere.FastSkyLUT.SampleCountMax:128.0]]
[2022.06.15-09.44.30:399][  0]LogConfig: Setting CVar [[r.SkyAtmosphere.SampleCountMin:4.0]]
[2022.06.15-09.44.30:399][  0]LogConfig: Setting CVar [[r.SkyAtmosphere.SampleCountMax:128.0]]
[2022.06.15-09.44.30:399][  0]LogConfig: Setting CVar [[r.SkyAtmosphere.TransmittanceLUT.UseSmallFormat:0]]
[2022.06.15-09.44.30:399][  0]LogConfig: Setting CVar [[r.SkyAtmosphere.TransmittanceLUT.SampleCount:10.0]]
[2022.06.15-09.44.30:399][  0]LogConfig: Setting CVar [[r.SkyAtmosphere.MultiScatteringLUT.SampleCount:15.0]]
[2022.06.15-09.44.30:399][  0]LogConfig: Setting CVar [[r.SkyLight.RealTimeReflectionCapture:1]]
[2022.06.15-09.44.30:399][  0]LogConfig: Applying CVar settings from Section [FoliageQuality@3] File [E:/Unreal Projects/Project--Dis-Order/DisOrder/Saved/Config/Windows/Scalability.ini]
[2022.06.15-09.44.30:399][  0]LogConfig: Setting CVar [[foliage.DensityScale:1.0]]
[2022.06.15-09.44.30:399][  0]LogConfig: Setting CVar [[grass.DensityScale:1.0]]
[2022.06.15-09.44.30:399][  0]LogConfig: Applying CVar settings from Section [ShadingQuality@3] File [E:/Unreal Projects/Project--Dis-Order/DisOrder/Saved/Config/Windows/Scalability.ini]
[2022.06.15-09.44.30:399][  0]LogConfig: Setting CVar [[r.HairStrands.SkyLighting.IntegrationType:2]]
[2022.06.15-09.44.30:399][  0]LogConfig: Setting CVar [[r.HairStrands.SkyAO.SampleCount:4]]
[2022.06.15-09.44.30:399][  0]LogConfig: Setting CVar [[r.HairStrands.Visibility.MSAA.SamplePerPixel:4]]
[2022.06.15-09.44.30:399][  0]LogInit: Selected Device Profile: [Windows]
[2022.06.15-09.44.30:399][  0]LogInit: Applying CVar settings loaded from the selected device profile: [Windows]
[2022.06.15-09.44.30:399][  0]LogHAL: Display: Platform has ~ 16 GB [17119584256 / 17179869184 / 16], which maps to Larger [LargestMinGB=32, LargerMinGB=12, DefaultMinGB=8, SmallerMinGB=6, SmallestMinGB=0)
[2022.06.15-09.44.30:399][  0]LogInit: Going up to parent DeviceProfile []
[2022.06.15-09.44.30:399][  0]LogConfig: Applying CVar settings from Section [ViewDistanceQuality@3] File [E:/Unreal Projects/Project--Dis-Order/DisOrder/Saved/Config/Windows/Scalability.ini]
[2022.06.15-09.44.30:399][  0]LogConfig: Setting CVar [[r.SkeletalMeshLODBias:0]]
[2022.06.15-09.44.30:399][  0]LogConfig: Setting CVar [[r.ViewDistanceScale:1.0]]
[2022.06.15-09.44.30:399][  0]LogConfig: Applying CVar settings from Section [AntiAliasingQuality@3] File [E:/Unreal Projects/Project--Dis-Order/DisOrder/Saved/Config/Windows/Scalability.ini]
[2022.06.15-09.44.30:399][  0]LogConfig: Setting CVar [[r.PostProcessAAQuality:4]]
[2022.06.15-09.44.30:399][  0]LogConfig: Applying CVar settings from Section [ShadowQuality@3] File [E:/Unreal Projects/Project--Dis-Order/DisOrder/Saved/Config/Windows/Scalability.ini]
[2022.06.15-09.44.30:399][  0]LogConfig: Setting CVar [[r.LightFunctionQuality:1]]
[2022.06.15-09.44.30:399][  0]LogConfig: Setting CVar [[r.ShadowQuality:5]]
[2022.06.15-09.44.30:399][  0]LogConfig: Setting CVar [[r.Shadow.CSM.MaxCascades:10]]
[2022.06.15-09.44.30:399][  0]LogConfig: Setting CVar [[r.Shadow.MaxResolution:2048]]
[2022.06.15-09.44.30:399][  0]LogConfig: Setting CVar [[r.Shadow.MaxCSMResolution:2048]]
[2022.06.15-09.44.30:399][  0]LogConfig: Setting CVar [[r.Shadow.RadiusThreshold:0.01]]
[2022.06.15-09.44.30:399][  0]LogConfig: Setting CVar [[r.Shadow.DistanceScale:1.0]]
[2022.06.15-09.44.30:399][  0]LogConfig: Setting CVar [[r.Shadow.CSM.TransitionScale:1.0]]
[2022.06.15-09.44.30:399][  0]LogConfig: Setting CVar [[r.Shadow.PreShadowResolutionFactor:1.0]]
[2022.06.15-09.44.30:399][  0]LogConfig: Setting CVar [[r.DistanceFieldShadowing:1]]
[2022.06.15-09.44.30:399][  0]LogConfig: Setting CVar [[r.DistanceFieldAO:1]]
[2022.06.15-09.44.30:399][  0]LogConfig: Setting CVar [[r.AOQuality:2]]
[2022.06.15-09.44.30:399][  0]LogConfig: Setting CVar [[r.VolumetricFog:1]]
[2022.06.15-09.44.30:399][  0]LogConfig: Setting CVar [[r.VolumetricFog.GridPixelSize:8]]
[2022.06.15-09.44.30:399][  0]LogConfig: Setting CVar [[r.VolumetricFog.GridSizeZ:128]]
[2022.06.15-09.44.30:399][  0]LogConfig: Setting CVar [[r.VolumetricFog.HistoryMissSupersampleCount:4]]
[2022.06.15-09.44.30:399][  0]LogConfig: Setting CVar [[r.LightMaxDrawDistanceScale:1]]
[2022.06.15-09.44.30:399][  0]LogConfig: Setting CVar [[r.CapsuleShadows:1]]
[2022.06.15-09.44.30:399][  0]LogConfig: Applying CVar settings from Section [PostProcessQuality@3] File [E:/Unreal Projects/Project--Dis-Order/DisOrder/Saved/Config/Windows/Scalability.ini]
[2022.06.15-09.44.30:399][  0]LogConfig: Setting CVar [[r.MotionBlurQuality:4]]
[2022.06.15-09.44.30:399][  0]LogConfig: Setting CVar [[r.AmbientOcclusionMipLevelFactor:0.4]]
[2022.06.15-09.44.30:399][  0]LogConfig: Setting CVar [[r.AmbientOcclusionMaxQuality:100]]
[2022.06.15-09.44.30:399][  0]LogConfig: Setting CVar [[r.AmbientOcclusionLevels:-1]]
[2022.06.15-09.44.30:399][  0]LogConfig: Setting CVar [[r.AmbientOcclusionRadiusScale:1.0]]
[2022.06.15-09.44.30:399][  0]LogConfig: Setting CVar [[r.DepthOfFieldQuality:2]]
[2022.06.15-09.44.30:399][  0]LogConfig: Setting CVar [[r.RenderTargetPoolMin:400]]
[2022.06.15-09.44.30:399][  0]LogConfig: Setting CVar [[r.LensFlareQuality:2]]
[2022.06.15-09.44.30:399][  0]LogConfig: Setting CVar [[r.SceneColorFringeQuality:1]]
[2022.06.15-09.44.30:399][  0]LogConfig: Setting CVar [[r.EyeAdaptationQuality:2]]
[2022.06.15-09.44.30:399][  0]LogConfig: Setting CVar [[r.BloomQuality:5]]
[2022.06.15-09.44.30:399][  0]LogConfig: Setting CVar [[r.FastBlurThreshold:100]]
[2022.06.15-09.44.30:399][  0]LogConfig: Setting CVar [[r.Upscale.Quality:3]]
[2022.06.15-09.44.30:399][  0]LogConfig: Setting CVar [[r.Tonemapper.GrainQuantization:1]]
[2022.06.15-09.44.30:399][  0]LogConfig: Setting CVar [[r.LightShaftQuality:1]]
[2022.06.15-09.44.30:399][  0]LogConfig: Setting CVar [[r.Filter.SizeScale:1]]
[2022.06.15-09.44.30:399][  0]LogConfig: Setting CVar [[r.Tonemapper.Quality:5]]
[2022.06.15-09.44.30:399][  0]LogConfig: Setting CVar [[r.DOF.Gather.AccumulatorQuality:1        ; higher gathering accumulator quality]]
[2022.06.15-09.44.30:399][  0]LogConfig: Setting CVar [[r.DOF.Gather.PostfilterMethod:1          ; Median3x3 postfilering method]]
[2022.06.15-09.44.30:399][  0]LogConfig: Setting CVar [[r.DOF.Gather.EnableBokehSettings:0       ; no bokeh simulation when gathering]]
[2022.06.15-09.44.30:399][  0]LogConfig: Setting CVar [[r.DOF.Gather.RingCount:4                 ; medium number of samples when gathering]]
[2022.06.15-09.44.30:399][  0]LogConfig: Setting CVar [[r.DOF.Scatter.ForegroundCompositing:1    ; additive foreground scattering]]
[2022.06.15-09.44.30:399][  0]LogConfig: Setting CVar [[r.DOF.Scatter.BackgroundCompositing:2    ; additive background scattering]]
[2022.06.15-09.44.30:399][  0]LogConfig: Setting CVar [[r.DOF.Scatter.EnableBokehSettings:1      ; bokeh simulation when scattering]]
[2022.06.15-09.44.30:399][  0]LogConfig: Setting CVar [[r.DOF.Scatter.MaxSpriteRatio:0.1         ; only a maximum of 10% of scattered bokeh]]
[2022.06.15-09.44.30:399][  0]LogConfig: Setting CVar [[r.DOF.Recombine.Quality:1                ; cheap slight out of focus]]
[2022.06.15-09.44.30:399][  0]LogConfig: Setting CVar [[r.DOF.Recombine.EnableBokehSettings:0    ; no bokeh simulation on slight out of focus]]
[2022.06.15-09.44.30:399][  0]LogConfig: Setting CVar [[r.DOF.TemporalAAQuality:1                ; more stable temporal accumulation]]
[2022.06.15-09.44.30:399][  0]LogConfig: Setting CVar [[r.DOF.Kernel.MaxForegroundRadius:0.025]]
[2022.06.15-09.44.30:399][  0]LogConfig: Setting CVar [[r.DOF.Kernel.MaxBackgroundRadius:0.025]]
[2022.06.15-09.44.30:399][  0]LogConfig: Applying CVar settings from Section [TextureQuality@3] File [E:/Unreal Projects/Project--Dis-Order/DisOrder/Saved/Config/Windows/Scalability.ini]
[2022.06.15-09.44.30:399][  0]LogConfig: Setting CVar [[r.Streaming.MipBias:0]]
[2022.06.15-09.44.30:399][  0]LogConfig: Setting CVar [[r.Streaming.AmortizeCPUToGPUCopy:0]]
[2022.06.15-09.44.30:399][  0]LogConfig: Setting CVar [[r.Streaming.MaxNumTexturesToStreamPerFrame:0]]
[2022.06.15-09.44.30:400][  0]LogConfig: Setting CVar [[r.Streaming.Boost:1]]
[2022.06.15-09.44.30:400][  0]LogConfig: Setting CVar [[r.MaxAnisotropy:8]]
[2022.06.15-09.44.30:400][  0]LogConfig: Setting CVar [[r.VT.MaxAnisotropy:8]]
[2022.06.15-09.44.30:400][  0]LogConfig: Setting CVar [[r.Streaming.LimitPoolSizeToVRAM:0]]
[2022.06.15-09.44.30:400][  0]LogConfig: Setting CVar [[r.Streaming.PoolSize:1000]]
[2022.06.15-09.44.30:400][  0]LogConfig: Setting CVar [[r.Streaming.MaxEffectiveScreenSize:0]]
[2022.06.15-09.44.30:400][  0]LogConfig: Applying CVar settings from Section [EffectsQuality@3] File [E:/Unreal Projects/Project--Dis-Order/DisOrder/Saved/Config/Windows/Scalability.ini]
[2022.06.15-09.44.30:400][  0]LogConfig: Setting CVar [[r.TranslucencyLightingVolumeDim:64]]
[2022.06.15-09.44.30:400][  0]LogConfig: Setting CVar [[r.RefractionQuality:2]]
[2022.06.15-09.44.30:400][  0]LogConfig: Setting CVar [[r.SSR.Quality:3]]
[2022.06.15-09.44.30:400][  0]LogConfig: Setting CVar [[r.SSR.HalfResSceneColor:0]]
[2022.06.15-09.44.30:400][  0]LogConfig: Setting CVar [[r.SceneColorFormat:4]]
[2022.06.15-09.44.30:400][  0]LogConfig: Setting CVar [[r.DetailMode:2]]
[2022.06.15-09.44.30:400][  0]LogConfig: Setting CVar [[r.TranslucencyVolumeBlur:1]]
[2022.06.15-09.44.30:400][  0]LogConfig: Setting CVar [[r.MaterialQualityLevel:1 ; High quality]]
[2022.06.15-09.44.30:400][  0]LogConfig: Setting CVar [[r.AnisotropicMaterials:1]]
[2022.06.15-09.44.30:400][  0]LogConfig: Setting CVar [[r.SSS.Scale:1]]
[2022.06.15-09.44.30:400][  0]LogConfig: Setting CVar [[r.SSS.SampleSet:2]]
[2022.06.15-09.44.30:400][  0]LogConfig: Setting CVar [[r.SSS.Quality:1]]
[2022.06.15-09.44.30:400][  0]LogConfig: Setting CVar [[r.SSS.HalfRes:0]]
[2022.06.15-09.44.30:400][  0]LogConfig: Setting CVar [[r.SSGI.Quality:3]]
[2022.06.15-09.44.30:400][  0]LogConfig: Setting CVar [[r.EmitterSpawnRateScale:1.0]]
[2022.06.15-09.44.30:400][  0]LogConfig: Setting CVar [[r.ParticleLightQuality:2]]
[2022.06.15-09.44.30:400][  0]LogConfig: Setting CVar [[r.SkyAtmosphere.AerialPerspectiveLUT.FastApplyOnOpaque:1 ; Always have FastSkyLUT 1 in this case to avoid wrong sky]]
[2022.06.15-09.44.30:400][  0]LogConfig: Setting CVar [[r.SkyAtmosphere.AerialPerspectiveLUT.SampleCountMaxPerSlice:4]]
[2022.06.15-09.44.30:400][  0]LogConfig: Setting CVar [[r.SkyAtmosphere.AerialPerspectiveLUT.DepthResolution:16.0]]
[2022.06.15-09.44.30:400][  0]LogConfig: Setting CVar [[r.SkyAtmosphere.FastSkyLUT:1]]
[2022.06.15-09.44.30:400][  0]LogConfig: Setting CVar [[r.SkyAtmosphere.FastSkyLUT.SampleCountMin:4.0]]
[2022.06.15-09.44.30:400][  0]LogConfig: Setting CVar [[r.SkyAtmosphere.FastSkyLUT.SampleCountMax:128.0]]
[2022.06.15-09.44.30:400][  0]LogConfig: Setting CVar [[r.SkyAtmosphere.SampleCountMin:4.0]]
[2022.06.15-09.44.30:400][  0]LogConfig: Setting CVar [[r.SkyAtmosphere.SampleCountMax:128.0]]
[2022.06.15-09.44.30:400][  0]LogConfig: Setting CVar [[r.SkyAtmosphere.TransmittanceLUT.UseSmallFormat:0]]
[2022.06.15-09.44.30:400][  0]LogConfig: Setting CVar [[r.SkyAtmosphere.TransmittanceLUT.SampleCount:10.0]]
[2022.06.15-09.44.30:400][  0]LogConfig: Setting CVar [[r.SkyAtmosphere.MultiScatteringLUT.SampleCount:15.0]]
[2022.06.15-09.44.30:400][  0]LogConfig: Setting CVar [[r.SkyLight.RealTimeReflectionCapture:1]]
[2022.06.15-09.44.30:400][  0]LogConfig: Applying CVar settings from Section [FoliageQuality@3] File [E:/Unreal Projects/Project--Dis-Order/DisOrder/Saved/Config/Windows/Scalability.ini]
[2022.06.15-09.44.30:400][  0]LogConfig: Setting CVar [[foliage.DensityScale:1.0]]
[2022.06.15-09.44.30:400][  0]LogConfig: Setting CVar [[grass.DensityScale:1.0]]
[2022.06.15-09.44.30:400][  0]LogConfig: Applying CVar settings from Section [ShadingQuality@3] File [E:/Unreal Projects/Project--Dis-Order/DisOrder/Saved/Config/Windows/Scalability.ini]
[2022.06.15-09.44.30:400][  0]LogConfig: Setting CVar [[r.HairStrands.SkyLighting.IntegrationType:2]]
[2022.06.15-09.44.30:400][  0]LogConfig: Setting CVar [[r.HairStrands.SkyAO.SampleCount:4]]
[2022.06.15-09.44.30:400][  0]LogConfig: Setting CVar [[r.HairStrands.Visibility.MSAA.SamplePerPixel:4]]
[2022.06.15-09.44.30:400][  0]LogConfig: Applying CVar settings from Section [Startup] File [../../../Engine/Config/ConsoleVariables.ini]
[2022.06.15-09.44.30:400][  0]LogConfig: Setting CVar [[net.UseAdaptiveNetUpdateFrequency:0]]
[2022.06.15-09.44.30:400][  0]LogConfig: Setting CVar [[p.chaos.AllowCreatePhysxBodies:1]]
[2022.06.15-09.44.30:400][  0]LogConfig: Setting CVar [[fx.SkipVectorVMBackendOptimizations:1]]
[2022.06.15-09.44.30:400][  0]LogConfig: Applying CVar settings from Section [ConsoleVariables] File [E:/Unreal Projects/Project--Dis-Order/DisOrder/Saved/Config/Windows/Engine.ini]
[2022.06.15-09.44.30:400][  0]LogConfig: Applying CVar settings from Section [ConsoleVariables] File [E:/Unreal Projects/Project--Dis-Order/DisOrder/Saved/Config/Windows/Editor.ini]
[2022.06.15-09.44.30:401][  0]LogInit: Computer: DESKTOP-8NR2FO5
[2022.06.15-09.44.30:401][  0]LogInit: User: monst
[2022.06.15-09.44.30:401][  0]LogInit: CPU Page size=4096, Cores=6
[2022.06.15-09.44.30:401][  0]LogInit: High frequency timer resolution =10.000000 MHz
[2022.06.15-09.44.30:401][  0]LogMemory: Memory total: Physical=15.9GB (16GB approx)
[2022.06.15-09.44.30:401][  0]LogMemory: Platform Memory Stats for Windows
[2022.06.15-09.44.30:401][  0]LogMemory: Process Physical Memory: 146.25 MB used, 146.26 MB peak
[2022.06.15-09.44.30:401][  0]LogMemory: Process Virtual Memory: 116.15 MB used, 116.15 MB peak
[2022.06.15-09.44.30:401][  0]LogMemory: Physical Memory: 9277.41 MB used,  7049.10 MB free, 16326.51 MB total
[2022.06.15-09.44.30:401][  0]LogMemory: Virtual Memory: 134209336.00 MB used,  8388.62 MB free, 134217728.00 MB total
[2022.06.15-09.44.30:409][  0]LogWindows: WindowsPlatformFeatures enabled
[2022.06.15-09.44.30:473][  0]LogInit: Physics initialised using underlying interface: PhysX
[2022.06.15-09.44.30:474][  0]LogInit: Using OS detected language (en-GB).
[2022.06.15-09.44.30:474][  0]LogInit: Using OS detected locale (en-AU).
[2022.06.15-09.44.30:477][  0]LogTextLocalizationManager: No specific localization for 'en-GB' exists, so the 'en' localization will be used.
[2022.06.15-09.44.30:695][  0]LogInit: Setting process to per monitor DPI aware
[2022.06.15-09.44.30:706][  0]LogWindowsTextInputMethodSystem: Display: IME system deactivated.
[2022.06.15-09.44.30:723][  0]LogSlate: New Slate User Created.  User Index 0, Is Virtual User: 0
[2022.06.15-09.44.30:724][  0]LogSlate: Slate User Registered.  User Index 0, Is Virtual User: 0
[2022.06.15-09.44.30:954][  0]LogD3D11RHI: Loaded GFSDK_Aftermath_Lib.x64.dll
[2022.06.15-09.44.31:003][  0]LogHMD: Failed to initialize OpenVR with code 126
[2022.06.15-09.44.31:003][  0]LogD3D11RHI: D3D11 min allowed feature level: 11_0
[2022.06.15-09.44.31:003][  0]LogD3D11RHI: D3D11 max allowed feature level: 11_0
[2022.06.15-09.44.31:003][  0]LogD3D11RHI: D3D11 adapters:
[2022.06.15-09.44.31:099][  0]LogD3D11RHI:    0. 'NVIDIA GeForce RTX 2070 SUPER' (Feature Level 11_0)
[2022.06.15-09.44.31:099][  0]LogD3D11RHI:       8011/0/8163 MB DedicatedVideo/DedicatedSystem/SharedSystem, Outputs:2, VendorId:0x10de
[2022.06.15-09.44.31:101][  0]LogD3D11RHI:    1. 'Microsoft Basic Render Driver' (Feature Level 11_0)
[2022.06.15-09.44.31:101][  0]LogD3D11RHI:       0/0/8163 MB DedicatedVideo/DedicatedSystem/SharedSystem, Outputs:0, VendorId:0x1414
[2022.06.15-09.44.31:101][  0]LogD3D11RHI: Chosen D3D11 Adapter:
[2022.06.15-09.44.31:101][  0]LogD3D11RHI:     Description : NVIDIA GeForce RTX 2070 SUPER
[2022.06.15-09.44.31:101][  0]LogD3D11RHI:     VendorId    : 10de
[2022.06.15-09.44.31:101][  0]LogD3D11RHI:     DeviceId    : 1e84
[2022.06.15-09.44.31:101][  0]LogD3D11RHI:     SubSysId    : 87271043
[2022.06.15-09.44.31:101][  0]LogD3D11RHI:     Revision    : 00a1
[2022.06.15-09.44.31:101][  0]LogD3D11RHI:     DedicatedVideoMemory : 8400142336 bytes
[2022.06.15-09.44.31:102][  0]LogD3D11RHI:     DedicatedSystemMemory : 0 bytes
[2022.06.15-09.44.31:102][  0]LogD3D11RHI:     SharedSystemMemory : 8559792128 bytes
[2022.06.15-09.44.31:102][  0]LogD3D11RHI:     AdapterLuid : 0 60546
[2022.06.15-09.44.31:109][  0]LogD3D11RHI: Creating new Direct3DDevice
[2022.06.15-09.44.31:109][  0]LogD3D11RHI:     GPU DeviceId: 0x1e84 (for the marketing name, search the web for "GPU Device Id")
[2022.06.15-09.44.31:109][  0]LogWindows: EnumDisplayDevices:
[2022.06.15-09.44.31:109][  0]LogWindows:    0. 'NVIDIA GeForce RTX 2070 SUPER' (P:1 D:1)
[2022.06.15-09.44.31:110][  0]LogWindows:    1. 'NVIDIA GeForce RTX 2070 SUPER' (P:0 D:1)
[2022.06.15-09.44.31:110][  0]LogWindows:    2. 'NVIDIA GeForce RTX 2070 SUPER' (P:0 D:0)
[2022.06.15-09.44.31:110][  0]LogWindows:    3. 'NVIDIA GeForce RTX 2070 SUPER' (P:0 D:0)
[2022.06.15-09.44.31:110][  0]LogWindows: DebugString: FoundDriverCount:4 
[2022.06.15-09.44.31:110][  0]LogD3D11RHI:     Adapter Name: NVIDIA GeForce RTX 2070 SUPER
[2022.06.15-09.44.31:110][  0]LogD3D11RHI:   Driver Version: 512.95 (internal:30.0.15.1295, unified:512.95)
[2022.06.15-09.44.31:110][  0]LogD3D11RHI:      Driver Date: 5-19-2022
[2022.06.15-09.44.31:110][  0]LogRHI: Texture pool is 5607 MB (70% of 8011 MB)
[2022.06.15-09.44.31:110][  0]LogD3D11RHI: Creating D3DDevice using adapter:
[2022.06.15-09.44.31:110][  0]LogD3D11RHI:     Description : NVIDIA GeForce RTX 2070 SUPER
[2022.06.15-09.44.31:110][  0]LogD3D11RHI:     VendorId    : 10de
[2022.06.15-09.44.31:110][  0]LogD3D11RHI:     DeviceId    : 1e84
[2022.06.15-09.44.31:110][  0]LogD3D11RHI:     SubSysId    : 87271043
[2022.06.15-09.44.31:110][  0]LogD3D11RHI:     Revision    : 00a1
[2022.06.15-09.44.31:110][  0]LogD3D11RHI:     DedicatedVideoMemory : 8400142336 bytes
[2022.06.15-09.44.31:110][  0]LogD3D11RHI:     DedicatedSystemMemory : 0 bytes
[2022.06.15-09.44.31:110][  0]LogD3D11RHI:     SharedSystemMemory : 8559792128 bytes
[2022.06.15-09.44.31:110][  0]LogD3D11RHI:     AdapterLuid : 0 60546
[2022.06.15-09.44.31:178][  0]LogD3D11RHI: RHI has support for 64 bit atomics
[2022.06.15-09.44.31:179][  0]LogD3D11RHI: Async texture creation enabled
[2022.06.15-09.44.31:179][  0]LogD3D11RHI: Array index from any shader is supported
[2022.06.15-09.44.31:180][  0]LogD3D11RHI: HDR output is supported on display 0 (NvId: 0x80061082).
[2022.06.15-09.44.31:194][  0]LogD3D11RHI: GPU Timing Frequency: 1000.000000 (Debug: 2 1)
[2022.06.15-09.44.31:230][  0]LogRHI: GeForceNow SDK initialized: 1
[2022.06.15-09.44.31:563][  0]LogTargetPlatformManager: Display: Loaded TargetPlatform 'AllDesktop'
[2022.06.15-09.44.31:585][  0]LogTargetPlatformManager: Display: Loaded TargetPlatform 'Android'
[2022.06.15-09.44.31:585][  0]LogTargetPlatformManager: Display: Loaded TargetPlatform 'Android_ASTC'
[2022.06.15-09.44.31:585][  0]LogTargetPlatformManager: Display: Loaded TargetPlatform 'Android_DXT'
[2022.06.15-09.44.31:585][  0]LogTargetPlatformManager: Display: Loaded TargetPlatform 'Android_ETC2'
[2022.06.15-09.44.31:585][  0]LogTargetPlatformManager: Display: Loaded TargetPlatform 'AndroidClient'
[2022.06.15-09.44.31:585][  0]LogTargetPlatformManager: Display: Loaded TargetPlatform 'Android_ASTCClient'
[2022.06.15-09.44.31:585][  0]LogTargetPlatformManager: Display: Loaded TargetPlatform 'Android_DXTClient'
[2022.06.15-09.44.31:585][  0]LogTargetPlatformManager: Display: Loaded TargetPlatform 'Android_ETC2Client'
[2022.06.15-09.44.31:585][  0]LogTargetPlatformManager: Display: Loaded TargetPlatform 'Android_Multi'
[2022.06.15-09.44.31:585][  0]LogTargetPlatformManager: Display: Loaded TargetPlatform 'Android_MultiClient'
[2022.06.15-09.44.31:603][  0]LogTargetPlatformManager: Display: Loaded TargetPlatform 'IOSClient'
[2022.06.15-09.44.31:603][  0]LogTargetPlatformManager: Display: Loaded TargetPlatform 'IOS'
[2022.06.15-09.44.31:612][  0]LogTargetPlatformManager: Display: Loaded TargetPlatform 'Linux'
[2022.06.15-09.44.31:617][  0]LogTargetPlatformManager: Display: Loaded TargetPlatform 'LinuxNoEditor'
[2022.06.15-09.44.31:621][  0]LogTargetPlatformManager: Display: Loaded TargetPlatform 'LinuxClient'
[2022.06.15-09.44.31:626][  0]LogTargetPlatformManager: Display: Loaded TargetPlatform 'LinuxServer'
[2022.06.15-09.44.31:635][  0]LogTargetPlatformManager: Display: Loaded TargetPlatform 'LinuxAArch64NoEditor'
[2022.06.15-09.44.31:639][  0]LogTargetPlatformManager: Display: Loaded TargetPlatform 'LinuxAArch64Client'
[2022.06.15-09.44.31:644][  0]LogTargetPlatformManager: Display: Loaded TargetPlatform 'LinuxAArch64Server'
[2022.06.15-09.44.31:666][  0]LogTargetPlatformManager: Display: Loaded TargetPlatform 'Lumin'
[2022.06.15-09.44.31:667][  0]LogTargetPlatformManager: Display: Loaded TargetPlatform 'LuminClient'
[2022.06.15-09.44.31:675][  0]LogTargetPlatformManager: Display: Loaded TargetPlatform 'MacNoEditor'
[2022.06.15-09.44.31:680][  0]LogTargetPlatformManager: Display: Loaded TargetPlatform 'Mac'
[2022.06.15-09.44.31:684][  0]LogTargetPlatformManager: Display: Loaded TargetPlatform 'MacClient'
[2022.06.15-09.44.31:688][  0]LogTargetPlatformManager: Display: Loaded TargetPlatform 'MacServer'
[2022.06.15-09.44.31:698][  0]LogTargetPlatformManager: Display: Loaded TargetPlatform 'TVOSClient'
[2022.06.15-09.44.31:698][  0]LogTargetPlatformManager: Display: Loaded TargetPlatform 'TVOS'
[2022.06.15-09.44.31:706][  0]LogTargetPlatformManager: Display: Loaded TargetPlatform 'WindowsNoEditor'
[2022.06.15-09.44.31:711][  0]LogTargetPlatformManager: Display: Loaded TargetPlatform 'Windows'
[2022.06.15-09.44.31:717][  0]LogTargetPlatformManager: Display: Loaded TargetPlatform 'WindowsClient'
[2022.06.15-09.44.31:721][  0]LogTargetPlatformManager: Display: Loaded TargetPlatform 'WindowsServer'
[2022.06.15-09.44.31:722][  0]LogTargetPlatformManager: Display: Building Assets For Windows
[2022.06.15-09.44.31:731][  0]LogAudioDebug: Display: Lib vorbis DLL was dynamically loaded.
[2022.06.15-09.44.31:766][  0]LogTextureFormatOodle: Display: Oodle Texture 2.9.0 init RDO Off
[2022.06.15-09.44.31:803][  0]LogRendererCore: Ray tracing is disabled. Reason: r.RayTracing=0.
[2022.06.15-09.44.31:803][  0]LogShaderCompilers: Guid format shader working directory is -13 characters bigger than the processId version (../../../../../Unreal Projects/Project--Dis-Order/DisOrder/Intermediate/Shaders/WorkingDirectory/23056/).
[2022.06.15-09.44.31:803][  0]LogShaderCompilers: Cleaned the shader compiler working directory 'C:/Users/monst/AppData/Local/Temp/UnrealShaderWorkingDir/F425BBF546F335334661929F247C11E1/'.
[2022.06.15-09.44.31:803][  0]LogXGEController: Cannot use XGE Controller as Incredibuild is not installed on this machine.
[2022.06.15-09.44.31:804][  0]LogShaderCompilers: Cannot use XGE Shader Compiler as Incredibuild is not installed on this machine.
[2022.06.15-09.44.31:804][  0]LogShaderCompilers: Display: Using Local Shader Compiler.
[2022.06.15-09.44.32:522][  0]LogDerivedDataCache: Display: Max Cache Size: 512 MB
[2022.06.15-09.44.32:577][  0]LogDerivedDataCache: Loaded boot cache 0.06s 94MB C:/Users/monst/AppData/Local/UnrealEngine/4.27/DerivedDataCache/Boot.ddc.
[2022.06.15-09.44.32:578][  0]LogDerivedDataCache: Display: Loaded Boot cache: C:/Users/monst/AppData/Local/UnrealEngine/4.27/DerivedDataCache/Boot.ddc
[2022.06.15-09.44.32:578][  0]LogDerivedDataCache: FDerivedDataBackendGraph:  Pak pak cache file ../../../../../Unreal Projects/Project--Dis-Order/DisOrder/DerivedDataCache/DDC.ddp not found, will not use a pak cache.
[2022.06.15-09.44.32:578][  0]LogDerivedDataCache: Unable to find inner node Pak for hierarchical cache Hierarchy.
[2022.06.15-09.44.32:578][  0]LogDerivedDataCache: FDerivedDataBackendGraph:  CompressedPak pak cache file ../../../../../Unreal Projects/Project--Dis-Order/DisOrder/DerivedDataCache/Compressed.ddp not found, will not use a pak cache.
[2022.06.15-09.44.32:578][  0]LogDerivedDataCache: Unable to find inner node CompressedPak for hierarchical cache Hierarchy.
[2022.06.15-09.44.32:592][  0]LogDerivedDataCache: Display: Pak cache opened for reading ../../../Engine/DerivedDataCache/Compressed.ddp.
[2022.06.15-09.44.32:592][  0]LogDerivedDataCache: FDerivedDataBackendGraph:  EnterprisePak pak cache file ../../../Enterprise/DerivedDataCache/Compressed.ddp not found, will not use a pak cache.
[2022.06.15-09.44.32:592][  0]LogDerivedDataCache: Unable to find inner node EnterprisePak for hierarchical cache Hierarchy.
[2022.06.15-09.44.32:608][  0]LogDerivedDataCache: Speed tests for C:/Users/monst/AppData/Local/UnrealEngine/Common/DerivedDataCache took 0.02 seconds
[2022.06.15-09.44.32:608][  0]LogDerivedDataCache: Display: Performance to C:/Users/monst/AppData/Local/UnrealEngine/Common/DerivedDataCache: Latency=0.05ms. RandomReadSpeed=912.44MBs, RandomWriteSpeed=67.02MBs. Assigned SpeedClass 'Local'
[2022.06.15-09.44.32:609][  0]LogDerivedDataCache: Using Local data cache path C:/Users/monst/AppData/Local/UnrealEngine/Common/DerivedDataCache: Writable
[2022.06.15-09.44.32:609][  0]LogDerivedDataCache: Shared data cache path not found in *engine.ini, will not use an Shared cache.
[2022.06.15-09.44.32:609][  0]LogDerivedDataCache: Unable to find inner node Shared for hierarchical cache Hierarchy.
[2022.06.15-09.44.32:650][  0]LogSlate: Using FreeType 2.10.0
[2022.06.15-09.44.32:650][  0]LogSlate: SlateFontServices - WITH_FREETYPE: 1, WITH_HARFBUZZ: 1
[2022.06.15-09.44.32:678][  0]LogAssetRegistry: FAssetRegistry took 0.0026 seconds to start up
[2022.06.15-09.44.32:894][  0]LogInit: Selected Device Profile: [Windows]
[2022.06.15-09.44.32:894][  0]LogInit: Active device profile: [00000261EA610B00][00000261E8DED580 49] Windows
[2022.06.15-09.44.32:894][  0]LogInit: Profiles: [00000261EA610B00][00000261E8DED580 49] Windows, [00000261EA5D6200][00000261E8DCF700 49] WindowsNoEditor, [00000261EA611900][00000261EB1FD880 49] WindowsServer, [00000261EA5D6F00][00000261E57FBA00 49] WindowsClient, [00000261EA613C00][00000261E57FFB80 49] IOS, [00000261EA5D4F00][00000261E5802180 49] iPadAir, [00000261EA613E00][00000261E5806300 49] iPadAir2, [00000261EA4DCD00][00000261E580E5C0 49] IPadPro, [00000261EA4DCE00][00000261E580A600 49] iPadAir3, [00000261EA5D7C00][00000261E5812780 49] iPadAir4, [00000261EA4DF700][00000261E5816900 49] iPadMini2, [00000261EA5D7200][00000261EB1A8A40 49] iPadMini3, [00000261EA4DF900][00000261E581AB80 49] iPadMini4, [00000261EA5D7600][00000261E581ECC0 49] iPadMini5, [00000261EA4E4600][00000261E582AF80 49] iPhone6, [00000261EA4E4700][00000261E5826FC0 49] iPodTouch6, [00000261EA612600][00000261E5833280 49] iPhone7, [00000261EA612800][00000261E582F2C0 49] iPodTouch7, [00000261EA4E4100][00000261E5837440 49] iPhone5S, [00000261EA4DC700][00000261E583B5C0 49] iPhone6Plus, [00000261EA4E6500][00000261E583F740 49] iPhone6S, [00000261EA4DD400][00000261E58438C0 49] iPhone6SPlus, [00000261EA4E7B00][00000261E5847A40 49] iPhone7Plus, [00000261EA4DF600][00000261E584BBC0 49] iPhoneSE, [00000261EA612C00][00000261E584E1C0 49] iPhone8, [00000261EA4DC600][00000261E5852340 49] iPhone8Plus, [00000261EA612100][00000261E58564C0 49] iPhoneX, [00000261EA4DE900][00000261E585A640 49] iPhoneXS, [00000261EA613D00][00000261E58767C0 49] iPhoneXSMax, [00000261EA4DEE00][00000261E587A940 49] iPhoneXR, [00000261EA613F00][00000261E587EAC0 49] iPhone11, [00000261EA4DDF00][00000261E5822C00 49] iPhone11Pro, [00000261EA610600][00000261E1DA0D40 49] iPhone11ProMax, [00000261EA4DE000][00000261E1DA4E80 49] iPhoneSE2, [00000261EA613A00][00000261E1DA8FC0 49] iPhone12Mini, [00000261EA4DE700][00000261E1DB1140 49] iPhone12, [00000261EA612A00][00000261E1DB52C0 49] iPhone12Pro, [00000261EA4DC500][00000261E1DB9440 49] iPhone12ProMax, [00000261EA613900][00000261E1DBD5C0 49] iPadPro105, [00000261EA4DD800][00000261E1DC1740 49] iPadPro129, [00000261EA610C00][00000261E1DC58C0 49] iPadPro97, [00000261EA4DE400][00000261E1DC9A40 49] iPadPro2_129, [00000261EA610800][00000261E1DCDBC0 49] iPad5, [00000261EA4DC400][00000261E1DD01C0 49] iPad6, [00000261EA611B00][00000261E1DD4340 49] iPad7, [00000261EA4DF500][00000261E1DD84C0 49] iPad8, [00000261EA611F00][00000261E1DDC640 49] iPadPro11, [00000261EA4DDA00][00000261E1DE07C0 49] iPadPro2_11, [00000261EA612500][00000261E1DE4940 49] iPadPro3_129, [00000261EA4DE200][00000261E1DE8AC0 49] iPadPro4_129, [00000261EA611600][00000261E1DECC40 49] AppleTV, [00000261EA4DFD00][00000261E1DACD80 49] AppleTV4K, [00000261EA611A00][00000261E1DF0EC0 49] TVOS, [00000261EA4DCA00][00000261E1DF5000 49] Mac, [00000261EA612400][00000261E1DF9140 49] MacClient, [00000261EA4DEC00][00000261E1E012C0 49] MacNoEditor, [00000261EA613500][00000261E1E05440 49] MacServer, [00000261EA4DE300][00000261E1E095C0 49] Linux, [00000261EA610300][00000261E1E0D740 49] LinuxAArch64, [00000261EA4DE100][00000261E1E118C0 49] LinuxNoEditor, [00000261EA612300][00000261E1E15A40 49] LinuxAArch64NoEditor, [00000261EA4DFC00][00000261E1E19BC0 49] LinuxClient, [00000261EA610F00][00000261E1E1C1C0 49] LinuxAArch64Client, [00000261EA4DD200][00000261E1E20340 49] LinuxServer, [00000261EA613000][00000261E1E244C0 49] LinuxAArch64Server, [00000261EA4DD600][00000261E1E28640 49] Android, [00000261EA611200][00000261E58827C0 49] Android_Low, [00000261EA4DFE00][00000261E5886940 49] Android_Mid, [00000261EA610100][00000261E588AAC0 49] Android_High, [00000261EA4DEA00][00000261E588EC40 49] Android_Default, [00000261EA611300][00000261E5892DC0 49] Android_Adreno4xx, [00000261EA5D6400][00000261E5896F40 49] Android_Adreno5xx_Low, [00000261EA4E5C00][00000261E1DFD080 49] Android_Adreno5xx, [00000261EA5D7F00][00000261E589B1C0 49] Android_Adreno6xx, [00000261EA4E6700][00000261E589F300 49] Android_Adreno6xx_Vulkan, [00000261EA5D7700][00000261E58A7480 49] Android_Mali_T6xx, [00000261EA4E4F00][00000261E58AF600 49] Android_Mali_T7xx, [00000261EA5D5C00][00000261E58BB780 49] Android_Mali_T8xx, [00000261EA4E5F00][00000261E58BF900 49] Android_Mali_G71, [00000261EA5D6D00][00000261E58C3A80 49] Android_Mali_G72, [00000261EA4E6F00][00000261E58C7C00 49] Android_Mali_G72_Vulkan, [00000261EA5D6600][00000261E58CA200 49] Android_Mali_G76, [00000261EA4E6200][00000261E58CE380 49] Android_Mali_G76_Vulkan, [00000261EA5D4E00][00000261E58D2500 49] Android_Mali_G77, [00000261EA4E5400][00000261E58D6680 49] Android_Mali_G77_Vulkan, [00000261EA5D7800][00000261E58DA800 49] Android_Mali_G78, [00000261EA4E5300][00000261E58DE980 49] Android_Mali_G78_Vulkan, [00000261EA5D5600][00000261E58E2B00 49] Android_Mali_G710, [00000261EA4E7D00][00000261E58E6C80 49] Android_Mali_G710_Vulkan, [00000261EA5D4700][00000261E58EAE00 49] Android_Vulkan_SM5, [00000261EA4E5B00][00000261EAE30F80 49] Android_PowerVR_G6xxx, [00000261EA5D4A00][00000261EAE35100 49] Android_PowerVR_GT7xxx, [00000261EA4E4200][00000261E58A3240 49] Android_PowerVR_GE8xxx, [00000261EA5D7900][00000261EAE39380 49] Android_PowerVR_GM9xxx, [00000261EA4E4A00][00000261EAE414C0 49] Android_PowerVR_GM9xxx_Vulkan, [00000261EA5D5000][00000261EAE55640 49] Android_TegraK1, [00000261EA4E5700][00000261EAE5D7C0 49] Android_Unknown_Vulkan, [00000261EA5D5900][00000261EAE61940 49] Lumin, [00000261EA4E7C00][00000261EAE8BAC0 49] Lumin_Desktop, [00000261EA5D5700][00000261EC9E20C0 49] HoloLens, 
[2022.06.15-09.44.33:022][  0]LogMeshReduction: Using QuadricMeshReduction for automatic static mesh reduction
[2022.06.15-09.44.33:022][  0]LogMeshReduction: Using SimplygonMeshReduction for automatic skeletal mesh reduction
[2022.06.15-09.44.33:022][  0]LogMeshReduction: Using ProxyLODMeshReduction for automatic mesh merging
[2022.06.15-09.44.33:022][  0]LogMeshReduction: No distributed automatic mesh merging module available
[2022.06.15-09.44.33:022][  0]LogMeshMerging: No distributed automatic mesh merging module available
[2022.06.15-09.44.33:042][  0]LogNetVersion: DisOrder 1.0.0, NetCL: 17155196, EngineNetVer: 17, GameNetVer: 0 (Checksum: 1041810708)
[2022.06.15-09.44.33:432][  0]LogTexture: Default maximum texture size for cubemaps generated from long-lat sources has been changed from 512 to unlimited. In order to preserve old behaiour for '/Engine/MapTemplates/Sky/DaylightAmbientCubemap.DaylightAmbientCubemap', its maximum texture size has been explicitly set to 512.
[2022.06.15-09.44.33:485][  0]LogHMD: PokeAHoleMaterial loaded successfully
[2022.06.15-09.44.33:489][  0]LogUObjectArray: 17178 objects as part of root set at end of initial load.
[2022.06.15-09.44.33:489][  0]LogUObjectAllocator: 4302048 out of 0 bytes used by permanent object pool.
[2022.06.15-09.44.33:489][  0]LogUObjectArray: CloseDisregardForGC: 0/0 objects in disregard for GC pool
[2022.06.15-09.44.33:616][  0]LogFMOD: FFMODStudioModule startup
[2022.06.15-09.44.33:616][  0]LogFMOD: Lib path = '../../../Engine/Plugins/FMODStudio/Binaries'
[2022.06.15-09.44.33:616][  0]LogFMOD: FFMODStudioModule::LoadDll: Loading ../../../Engine/Plugins/FMODStudio/Binaries/Win64/fmodL.dll
[2022.06.15-09.44.33:618][  0]LogFMOD: FFMODStudioModule::LoadDll: Loading ../../../Engine/Plugins/FMODStudio/Binaries/Win64/fmodstudioL.dll
[2022.06.15-09.44.33:620][  0]LogFMOD: Error: Failed to load bank lookup
[2022.06.15-09.44.33:620][  0]LogFMOD: Error: Failed to load asset lookup
[2022.06.15-09.44.33:636][  0]LogFMOD: Default sample rate = 48000
[2022.06.15-09.44.33:636][  0]LogFMOD: System sample rate = 48000
[2022.06.15-09.44.33:636][  0]LogFMOD: Matching system sample rate 48000
[2022.06.15-09.44.33:667][  0]LogFMOD: Default sample rate = 48000
[2022.06.15-09.44.33:667][  0]LogFMOD: System sample rate = 48000
[2022.06.15-09.44.33:667][  0]LogFMOD: Matching system sample rate 48000
[2022.06.15-09.44.33:840][  0]LogPython: Using Python 3.7.7
[2022.06.15-09.44.34:366][  0]LogNiagaraDebuggerClient: Niagara Debugger Client Initialized | Session: 74FAD50B4E81280557D04EB1C91066B4 | Instance: B5EF689144EA3042A43371AE446BD2D8 (DESKTOP-8NR2FO5-23056).
[2022.06.15-09.44.34:532][  0]LogUdpMessaging: Initializing bridge on interface 0.0.0.0:0 to multicast group 230.0.0.1:6666.
[2022.06.15-09.44.34:539][  0]LogTcpMessaging: Initializing TcpMessaging bridge
[2022.06.15-09.44.34:778][  0]SourceControl: Source control is disabled
[2022.06.15-09.44.34:778][  0]SourceControl: Source control is disabled
[2022.06.15-09.44.34:782][  0]SourceControl: Source control is disabled
[2022.06.15-09.44.34:786][  0]SourceControl: Source control is disabled
[2022.06.15-09.44.34:794][  0]SourceControl: Source control is disabled
[2022.06.15-09.44.34:801][  0]LogUProjectInfo: Found projects:
[2022.06.15-09.44.34:962][  0]LogOpenImageDenoise: OIDN starting up
[2022.06.15-09.44.35:015][  0]LogAndroidPermission: UAndroidPermissionCallbackProxy::GetInstance
[2022.06.15-09.44.35:043][  0]LogAudioCaptureCore: Display: No Audio Capture implementations found. Audio input will be silent.
[2022.06.15-09.44.35:043][  0]LogAudioCaptureCore: Display: No Audio Capture implementations found. Audio input will be silent.
[2022.06.15-09.44.35:174][  0]LogCollectionManager: Loaded 0 collections in 0.000843 seconds
[2022.06.15-09.44.35:200][  0]LogFileCache: Scanning file cache for directory 'E:/Unreal Projects/Project--Dis-Order/DisOrder/Saved/Collections/' took 0.00s
[2022.06.15-09.44.35:200][  0]LogFileCache: Scanning file cache for directory 'E:/Unreal Projects/Project--Dis-Order/DisOrder/Content/Developers/monst/Collections/' took 0.00s
[2022.06.15-09.44.35:200][  0]LogFileCache: Scanning file cache for directory 'E:/Unreal Projects/Project--Dis-Order/DisOrder/Content/Collections/' took 0.00s
[2022.06.15-09.44.35:200][  0]LogOcInput: OculusInput pre-init called
[2022.06.15-09.44.35:483][  0]LogClass: Warning: ObjectProperty FFMODLocalizedBankTable::Banks is not initialized properly. Module:FMODStudio File:Private/FMODBankLookup.h
[2022.06.15-09.44.35:483][  0]LogClass: Display: BoolProperty FFMODProjectLocale::bDefault is not initialized properly. Module:FMODStudio File:Classes/FMODSettings.h
[2022.06.15-09.44.35:485][  0]LogClass: Display: 2 Uninitialized script struct members found including 1 object properties
[2022.06.15-09.44.35:486][  0]LogAutomationTest: Warning: ObjectProperty FFMODLocalizedBankTable::Banks is not initialized properly. Module:FMODStudio File:Private/FMODBankLookup.h
[2022.06.15-09.44.35:486][  0]LogEngine: Initializing Engine...
[2022.06.15-09.44.35:571][  0]LogHMD: Failed to initialize OpenVR with code 108
[2022.06.15-09.44.35:637][  0]LogHMD: Optional extension XR_VARJO_quad_views is not available
[2022.06.15-09.44.35:637][  0]LogHMD: Warning: Required extension XR_EXT_eye_gaze_interaction is not available
[2022.06.15-09.44.35:637][  0]LogHMD: Could not enable all required OpenXR extensions for OpenXREyeTracker on current system. This plugin will be loaded but ignored, but will be enabled on a target platform that supports the required extension.
[2022.06.15-09.44.36:139][  0]LogHMD: Failed to get an OpenXR system, result is XR_ERROR_FORM_FACTOR_UNAVAILABLE. Please check that your runtime supports VR headsets.
[2022.06.15-09.44.36:139][  0]LogMagicLeap: Warning: VR disabled because ZI is not enabled.  To enable, in the editor, Edit -> Project Settings -> Plugins -> Magic Leap Plugin -> Enable Zero Iteration
[2022.06.15-09.44.36:140][  0]LogStats: UGameplayTagsManager::InitializeManager -  0.000 s
[2022.06.15-09.44.36:269][  0]LogInit: Initializing FReadOnlyCVARCache
[2022.06.15-09.44.36:277][  0]LogAIModule: Creating AISystem for world Untitled
[2022.06.15-09.44.36:278][  0]LogAudio: Display: Initializing Audio Device Manager...
[2022.06.15-09.44.36:282][  0]LogAudio: Display: Loading Default Audio Settings Objects...
[2022.06.15-09.44.36:282][  0]LogAudio: Display: No default SoundConcurrencyObject specified (or failed to load).
[2022.06.15-09.44.36:283][  0]LogAudio: Display: Audio Device Manager Initialized
[2022.06.15-09.44.36:283][  0]LogAudio: Display: Creating Audio Device:                 Id: 1, Scope: Shared, Realtime: True
[2022.06.15-09.44.36:283][  0]LogAudioMixer: Display: Audio Mixer Platform Settings:
[2022.06.15-09.44.36:283][  0]LogAudioMixer: Display: 	Sample Rate:						  48000
[2022.06.15-09.44.36:283][  0]LogAudioMixer: Display: 	Callback Buffer Frame Size Requested: 1024
[2022.06.15-09.44.36:283][  0]LogAudioMixer: Display: 	Callback Buffer Frame Size To Use:	  1024
[2022.06.15-09.44.36:283][  0]LogAudioMixer: Display: 	Number of buffers to queue:			  2
[2022.06.15-09.44.36:283][  0]LogAudioMixer: Display: 	Max Channels (voices):				  32
[2022.06.15-09.44.36:283][  0]LogAudioMixer: Display: 	Number of Async Source Workers:		  0
[2022.06.15-09.44.36:283][  0]LogAudio: Display: AudioDevice MaxSources: 32
[2022.06.15-09.44.36:283][  0]LogAudio: Display: Audio Spatialization Plugin: None (built-in).
[2022.06.15-09.44.36:283][  0]LogAudio: Display: Audio Reverb Plugin: None (built-in).
[2022.06.15-09.44.36:283][  0]LogAudio: Display: Audio Occlusion Plugin: None (built-in).
[2022.06.15-09.44.36:283][  0]LogAudioMixer: Display: Initializing audio mixer.
[2022.06.15-09.44.36:296][  0]LogAudioMixer: Display: 0: FrontLeft
[2022.06.15-09.44.36:296][  0]LogAudioMixer: Display: 1: FrontRight
[2022.06.15-09.44.36:316][  0]LogAudioMixer: Display: Using Audio Device Speakers (Realtek(R) Audio)
[2022.06.15-09.44.36:316][  0]LogAudioMixer: Display: Initializing Sound Submixes...
[2022.06.15-09.44.36:319][  0]LogAudioMixer: Display: Creating Master Submix 'MasterSubmixDefault'
[2022.06.15-09.44.36:319][  0]LogAudioMixer: Display: Creating Master Submix 'MasterReverbSubmixDefault'
[2022.06.15-09.44.36:320][  0]LogAudioMixer: Display: Creating Master Submix 'MasterEQSubmixDefault'
[2022.06.15-09.44.36:320][  0]LogAudioMixer: FMixerPlatformXAudio2::StartAudioStream() called
[2022.06.15-09.44.36:320][  0]LogAudioMixer: Display: Output buffers initialized: Frames=1024, Channels=2, Samples=2048
[2022.06.15-09.44.36:321][  0]LogAudioMixer: Display: Starting AudioMixerPlatformInterface::RunInternal()
[2022.06.15-09.44.36:321][  0]LogAudioMixer: Display: FMixerPlatformXAudio2::SubmitBuffer() called for the first time
[2022.06.15-09.44.36:321][  0]LogInit: FAudioDevice initialized.
[2022.06.15-09.44.36:321][  0]LogAudio: Display: Audio Device (ID: 1) registered with world 'Untitled'.
[2022.06.15-09.44.36:322][  0]LogNetVersion: Set ProjectVersion to 1.0.0.0. Version Checksum will be recalculated on next use.
[2022.06.15-09.44.36:376][  0]LogDerivedDataCache: Saved boot cache 0.05s 94MB C:/Users/monst/AppData/Local/UnrealEngine/4.27/DerivedDataCache/Boot.ddc.
[2022.06.15-09.44.36:379][  0]LogInit: Texture streaming: Enabled
[2022.06.15-09.44.36:391][  0]LogAnalytics: Display: [UEEditor.Rocket.Release] APIServer = https://datarouter.ol.epicgames.com/. AppVersion = 4.27.2-18319896+++UE4+Release-4.27
[2022.06.15-09.44.36:397][  0]LogEngineSessionManager: EngineSessionManager initialized
[2022.06.15-09.44.36:397][  0]LogEditorSessionSummary: Verbose: Initializing EditorSessionSummaryWriter for editor session tracking
[2022.06.15-09.44.36:404][  0]LogEditorSessionSummary: EditorSessionSummaryWriter initialized
[2022.06.15-09.44.36:463][  0]LogInit: Transaction tracking system initialized
[2022.06.15-09.44.36:487][  0]BlueprintLog: New page: Editor Load
[2022.06.15-09.44.36:557][  0]LocalizationService: Localization service is disabled
[2022.06.15-09.44.36:587][  0]TimingProfiler: Initialize
[2022.06.15-09.44.36:587][  0]TimingProfiler: OnSessionChanged
[2022.06.15-09.44.36:587][  0]LoadingProfiler: Initialize
[2022.06.15-09.44.36:587][  0]LoadingProfiler: OnSessionChanged
[2022.06.15-09.44.36:587][  0]NetworkingProfiler: Initialize
[2022.06.15-09.44.36:587][  0]NetworkingProfiler: OnSessionChanged
[2022.06.15-09.44.36:587][  0]MemoryProfiler: Initialize
[2022.06.15-09.44.36:587][  0]MemoryProfiler: OnSessionChanged
[2022.06.15-09.44.36:777][  0]LogCook: Display: CookSettings for Memory: MemoryMaxUsedVirtual 0MiB, MemoryMaxUsedPhysical 16384MiB, MemoryMinFreeVirtual 0MiB, MemoryMinFreePhysical 1024MiB
[2022.06.15-09.44.36:777][  0]LogCook: Display: Mobile HDR setting 1
[2022.06.15-09.44.36:819][  0]LogFileCache: Scanning file cache for directory 'E:/Unreal Projects/Project--Dis-Order/DisOrder/Content/' took 0.01s
[2022.06.15-09.44.36:819][  0]LogFMOD: FFMODStudioEditorModule startup
[2022.06.15-09.44.37:214][  0]LogInit: Display: Engine is initialized. Leaving FEngineLoop::Init()
[2022.06.15-09.44.37:221][  0]SourceControl: Source control is disabled
[2022.06.15-09.44.37:221][  0]LogUnrealEdMisc: Loading editor; pre map load, took 8.887
[2022.06.15-09.44.37:221][  0]Cmd: MAP LOAD FILE="../../../../../Unreal Projects/Project--Dis-Order/DisOrder/Content/TopDownBP/Maps/TopDownExampleMap.umap" TEMPLATE=0 SHOWPROGRESS=1 FEATURELEVEL=3
[2022.06.15-09.44.37:222][  0]LightingResults: New page: Lighting Build
[2022.06.15-09.44.37:223][  0]LogWorld: UWorld::CleanupWorld for Untitled, bSessionEnded=true, bCleanupResources=true
[2022.06.15-09.44.37:223][  0]LogSlate: InvalidateAllWidgets triggered.  All widgets were invalidated
[2022.06.15-09.44.37:223][  0]MapCheck: New page: Map Check
[2022.06.15-09.44.37:223][  0]LightingResults: New page: Lighting Build
[2022.06.15-09.44.37:228][  0]LogAudio: Display: Audio Device unregistered from world 'None'.
[2022.06.15-09.44.37:230][  0]LogUObjectHash: Compacting FUObjectHashTables data took   0.68ms
[2022.06.15-09.44.37:429][  0]LogTexture: Display: Building textures: DeprecatedTextureFA79271141B0C16E0AB806B8FE9AB1E1 (BGRA8, 128X128)
[2022.06.15-09.44.37:509][  0]LogAudio: Display: Audio Device (ID: 1) registered with world 'TopDownExampleMap'.
[2022.06.15-09.44.37:509][  0]LogAIModule: Creating AISystem for world TopDownExampleMap
[2022.06.15-09.44.37:515][  0]LogEditorServer: Finished looking for orphan Actors (0.000 secs)
[2022.06.15-09.44.37:516][  0]LogNavigationDataBuild: Display:    Building NavData:  Name Default class /Script/NavigationSystem.RecastNavMesh agent radius 35.0.
[2022.06.15-09.44.37:523][  0]LogUObjectHash: Compacting FUObjectHashTables data took   0.77ms
[2022.06.15-09.44.37:524][  0]Cmd: MAP CHECKDEP NOCLEARLOG
[2022.06.15-09.44.37:525][  0]MapCheck: Map check complete: 0 Error(s), 0 Warning(s), took 0.19ms to complete.
[2022.06.15-09.44.37:525][  0]LogFileHelpers: Loading map 'TopDownExampleMap' took 0.304
[2022.06.15-09.44.37:527][  0]LogUnrealEdMisc: Total Editor Startup Time, took 9.193
[2022.06.15-09.44.37:642][  0]LogSlate: Updating window title bar state: overlay mode, drag disabled, window buttons hidden, title bar hidden
[2022.06.15-09.44.37:648][  0]LogSlate: Updating window title bar state: overlay mode, drag disabled, window buttons hidden, title bar hidden
[2022.06.15-09.44.37:653][  0]LogSlate: Updating window title bar state: overlay mode, drag disabled, window buttons hidden, title bar hidden
[2022.06.15-09.44.37:659][  0]LogSlate: Updating window title bar state: overlay mode, drag disabled, window buttons hidden, title bar hidden
[2022.06.15-09.44.37:675][  0]LogNativeClassHierarchy: Verbose: Native class hierarchy populated in 0.0085 seconds. Added 3840 classes and 935 folders.
[2022.06.15-09.44.37:679][  0]LogNativeClassHierarchy: Verbose: Native class hierarchy updated for 'WidgetCarousel' in 0.0002 seconds. Added 0 classes and 0 folders.
[2022.06.15-09.44.37:681][  0]LogPakFile: PakFile PrimaryIndexSize=187
[2022.06.15-09.44.37:681][  0]LogPakFile: PakFile PathHashIndexSize=101
[2022.06.15-09.44.37:681][  0]LogPakFile: PakFile FullDirectoryIndexSize=148
[2022.06.15-09.44.37:681][  0]LogShaderLibrary: Display: ShaderCodeLibraryPakFileMountedCallback: PakFile 'E:/Epic Games/UE_4.27/FeaturePacks/FP_FirstPerson.upack' (chunk index -1, root 'root:/') mounted
[2022.06.15-09.44.37:681][  0]LogShaderLibrary: Display: ShaderCodeLibraryPakFileMountedCallback: pending pak file info (ChunkID:-1 Root:root:/ File:E:/Epic Games/UE_4.27/FeaturePacks/FP_FirstPerson.upack)
[2022.06.15-09.44.37:681][  0]LogPakFile: OnPakFileMounted2Time == 0.000053
[2022.06.15-09.44.37:682][  0]LogPakFile: PakFile PrimaryIndexSize=189
[2022.06.15-09.44.37:682][  0]LogPakFile: PakFile PathHashIndexSize=101
[2022.06.15-09.44.37:682][  0]LogPakFile: PakFile FullDirectoryIndexSize=152
[2022.06.15-09.44.37:682][  0]LogShaderLibrary: Display: ShaderCodeLibraryPakFileMountedCallback: PakFile 'E:/Epic Games/UE_4.27/FeaturePacks/FP_FirstPersonBP.upack' (chunk index -1, root 'root:/') mounted
[2022.06.15-09.44.37:682][  0]LogShaderLibrary: Display: ShaderCodeLibraryPakFileMountedCallback: pending pak file info (ChunkID:-1 Root:root:/ File:E:/Epic Games/UE_4.27/FeaturePacks/FP_FirstPersonBP.upack)
[2022.06.15-09.44.37:682][  0]LogPakFile: OnPakFileMounted2Time == 0.000039
[2022.06.15-09.44.37:684][  0]LogPakFile: PakFile PrimaryIndexSize=191
[2022.06.15-09.44.37:684][  0]LogPakFile: PakFile PathHashIndexSize=101
[2022.06.15-09.44.37:684][  0]LogPakFile: PakFile FullDirectoryIndexSize=160
[2022.06.15-09.44.37:684][  0]LogShaderLibrary: Display: ShaderCodeLibraryPakFileMountedCallback: PakFile 'E:/Epic Games/UE_4.27/FeaturePacks/MobileStarterContent.upack' (chunk index -1, root 'root:/') mounted
[2022.06.15-09.44.37:684][  0]LogShaderLibrary: Display: ShaderCodeLibraryPakFileMountedCallback: pending pak file info (ChunkID:-1 Root:root:/ File:E:/Epic Games/UE_4.27/FeaturePacks/MobileStarterContent.upack)
[2022.06.15-09.44.37:684][  0]LogPakFile: OnPakFileMounted2Time == 0.000065
[2022.06.15-09.44.37:685][  0]LogPakFile: PakFile PrimaryIndexSize=185
[2022.06.15-09.44.37:685][  0]LogPakFile: PakFile PathHashIndexSize=101
[2022.06.15-09.44.37:685][  0]LogPakFile: PakFile FullDirectoryIndexSize=148
[2022.06.15-09.44.37:685][  0]LogShaderLibrary: Display: ShaderCodeLibraryPakFileMountedCallback: PakFile 'E:/Epic Games/UE_4.27/FeaturePacks/StarterContent.upack' (chunk index -1, root 'root:/') mounted
[2022.06.15-09.44.37:685][  0]LogShaderLibrary: Display: ShaderCodeLibraryPakFileMountedCallback: pending pak file info (ChunkID:-1 Root:root:/ File:E:/Epic Games/UE_4.27/FeaturePacks/StarterContent.upack)
[2022.06.15-09.44.37:685][  0]LogPakFile: OnPakFileMounted2Time == 0.000043
[2022.06.15-09.44.37:686][  0]LogPakFile: PakFile PrimaryIndexSize=190
[2022.06.15-09.44.37:686][  0]LogPakFile: PakFile PathHashIndexSize=101
[2022.06.15-09.44.37:686][  0]LogPakFile: PakFile FullDirectoryIndexSize=154
[2022.06.15-09.44.37:686][  0]LogShaderLibrary: Display: ShaderCodeLibraryPakFileMountedCallback: PakFile 'E:/Epic Games/UE_4.27/FeaturePacks/TP_2DSideScroller.upack' (chunk index -1, root 'root:/') mounted
[2022.06.15-09.44.37:686][  0]LogShaderLibrary: Display: ShaderCodeLibraryPakFileMountedCallback: pending pak file info (ChunkID:-1 Root:root:/ File:E:/Epic Games/UE_4.27/FeaturePacks/TP_2DSideScroller.upack)
[2022.06.15-09.44.37:686][  0]LogPakFile: OnPakFileMounted2Time == 0.000038
[2022.06.15-09.44.37:687][  0]LogPakFile: PakFile PrimaryIndexSize=192
[2022.06.15-09.44.37:687][  0]LogPakFile: PakFile PathHashIndexSize=101
[2022.06.15-09.44.37:687][  0]LogPakFile: PakFile FullDirectoryIndexSize=158
[2022.06.15-09.44.37:687][  0]LogShaderLibrary: Display: ShaderCodeLibraryPakFileMountedCallback: PakFile 'E:/Epic Games/UE_4.27/FeaturePacks/TP_2DSideScrollerBP.upack' (chunk index -1, root 'root:/') mounted
[2022.06.15-09.44.37:687][  0]LogShaderLibrary: Display: ShaderCodeLibraryPakFileMountedCallback: pending pak file info (ChunkID:-1 Root:root:/ File:E:/Epic Games/UE_4.27/FeaturePacks/TP_2DSideScrollerBP.upack)
[2022.06.15-09.44.37:687][  0]LogPakFile: OnPakFileMounted2Time == 0.000037
[2022.06.15-09.44.37:688][  0]LogPakFile: PakFile PrimaryIndexSize=182
[2022.06.15-09.44.37:688][  0]LogPakFile: PakFile PathHashIndexSize=101
[2022.06.15-09.44.37:688][  0]LogPakFile: PakFile FullDirectoryIndexSize=138
[2022.06.15-09.44.37:688][  0]LogShaderLibrary: Display: ShaderCodeLibraryPakFileMountedCallback: PakFile 'E:/Epic Games/UE_4.27/FeaturePacks/TP_Flying.upack' (chunk index -1, root 'root:/') mounted
[2022.06.15-09.44.37:688][  0]LogShaderLibrary: Display: ShaderCodeLibraryPakFileMountedCallback: pending pak file info (ChunkID:-1 Root:root:/ File:E:/Epic Games/UE_4.27/FeaturePacks/TP_Flying.upack)
[2022.06.15-09.44.37:688][  0]LogPakFile: OnPakFileMounted2Time == 0.000040
[2022.06.15-09.44.37:689][  0]LogPakFile: PakFile PrimaryIndexSize=184
[2022.06.15-09.44.37:689][  0]LogPakFile: PakFile PathHashIndexSize=101
[2022.06.15-09.44.37:689][  0]LogPakFile: PakFile FullDirectoryIndexSize=142
[2022.06.15-09.44.37:689][  0]LogShaderLibrary: Display: ShaderCodeLibraryPakFileMountedCallback: PakFile 'E:/Epic Games/UE_4.27/FeaturePacks/TP_FlyingBP.upack' (chunk index -1, root 'root:/') mounted
[2022.06.15-09.44.37:689][  0]LogShaderLibrary: Display: ShaderCodeLibraryPakFileMountedCallback: pending pak file info (ChunkID:-1 Root:root:/ File:E:/Epic Games/UE_4.27/FeaturePacks/TP_FlyingBP.upack)
[2022.06.15-09.44.37:689][  0]LogPakFile: OnPakFileMounted2Time == 0.000038
[2022.06.15-09.44.37:690][  0]LogPakFile: PakFile PrimaryIndexSize=188
[2022.06.15-09.44.37:690][  0]LogPakFile: PakFile PathHashIndexSize=101
[2022.06.15-09.44.37:690][  0]LogPakFile: PakFile FullDirectoryIndexSize=150
[2022.06.15-09.44.37:690][  0]LogShaderLibrary: Display: ShaderCodeLibraryPakFileMountedCallback: PakFile 'E:/Epic Games/UE_4.27/FeaturePacks/TP_HandheldARBP.upack' (chunk index -1, root 'root:/') mounted
[2022.06.15-09.44.37:690][  0]LogShaderLibrary: Display: ShaderCodeLibraryPakFileMountedCallback: pending pak file info (ChunkID:-1 Root:root:/ File:E:/Epic Games/UE_4.27/FeaturePacks/TP_HandheldARBP.upack)
[2022.06.15-09.44.37:690][  0]LogPakFile: OnPakFileMounted2Time == 0.000037
[2022.06.15-09.44.37:691][  0]LogPakFile: PakFile PrimaryIndexSize=182
[2022.06.15-09.44.37:691][  0]LogPakFile: PakFile PathHashIndexSize=101
[2022.06.15-09.44.37:691][  0]LogPakFile: PakFile FullDirectoryIndexSize=138
[2022.06.15-09.44.37:691][  0]LogShaderLibrary: Display: ShaderCodeLibraryPakFileMountedCallback: PakFile 'E:/Epic Games/UE_4.27/FeaturePacks/TP_Puzzle.upack' (chunk index -1, root 'root:/') mounted
[2022.06.15-09.44.37:691][  0]LogShaderLibrary: Display: ShaderCodeLibraryPakFileMountedCallback: pending pak file info (ChunkID:-1 Root:root:/ File:E:/Epic Games/UE_4.27/FeaturePacks/TP_Puzzle.upack)
[2022.06.15-09.44.37:691][  0]LogPakFile: OnPakFileMounted2Time == 0.000036
[2022.06.15-09.44.37:693][  0]LogPakFile: PakFile PrimaryIndexSize=184
[2022.06.15-09.44.37:693][  0]LogPakFile: PakFile PathHashIndexSize=101
[2022.06.15-09.44.37:693][  0]LogPakFile: PakFile FullDirectoryIndexSize=142
[2022.06.15-09.44.37:693][  0]LogShaderLibrary: Display: ShaderCodeLibraryPakFileMountedCallback: PakFile 'E:/Epic Games/UE_4.27/FeaturePacks/TP_PuzzleBP.upack' (chunk index -1, root 'root:/') mounted
[2022.06.15-09.44.37:693][  0]LogShaderLibrary: Display: ShaderCodeLibraryPakFileMountedCallback: pending pak file info (ChunkID:-1 Root:root:/ File:E:/Epic Games/UE_4.27/FeaturePacks/TP_PuzzleBP.upack)
[2022.06.15-09.44.37:693][  0]LogPakFile: OnPakFileMounted2Time == 0.000050
[2022.06.15-09.44.37:694][  0]LogPakFile: PakFile PrimaryIndexSize=183
[2022.06.15-09.44.37:694][  0]LogPakFile: PakFile PathHashIndexSize=101
[2022.06.15-09.44.37:694][  0]LogPakFile: PakFile FullDirectoryIndexSize=140
[2022.06.15-09.44.37:694][  0]LogShaderLibrary: Display: ShaderCodeLibraryPakFileMountedCallback: PakFile 'E:/Epic Games/UE_4.27/FeaturePacks/TP_Rolling.upack' (chunk index -1, root 'root:/') mounted
[2022.06.15-09.44.37:694][  0]LogShaderLibrary: Display: ShaderCodeLibraryPakFileMountedCallback: pending pak file info (ChunkID:-1 Root:root:/ File:E:/Epic Games/UE_4.27/FeaturePacks/TP_Rolling.upack)
[2022.06.15-09.44.37:694][  0]LogPakFile: OnPakFileMounted2Time == 0.000038
[2022.06.15-09.44.37:695][  0]LogPakFile: PakFile PrimaryIndexSize=185
[2022.06.15-09.44.37:695][  0]LogPakFile: PakFile PathHashIndexSize=101
[2022.06.15-09.44.37:695][  0]LogPakFile: PakFile FullDirectoryIndexSize=144
[2022.06.15-09.44.37:695][  0]LogShaderLibrary: Display: ShaderCodeLibraryPakFileMountedCallback: PakFile 'E:/Epic Games/UE_4.27/FeaturePacks/TP_RollingBP.upack' (chunk index -1, root 'root:/') mounted
[2022.06.15-09.44.37:695][  0]LogShaderLibrary: Display: ShaderCodeLibraryPakFileMountedCallback: pending pak file info (ChunkID:-1 Root:root:/ File:E:/Epic Games/UE_4.27/FeaturePacks/TP_RollingBP.upack)
[2022.06.15-09.44.37:695][  0]LogPakFile: OnPakFileMounted2Time == 0.000036
[2022.06.15-09.44.37:696][  0]LogPakFile: PakFile PrimaryIndexSize=188
[2022.06.15-09.44.37:696][  0]LogPakFile: PakFile PathHashIndexSize=101
[2022.06.15-09.44.37:696][  0]LogPakFile: PakFile FullDirectoryIndexSize=150
[2022.06.15-09.44.37:696][  0]LogShaderLibrary: Display: ShaderCodeLibraryPakFileMountedCallback: PakFile 'E:/Epic Games/UE_4.27/FeaturePacks/TP_SideScroller.upack' (chunk index -1, root 'root:/') mounted
[2022.06.15-09.44.37:696][  0]LogShaderLibrary: Display: ShaderCodeLibraryPakFileMountedCallback: pending pak file info (ChunkID:-1 Root:root:/ File:E:/Epic Games/UE_4.27/FeaturePacks/TP_SideScroller.upack)
[2022.06.15-09.44.37:696][  0]LogPakFile: OnPakFileMounted2Time == 0.000037
[2022.06.15-09.44.37:697][  0]LogPakFile: PakFile PrimaryIndexSize=190
[2022.06.15-09.44.37:697][  0]LogPakFile: PakFile PathHashIndexSize=101
[2022.06.15-09.44.37:697][  0]LogPakFile: PakFile FullDirectoryIndexSize=154
[2022.06.15-09.44.37:697][  0]LogShaderLibrary: Display: ShaderCodeLibraryPakFileMountedCallback: PakFile 'E:/Epic Games/UE_4.27/FeaturePacks/TP_SideScrollerBP.upack' (chunk index -1, root 'root:/') mounted
[2022.06.15-09.44.37:697][  0]LogShaderLibrary: Display: ShaderCodeLibraryPakFileMountedCallback: pending pak file info (ChunkID:-1 Root:root:/ File:E:/Epic Games/UE_4.27/FeaturePacks/TP_SideScrollerBP.upack)
[2022.06.15-09.44.37:697][  0]LogPakFile: OnPakFileMounted2Time == 0.000043
[2022.06.15-09.44.37:698][  0]LogPakFile: PakFile PrimaryIndexSize=187
[2022.06.15-09.44.37:698][  0]LogPakFile: PakFile PathHashIndexSize=101
[2022.06.15-09.44.37:698][  0]LogPakFile: PakFile FullDirectoryIndexSize=148
[2022.06.15-09.44.37:698][  0]LogShaderLibrary: Display: ShaderCodeLibraryPakFileMountedCallback: PakFile 'E:/Epic Games/UE_4.27/FeaturePacks/TP_ThirdPerson.upack' (chunk index -1, root 'root:/') mounted
[2022.06.15-09.44.37:698][  0]LogShaderLibrary: Display: ShaderCodeLibraryPakFileMountedCallback: pending pak file info (ChunkID:-1 Root:root:/ File:E:/Epic Games/UE_4.27/FeaturePacks/TP_ThirdPerson.upack)
[2022.06.15-09.44.37:698][  0]LogPakFile: OnPakFileMounted2Time == 0.000041
[2022.06.15-09.44.37:699][  0]LogPakFile: PakFile PrimaryIndexSize=189
[2022.06.15-09.44.37:699][  0]LogPakFile: PakFile PathHashIndexSize=101
[2022.06.15-09.44.37:699][  0]LogPakFile: PakFile FullDirectoryIndexSize=152
[2022.06.15-09.44.37:699][  0]LogShaderLibrary: Display: ShaderCodeLibraryPakFileMountedCallback: PakFile 'E:/Epic Games/UE_4.27/FeaturePacks/TP_ThirdPersonBP.upack' (chunk index -1, root 'root:/') mounted
[2022.06.15-09.44.37:699][  0]LogShaderLibrary: Display: ShaderCodeLibraryPakFileMountedCallback: pending pak file info (ChunkID:-1 Root:root:/ File:E:/Epic Games/UE_4.27/FeaturePacks/TP_ThirdPersonBP.upack)
[2022.06.15-09.44.37:699][  0]LogPakFile: OnPakFileMounted2Time == 0.000037
[2022.06.15-09.44.37:700][  0]LogPakFile: PakFile PrimaryIndexSize=183
[2022.06.15-09.44.37:700][  0]LogPakFile: PakFile PathHashIndexSize=101
[2022.06.15-09.44.37:700][  0]LogPakFile: PakFile FullDirectoryIndexSize=140
[2022.06.15-09.44.37:700][  0]LogShaderLibrary: Display: ShaderCodeLibraryPakFileMountedCallback: PakFile 'E:/Epic Games/UE_4.27/FeaturePacks/TP_TopDown.upack' (chunk index -1, root 'root:/') mounted
[2022.06.15-09.44.37:700][  0]LogShaderLibrary: Display: ShaderCodeLibraryPakFileMountedCallback: pending pak file info (ChunkID:-1 Root:root:/ File:E:/Epic Games/UE_4.27/FeaturePacks/TP_TopDown.upack)
[2022.06.15-09.44.37:700][  0]LogPakFile: OnPakFileMounted2Time == 0.000043
[2022.06.15-09.44.37:701][  0]LogPakFile: PakFile PrimaryIndexSize=185
[2022.06.15-09.44.37:701][  0]LogPakFile: PakFile PathHashIndexSize=101
[2022.06.15-09.44.37:701][  0]LogPakFile: PakFile FullDirectoryIndexSize=144
[2022.06.15-09.44.37:701][  0]LogShaderLibrary: Display: ShaderCodeLibraryPakFileMountedCallback: PakFile 'E:/Epic Games/UE_4.27/FeaturePacks/TP_TopDownBP.upack' (chunk index -1, root 'root:/') mounted
[2022.06.15-09.44.37:701][  0]LogShaderLibrary: Display: ShaderCodeLibraryPakFileMountedCallback: pending pak file info (ChunkID:-1 Root:root:/ File:E:/Epic Games/UE_4.27/FeaturePacks/TP_TopDownBP.upack)
[2022.06.15-09.44.37:701][  0]LogPakFile: OnPakFileMounted2Time == 0.000039
[2022.06.15-09.44.37:702][  0]LogPakFile: PakFile PrimaryIndexSize=185
[2022.06.15-09.44.37:702][  0]LogPakFile: PakFile PathHashIndexSize=101
[2022.06.15-09.44.37:702][  0]LogPakFile: PakFile FullDirectoryIndexSize=144
[2022.06.15-09.44.37:702][  0]LogShaderLibrary: Display: ShaderCodeLibraryPakFileMountedCallback: PakFile 'E:/Epic Games/UE_4.27/FeaturePacks/TP_TwinStick.upack' (chunk index -1, root 'root:/') mounted
[2022.06.15-09.44.37:702][  0]LogShaderLibrary: Display: ShaderCodeLibraryPakFileMountedCallback: pending pak file info (ChunkID:-1 Root:root:/ File:E:/Epic Games/UE_4.27/FeaturePacks/TP_TwinStick.upack)
[2022.06.15-09.44.37:702][  0]LogPakFile: OnPakFileMounted2Time == 0.000040
[2022.06.15-09.44.37:703][  0]LogPakFile: PakFile PrimaryIndexSize=187
[2022.06.15-09.44.37:703][  0]LogPakFile: PakFile PathHashIndexSize=101
[2022.06.15-09.44.37:703][  0]LogPakFile: PakFile FullDirectoryIndexSize=148
[2022.06.15-09.44.37:703][  0]LogShaderLibrary: Display: ShaderCodeLibraryPakFileMountedCallback: PakFile 'E:/Epic Games/UE_4.27/FeaturePacks/TP_TwinStickBP.upack' (chunk index -1, root 'root:/') mounted
[2022.06.15-09.44.37:703][  0]LogShaderLibrary: Display: ShaderCodeLibraryPakFileMountedCallback: pending pak file info (ChunkID:-1 Root:root:/ File:E:/Epic Games/UE_4.27/FeaturePacks/TP_TwinStickBP.upack)
[2022.06.15-09.44.37:703][  0]LogPakFile: OnPakFileMounted2Time == 0.000035
[2022.06.15-09.44.37:704][  0]LogPakFile: PakFile PrimaryIndexSize=183
[2022.06.15-09.44.37:704][  0]LogPakFile: PakFile PathHashIndexSize=101
[2022.06.15-09.44.37:704][  0]LogPakFile: PakFile FullDirectoryIndexSize=140
[2022.06.15-09.44.37:704][  0]LogShaderLibrary: Display: ShaderCodeLibraryPakFileMountedCallback: PakFile 'E:/Epic Games/UE_4.27/FeaturePacks/TP_Vehicle.upack' (chunk index -1, root 'root:/') mounted
[2022.06.15-09.44.37:704][  0]LogShaderLibrary: Display: ShaderCodeLibraryPakFileMountedCallback: pending pak file info (ChunkID:-1 Root:root:/ File:E:/Epic Games/UE_4.27/FeaturePacks/TP_Vehicle.upack)
[2022.06.15-09.44.37:704][  0]LogPakFile: OnPakFileMounted2Time == 0.000045
[2022.06.15-09.44.37:705][  0]LogPakFile: PakFile PrimaryIndexSize=186
[2022.06.15-09.44.37:705][  0]LogPakFile: PakFile PathHashIndexSize=101
[2022.06.15-09.44.37:705][  0]LogPakFile: PakFile FullDirectoryIndexSize=146
[2022.06.15-09.44.37:705][  0]LogShaderLibrary: Display: ShaderCodeLibraryPakFileMountedCallback: PakFile 'E:/Epic Games/UE_4.27/FeaturePacks/TP_VehicleAdv.upack' (chunk index -1, root 'root:/') mounted
[2022.06.15-09.44.37:705][  0]LogShaderLibrary: Display: ShaderCodeLibraryPakFileMountedCallback: pending pak file info (ChunkID:-1 Root:root:/ File:E:/Epic Games/UE_4.27/FeaturePacks/TP_VehicleAdv.upack)
[2022.06.15-09.44.37:705][  0]LogPakFile: OnPakFileMounted2Time == 0.000041
[2022.06.15-09.44.37:706][  0]LogPakFile: PakFile PrimaryIndexSize=188
[2022.06.15-09.44.37:706][  0]LogPakFile: PakFile PathHashIndexSize=101
[2022.06.15-09.44.37:706][  0]LogPakFile: PakFile FullDirectoryIndexSize=150
[2022.06.15-09.44.37:706][  0]LogShaderLibrary: Display: ShaderCodeLibraryPakFileMountedCallback: PakFile 'E:/Epic Games/UE_4.27/FeaturePacks/TP_VehicleAdvBP.upack' (chunk index -1, root 'root:/') mounted
[2022.06.15-09.44.37:706][  0]LogShaderLibrary: Display: ShaderCodeLibraryPakFileMountedCallback: pending pak file info (ChunkID:-1 Root:root:/ File:E:/Epic Games/UE_4.27/FeaturePacks/TP_VehicleAdvBP.upack)
[2022.06.15-09.44.37:706][  0]LogPakFile: OnPakFileMounted2Time == 0.000039
[2022.06.15-09.44.37:707][  0]LogPakFile: PakFile PrimaryIndexSize=185
[2022.06.15-09.44.37:707][  0]LogPakFile: PakFile PathHashIndexSize=101
[2022.06.15-09.44.37:707][  0]LogPakFile: PakFile FullDirectoryIndexSize=144
[2022.06.15-09.44.37:707][  0]LogShaderLibrary: Display: ShaderCodeLibraryPakFileMountedCallback: PakFile 'E:/Epic Games/UE_4.27/FeaturePacks/TP_VehicleBP.upack' (chunk index -1, root 'root:/') mounted
[2022.06.15-09.44.37:707][  0]LogShaderLibrary: Display: ShaderCodeLibraryPakFileMountedCallback: pending pak file info (ChunkID:-1 Root:root:/ File:E:/Epic Games/UE_4.27/FeaturePacks/TP_VehicleBP.upack)
[2022.06.15-09.44.37:707][  0]LogPakFile: OnPakFileMounted2Time == 0.000037
[2022.06.15-09.44.37:708][  0]LogPakFile: PakFile PrimaryIndexSize=192
[2022.06.15-09.44.37:708][  0]LogPakFile: PakFile PathHashIndexSize=101
[2022.06.15-09.44.37:708][  0]LogPakFile: PakFile FullDirectoryIndexSize=158
[2022.06.15-09.44.37:708][  0]LogShaderLibrary: Display: ShaderCodeLibraryPakFileMountedCallback: PakFile 'E:/Epic Games/UE_4.27/FeaturePacks/TP_VirtualRealityBP.upack' (chunk index -1, root 'root:/') mounted
[2022.06.15-09.44.37:708][  0]LogShaderLibrary: Display: ShaderCodeLibraryPakFileMountedCallback: pending pak file info (ChunkID:-1 Root:root:/ File:E:/Epic Games/UE_4.27/FeaturePacks/TP_VirtualRealityBP.upack)
[2022.06.15-09.44.37:708][  0]LogPakFile: OnPakFileMounted2Time == 0.000039
[2022.06.15-09.44.37:790][  0]LogNativeClassHierarchy: Verbose: Native class hierarchy updated for 'AddContentDialog' in 0.0002 seconds. Added 0 classes and 0 folders.
[2022.06.15-09.44.37:791][  0]LogNativeClassHierarchy: Verbose: Native class hierarchy updated for 'SceneOutliner' in 0.0002 seconds. Added 2 classes and 0 folders.
[2022.06.15-09.44.37:877][  0]LogSlate: Took 0.000266 seconds to synchronously load lazily loaded font '../../../Engine/Content/Slate/Fonts/Roboto-Regular.ttf' (155K)
[2022.06.15-09.44.37:877][  0]LogSlate: Took 0.000198 seconds to synchronously load lazily loaded font '../../../Engine/Content/Editor/Slate/Fonts/FontAwesome.ttf' (139K)
[2022.06.15-09.44.37:878][  0]LogSlate: Took 0.000191 seconds to synchronously load lazily loaded font '../../../Engine/Content/Slate/Fonts/Roboto-Bold.ttf' (160K)
[2022.06.15-09.44.37:969][  0]LogRenderer: Reallocating scene render targets to support 1616x760 Format 10 NumSamples 1 (Frame:1).
[2022.06.15-09.44.38:503][  0]LogNativeClassHierarchy: Verbose: Native class hierarchy updated for 'HierarchicalLODOutliner' in 0.0002 seconds. Added 0 classes and 0 folders.
[2022.06.15-09.44.38:504][  0]LogInput: Warning: Action SetDestination uses invalid key OculusGo_Left_Trigger_Click.
[2022.06.15-09.44.38:504][  0]LogInput: Warning: Action ResetVR uses invalid key OculusGo_Left_Back_Click.
[2022.06.15-09.44.38:504][  0]LogInput: Warning: Use -RemoveInvalidKeys to remove instances of these keys from the action mapping.
[2022.06.15-09.44.38:504][  0]LogLoad: (Engine Initialization) Total time: 10.17 seconds
[2022.06.15-09.44.38:504][  0]LogLoad: (Engine Initialization) Total Blueprint compile time: 0.00 seconds
[2022.06.15-09.44.38:560][  0]LogAssetRegistry: Asset discovery search completed in 5.8830 seconds
[2022.06.15-09.44.38:664][  0]LogFMOD: Display: Loaded bank lookup
[2022.06.15-09.44.38:665][  0]LogFMOD: Error: Failed to load asset lookup
[2022.06.15-09.44.38:674][  0]LogFMOD: Default sample rate = 48000
[2022.06.15-09.44.38:674][  0]LogFMOD: System sample rate = 48000
[2022.06.15-09.44.38:674][  0]LogFMOD: Matching system sample rate 48000
[2022.06.15-09.44.38:717][  0]LogFMOD: Warning: Master bank (Master.bank) not found.
[2022.06.15-09.44.38:862][  0]LogFMOD: Default sample rate = 48000
[2022.06.15-09.44.38:862][  0]LogFMOD: System sample rate = 48000
[2022.06.15-09.44.38:862][  0]LogFMOD: Matching system sample rate 48000
[2022.06.15-09.44.38:877][  0]LogFMOD: Warning: Master bank (Master.bank) not found.
[2022.06.15-09.44.38:913][  0]LogFMOD: Warning: Problem loading FMOD Bank: Could not find master bank (Master.bank). Check project settings.
[2022.06.15-09.44.38:916][  0]LogFMOD: Display: Loaded bank lookup
[2022.06.15-09.44.38:916][  0]LogFMOD: Error: Failed to load asset lookup
[2022.06.15-09.44.38:918][  0]LogCollectionManager: Fixed up redirectors for 0 collections in 0.000004 seconds (updated 0 objects)
[2022.06.15-09.44.38:918][  0]LogContentStreaming: Texture pool size now 1000 MB
[2022.06.15-09.44.38:943][  0]LogSlate: Took 0.000265 seconds to synchronously load lazily loaded font '../../../Engine/Content/Slate/Fonts/Roboto-Light.ttf' (167K)
